[2025-11-25T00:21:26.102+0000] {local_task_job_runner.py:123} INFO - ::group::Pre task execution logs
[2025-11-25T00:21:26.132+0000] {taskinstance.py:2612} INFO - Dependencies all met for dep_context=non-requeueable deps ti=<TaskInstance: stock_elt_dbt.dbt_run manual__2025-11-25T00:21:16.960945+00:00 [queued]>
[2025-11-25T00:21:26.147+0000] {taskinstance.py:2612} INFO - Dependencies all met for dep_context=requeueable deps ti=<TaskInstance: stock_elt_dbt.dbt_run manual__2025-11-25T00:21:16.960945+00:00 [queued]>
[2025-11-25T00:21:26.148+0000] {taskinstance.py:2865} INFO - Starting attempt 1 of 1
[2025-11-25T00:21:26.173+0000] {taskinstance.py:2888} INFO - Executing <Task(BashOperator): dbt_run> on 2025-11-25 00:21:16.960945+00:00
[2025-11-25T00:21:26.188+0000] {standard_task_runner.py:104} INFO - Running: ['***', 'tasks', 'run', 'stock_elt_dbt', 'dbt_run', 'manual__2025-11-25T00:21:16.960945+00:00', '--job-id', '127', '--raw', '--subdir', 'DAGS_FOLDER/stock_elt_dbt.py', '--cfg-path', '/tmp/tmp8ha12lnp']
[2025-11-25T00:21:26.193+0000] {standard_task_runner.py:105} INFO - Job 127: Subtask dbt_run
[2025-11-25T00:21:26.194+0000] {logging_mixin.py:190} WARNING - /home/***/.local/lib/python3.12/site-packages/***/task/task_runner/standard_task_runner.py:70 DeprecationWarning: This process (pid=9107) is multi-threaded, use of fork() may lead to deadlocks in the child.
[2025-11-25T00:21:26.196+0000] {standard_task_runner.py:72} INFO - Started process 9108 to run task
[2025-11-25T00:21:26.283+0000] {task_command.py:467} INFO - Running <TaskInstance: stock_elt_dbt.dbt_run manual__2025-11-25T00:21:16.960945+00:00 [running]> on host 638b31fa7dcc
[2025-11-25T00:21:26.657+0000] {taskinstance.py:3131} INFO - Exporting env vars: AIRFLOW_CTX_DAG_OWNER='***' AIRFLOW_CTX_DAG_ID='stock_elt_dbt' AIRFLOW_CTX_TASK_ID='dbt_run' AIRFLOW_CTX_EXECUTION_DATE='2025-11-25T00:21:16.960945+00:00' AIRFLOW_CTX_TRY_NUMBER='1' AIRFLOW_CTX_DAG_RUN_ID='manual__2025-11-25T00:21:16.960945+00:00'
[2025-11-25T00:21:26.660+0000] {taskinstance.py:731} INFO - ::endgroup::
[2025-11-25T00:21:26.717+0000] {subprocess.py:63} INFO - Tmp dir root location: /tmp
[2025-11-25T00:21:26.720+0000] {subprocess.py:75} INFO - Running command: ['/usr/bin/bash', '-c', 'cd /opt/***/dbt/stock_analytics && if [ -x /home/***/.local/bin/dbt ]; then DBT_BIN=/home/***/.local/bin/dbt; elif command -v dbt >/dev/null 2>&1; then DBT_BIN="$(command -v dbt)"; else DBT_BIN="python -m dbt.cli.main"; fi; $DBT_BIN run --target prod --profiles-dir "$DBT_PROFILES_DIR"']
[2025-11-25T00:21:26.751+0000] {subprocess.py:86} INFO - Output:
[2025-11-25T00:21:32.059+0000] {subprocess.py:93} INFO - [0m00:21:32  Running with dbt=1.8.8
[2025-11-25T00:21:34.945+0000] {subprocess.py:93} INFO - [0m00:21:34  Registered adapter: snowflake=1.8.4
[2025-11-25T00:21:34.993+0000] {subprocess.py:93} INFO - [0m00:21:34  Unable to do partial parsing because saved manifest not found. Starting full parse.
[2025-11-25T00:21:37.459+0000] {subprocess.py:93} INFO - [0m00:21:37  Encountered an error:
[2025-11-25T00:21:37.460+0000] {subprocess.py:93} INFO - unsupported operand type(s) for -: 'str' and 'str'
[2025-11-25T00:21:37.499+0000] {subprocess.py:93} INFO - [0m00:21:37  Traceback (most recent call last):
[2025-11-25T00:21:37.501+0000] {subprocess.py:93} INFO -   File "/home/***/.local/lib/python3.12/site-packages/dbt/cli/requires.py", line 138, in wrapper
[2025-11-25T00:21:37.502+0000] {subprocess.py:93} INFO -     result, success = func(*args, **kwargs)
[2025-11-25T00:21:37.503+0000] {subprocess.py:93} INFO -                       ^^^^^^^^^^^^^^^^^^^^^
[2025-11-25T00:21:37.504+0000] {subprocess.py:93} INFO -   File "/home/***/.local/lib/python3.12/site-packages/dbt/cli/requires.py", line 101, in wrapper
[2025-11-25T00:21:37.505+0000] {subprocess.py:93} INFO -     return func(*args, **kwargs)
[2025-11-25T00:21:37.505+0000] {subprocess.py:93} INFO -            ^^^^^^^^^^^^^^^^^^^^^
[2025-11-25T00:21:37.507+0000] {subprocess.py:93} INFO -   File "/home/***/.local/lib/python3.12/site-packages/dbt/cli/requires.py", line 218, in wrapper
[2025-11-25T00:21:37.508+0000] {subprocess.py:93} INFO -     return func(*args, **kwargs)
[2025-11-25T00:21:37.510+0000] {subprocess.py:93} INFO -            ^^^^^^^^^^^^^^^^^^^^^
[2025-11-25T00:21:37.511+0000] {subprocess.py:93} INFO -   File "/home/***/.local/lib/python3.12/site-packages/dbt/cli/requires.py", line 247, in wrapper
[2025-11-25T00:21:37.512+0000] {subprocess.py:93} INFO -     return func(*args, **kwargs)
[2025-11-25T00:21:37.513+0000] {subprocess.py:93} INFO -            ^^^^^^^^^^^^^^^^^^^^^
[2025-11-25T00:21:37.514+0000] {subprocess.py:93} INFO -   File "/home/***/.local/lib/python3.12/site-packages/dbt/cli/requires.py", line 294, in wrapper
[2025-11-25T00:21:37.515+0000] {subprocess.py:93} INFO -     return func(*args, **kwargs)
[2025-11-25T00:21:37.516+0000] {subprocess.py:93} INFO -            ^^^^^^^^^^^^^^^^^^^^^
[2025-11-25T00:21:37.518+0000] {subprocess.py:93} INFO -   File "/home/***/.local/lib/python3.12/site-packages/dbt/cli/requires.py", line 320, in wrapper
[2025-11-25T00:21:37.520+0000] {subprocess.py:93} INFO -     ctx.obj["manifest"] = parse_manifest(
[2025-11-25T00:21:37.521+0000] {subprocess.py:93} INFO -                           ^^^^^^^^^^^^^^^
[2025-11-25T00:21:37.522+0000] {subprocess.py:93} INFO -   File "/home/***/.local/lib/python3.12/site-packages/dbt/parser/manifest.py", line 1898, in parse_manifest
[2025-11-25T00:21:37.524+0000] {subprocess.py:93} INFO -     manifest = ManifestLoader.get_full_manifest(
[2025-11-25T00:21:37.526+0000] {subprocess.py:93} INFO -                ^^^^^^^^^^^^^^^^^^^^^^^^^^^^^^^^^
[2025-11-25T00:21:37.528+0000] {subprocess.py:93} INFO -   File "/home/***/.local/lib/python3.12/site-packages/dbt/parser/manifest.py", line 330, in get_full_manifest
[2025-11-25T00:21:37.530+0000] {subprocess.py:93} INFO -     manifest = loader.load()
[2025-11-25T00:21:37.531+0000] {subprocess.py:93} INFO -                ^^^^^^^^^^^^^
[2025-11-25T00:21:37.532+0000] {subprocess.py:93} INFO -   File "/home/***/.local/lib/python3.12/site-packages/dbt/parser/manifest.py", line 435, in load
[2025-11-25T00:21:37.533+0000] {subprocess.py:93} INFO -     self.parse_project(
[2025-11-25T00:21:37.533+0000] {subprocess.py:93} INFO -   File "/home/***/.local/lib/python3.12/site-packages/dbt/parser/manifest.py", line 733, in parse_project
[2025-11-25T00:21:37.534+0000] {subprocess.py:93} INFO -     parser.parse_file(block)
[2025-11-25T00:21:37.535+0000] {subprocess.py:93} INFO -   File "/home/***/.local/lib/python3.12/site-packages/dbt/parser/snapshots.py", line 80, in parse_file
[2025-11-25T00:21:37.535+0000] {subprocess.py:93} INFO -     self.parse_node(block)
[2025-11-25T00:21:37.536+0000] {subprocess.py:93} INFO -   File "/home/***/.local/lib/python3.12/site-packages/dbt/parser/base.py", line 445, in parse_node
[2025-11-25T00:21:37.537+0000] {subprocess.py:93} INFO -     self.render_update(node, config)
[2025-11-25T00:21:37.537+0000] {subprocess.py:93} INFO -   File "/home/***/.local/lib/python3.12/site-packages/dbt/parser/base.py", line 421, in render_update
[2025-11-25T00:21:37.538+0000] {subprocess.py:93} INFO -     context = self.render_with_context(node, config)
[2025-11-25T00:21:37.538+0000] {subprocess.py:93} INFO -               ^^^^^^^^^^^^^^^^^^^^^^^^^^^^^^^^^^^^^^
[2025-11-25T00:21:37.539+0000] {subprocess.py:93} INFO -   File "/home/***/.local/lib/python3.12/site-packages/dbt/parser/base.py", line 270, in render_with_context
[2025-11-25T00:21:37.539+0000] {subprocess.py:93} INFO -     get_rendered(parsed_node.raw_code, context, parsed_node, capture_macros=True)
[2025-11-25T00:21:37.540+0000] {subprocess.py:93} INFO -   File "/home/***/.local/lib/python3.12/site-packages/dbt/clients/jinja.py", line 146, in get_rendered
[2025-11-25T00:21:37.541+0000] {subprocess.py:93} INFO -     rendered = render_template(template, ctx, node)
[2025-11-25T00:21:37.541+0000] {subprocess.py:93} INFO -                ^^^^^^^^^^^^^^^^^^^^^^^^^^^^^^^^^^^^
[2025-11-25T00:21:37.542+0000] {subprocess.py:93} INFO -   File "/home/***/.local/lib/python3.12/site-packages/dbt_common/clients/jinja.py", line 566, in render_template
[2025-11-25T00:21:37.543+0000] {subprocess.py:93} INFO -     return template.render(ctx)
[2025-11-25T00:21:37.543+0000] {subprocess.py:93} INFO -            ^^^^^^^^^^^^^^^^^^^^
[2025-11-25T00:21:37.544+0000] {subprocess.py:93} INFO -   File "/home/***/.local/lib/python3.12/site-packages/dbt_common/clients/jinja.py", line 163, in render
[2025-11-25T00:21:37.545+0000] {subprocess.py:93} INFO -     return self.environment.handle_exception()
[2025-11-25T00:21:37.545+0000] {subprocess.py:93} INFO -            ^^^^^^^^^^^^^^^^^^^^^^^^^^^^^^^^^^^
[2025-11-25T00:21:37.546+0000] {subprocess.py:93} INFO -   File "/home/***/.local/lib/python3.12/site-packages/jinja2/environment.py", line 939, in handle_exception
[2025-11-25T00:21:37.546+0000] {subprocess.py:93} INFO -     raise rewrite_traceback_stack(source=source)
[2025-11-25T00:21:37.547+0000] {subprocess.py:93} INFO -   File "<template>", line 4, in top-level template code
[2025-11-25T00:21:37.547+0000] {subprocess.py:93} INFO - TypeError: unsupported operand type(s) for -: 'str' and 'str'
[2025-11-25T00:21:37.548+0000] {subprocess.py:93} INFO - 
[2025-11-25T00:21:38.545+0000] {subprocess.py:97} INFO - Command exited with return code 2
[2025-11-25T00:21:38.579+0000] {taskinstance.py:3310} ERROR - Task failed with exception
Traceback (most recent call last):
  File "/home/airflow/.local/lib/python3.12/site-packages/airflow/models/taskinstance.py", line 767, in _execute_task
    result = _execute_callable(context=context, **execute_callable_kwargs)
             ^^^^^^^^^^^^^^^^^^^^^^^^^^^^^^^^^^^^^^^^^^^^^^^^^^^^^^^^^^^^^
  File "/home/airflow/.local/lib/python3.12/site-packages/airflow/models/taskinstance.py", line 733, in _execute_callable
    return ExecutionCallableRunner(
           ^^^^^^^^^^^^^^^^^^^^^^^^
  File "/home/airflow/.local/lib/python3.12/site-packages/airflow/utils/operator_helpers.py", line 252, in run
    return self.func(*args, **kwargs)
           ^^^^^^^^^^^^^^^^^^^^^^^^^^
  File "/home/airflow/.local/lib/python3.12/site-packages/airflow/models/baseoperator.py", line 406, in wrapper
    return func(self, *args, **kwargs)
           ^^^^^^^^^^^^^^^^^^^^^^^^^^^
  File "/home/airflow/.local/lib/python3.12/site-packages/airflow/operators/bash.py", line 249, in execute
    raise AirflowException(
airflow.exceptions.AirflowException: Bash command failed. The command returned a non-zero exit code 2.
[2025-11-25T00:21:38.611+0000] {taskinstance.py:1225} INFO - Marking task as FAILED. dag_id=stock_elt_dbt, task_id=dbt_run, run_id=manual__2025-11-25T00:21:16.960945+00:00, execution_date=20251125T002116, start_date=20251125T002126, end_date=20251125T002138
[2025-11-25T00:21:38.653+0000] {taskinstance.py:340} INFO - ::group::Post task execution logs
[2025-11-25T00:21:38.655+0000] {standard_task_runner.py:124} ERROR - Failed to execute job 127 for task dbt_run (Bash command failed. The command returned a non-zero exit code 2.; 9108)
Traceback (most recent call last):
  File "/home/airflow/.local/lib/python3.12/site-packages/airflow/task/task_runner/standard_task_runner.py", line 117, in _start_by_fork
    ret = args.func(args, dag=self.dag)
          ^^^^^^^^^^^^^^^^^^^^^^^^^^^^^
  File "/home/airflow/.local/lib/python3.12/site-packages/airflow/cli/cli_config.py", line 49, in command
    return func(*args, **kwargs)
           ^^^^^^^^^^^^^^^^^^^^^
  File "/home/airflow/.local/lib/python3.12/site-packages/airflow/utils/cli.py", line 115, in wrapper
    return f(*args, **kwargs)
           ^^^^^^^^^^^^^^^^^^
  File "/home/airflow/.local/lib/python3.12/site-packages/airflow/cli/commands/task_command.py", line 483, in task_run
    task_return_code = _run_task_by_selected_method(args, _dag, ti)
                       ^^^^^^^^^^^^^^^^^^^^^^^^^^^^^^^^^^^^^^^^^^^^
  File "/home/airflow/.local/lib/python3.12/site-packages/airflow/cli/commands/task_command.py", line 256, in _run_task_by_selected_method
    return _run_raw_task(args, ti)
           ^^^^^^^^^^^^^^^^^^^^^^^
  File "/home/airflow/.local/lib/python3.12/site-packages/airflow/cli/commands/task_command.py", line 341, in _run_raw_task
    return ti._run_raw_task(
           ^^^^^^^^^^^^^^^^^
  File "/home/airflow/.local/lib/python3.12/site-packages/airflow/utils/session.py", line 97, in wrapper
    return func(*args, session=session, **kwargs)
           ^^^^^^^^^^^^^^^^^^^^^^^^^^^^^^^^^^^^^^
  File "/home/airflow/.local/lib/python3.12/site-packages/airflow/models/taskinstance.py", line 3004, in _run_raw_task
    return _run_raw_task(
           ^^^^^^^^^^^^^^
  File "/home/airflow/.local/lib/python3.12/site-packages/airflow/models/taskinstance.py", line 273, in _run_raw_task
    TaskInstance._execute_task_with_callbacks(
  File "/home/airflow/.local/lib/python3.12/site-packages/airflow/models/taskinstance.py", line 3158, in _execute_task_with_callbacks
    result = self._execute_task(context, task_orig)
             ^^^^^^^^^^^^^^^^^^^^^^^^^^^^^^^^^^^^^^
  File "/home/airflow/.local/lib/python3.12/site-packages/airflow/models/taskinstance.py", line 3182, in _execute_task
    return _execute_task(self, context, task_orig)
           ^^^^^^^^^^^^^^^^^^^^^^^^^^^^^^^^^^^^^^^
  File "/home/airflow/.local/lib/python3.12/site-packages/airflow/models/taskinstance.py", line 767, in _execute_task
    result = _execute_callable(context=context, **execute_callable_kwargs)
             ^^^^^^^^^^^^^^^^^^^^^^^^^^^^^^^^^^^^^^^^^^^^^^^^^^^^^^^^^^^^^
  File "/home/airflow/.local/lib/python3.12/site-packages/airflow/models/taskinstance.py", line 733, in _execute_callable
    return ExecutionCallableRunner(
           ^^^^^^^^^^^^^^^^^^^^^^^^
  File "/home/airflow/.local/lib/python3.12/site-packages/airflow/utils/operator_helpers.py", line 252, in run
    return self.func(*args, **kwargs)
           ^^^^^^^^^^^^^^^^^^^^^^^^^^
  File "/home/airflow/.local/lib/python3.12/site-packages/airflow/models/baseoperator.py", line 406, in wrapper
    return func(self, *args, **kwargs)
           ^^^^^^^^^^^^^^^^^^^^^^^^^^^
  File "/home/airflow/.local/lib/python3.12/site-packages/airflow/operators/bash.py", line 249, in execute
    raise AirflowException(
airflow.exceptions.AirflowException: Bash command failed. The command returned a non-zero exit code 2.
[2025-11-25T00:21:38.698+0000] {local_task_job_runner.py:266} INFO - Task exited with return code 1
[2025-11-25T00:21:38.738+0000] {taskinstance.py:3900} INFO - 0 downstream tasks scheduled from follow-on schedule check
[2025-11-25T00:21:38.748+0000] {local_task_job_runner.py:245} INFO - ::endgroup::
