[2025-11-22T23:24:57.310+0000] {processor.py:186} INFO - Started process (PID=315) to work on /opt/airflow/dags/dag_stock_etl.py
[2025-11-22T23:24:57.316+0000] {processor.py:914} INFO - Processing file /opt/airflow/dags/dag_stock_etl.py for tasks to queue
[2025-11-22T23:24:57.340+0000] {logging_mixin.py:190} INFO - [2025-11-22T23:24:57.339+0000] {dagbag.py:587} INFO - Filling up the DagBag from /opt/airflow/dags/dag_stock_etl.py
[2025-11-22T23:24:58.503+0000] {logging_mixin.py:190} INFO - [2025-11-22T23:24:58.490+0000] {dagbag.py:386} ERROR - Failed to import: /opt/airflow/dags/dag_stock_etl.py
Traceback (most recent call last):
  File "/home/airflow/.local/lib/python3.12/site-packages/airflow/decorators/base.py", line 228, in __init__
    signature = signature.replace(parameters=parameters)
                ^^^^^^^^^^^^^^^^^^^^^^^^^^^^^^^^^^^^^^^^
  File "/usr/local/lib/python3.12/inspect.py", line 3105, in replace
    return type(self)(parameters,
           ^^^^^^^^^^^^^^^^^^^^^^
  File "/usr/local/lib/python3.12/inspect.py", line 3061, in __init__
    raise ValueError(msg)
ValueError: non-default argument follows default argument

The above exception was the direct cause of the following exception:

Traceback (most recent call last):
  File "/home/airflow/.local/lib/python3.12/site-packages/airflow/models/dagbag.py", line 382, in parse
    loader.exec_module(new_module)
  File "<frozen importlib._bootstrap_external>", line 995, in exec_module
  File "<frozen importlib._bootstrap>", line 488, in _call_with_frames_removed
  File "/opt/airflow/dags/dag_stock_etl.py", line 146, in <module>
    l = load(p, d)
        ^^^^^^^^^^
  File "/home/airflow/.local/lib/python3.12/site-packages/airflow/decorators/base.py", line 373, in __call__
    op = self.operator_class(
         ^^^^^^^^^^^^^^^^^^^^
  File "/home/airflow/.local/lib/python3.12/site-packages/airflow/models/baseoperator.py", line 490, in apply_defaults
    result = func(self, **kwargs, default_args=default_args)
             ^^^^^^^^^^^^^^^^^^^^^^^^^^^^^^^^^^^^^^^^^^^^^^^
  File "/home/airflow/.local/lib/python3.12/site-packages/airflow/decorators/python.py", line 52, in __init__
    super().__init__(
  File "/home/airflow/.local/lib/python3.12/site-packages/airflow/models/baseoperator.py", line 490, in apply_defaults
    result = func(self, **kwargs, default_args=default_args)
             ^^^^^^^^^^^^^^^^^^^^^^^^^^^^^^^^^^^^^^^^^^^^^^^
  File "/home/airflow/.local/lib/python3.12/site-packages/airflow/decorators/base.py", line 243, in __init__
    raise ValueError(message) from err
ValueError: 
The function signature broke while assigning defaults to context key parameters.

The decorator is replacing the signature
> load(params: 'dict', payload: 'dict')

with
> load(params: 'dict' = None, payload: 'dict')

which isn't valid: non-default argument follows default argument
[2025-11-22T23:24:58.505+0000] {processor.py:927} WARNING - No viable dags retrieved from /opt/airflow/dags/dag_stock_etl.py
[2025-11-22T23:24:58.580+0000] {processor.py:208} INFO - Processing /opt/airflow/dags/dag_stock_etl.py took 1.307 seconds
[2025-11-22T23:25:28.947+0000] {processor.py:186} INFO - Started process (PID=360) to work on /opt/airflow/dags/dag_stock_etl.py
[2025-11-22T23:25:28.955+0000] {processor.py:914} INFO - Processing file /opt/airflow/dags/dag_stock_etl.py for tasks to queue
[2025-11-22T23:25:28.979+0000] {logging_mixin.py:190} INFO - [2025-11-22T23:25:28.977+0000] {dagbag.py:587} INFO - Filling up the DagBag from /opt/airflow/dags/dag_stock_etl.py
[2025-11-22T23:25:30.339+0000] {logging_mixin.py:190} INFO - [2025-11-22T23:25:30.327+0000] {dagbag.py:386} ERROR - Failed to import: /opt/airflow/dags/dag_stock_etl.py
Traceback (most recent call last):
  File "/home/airflow/.local/lib/python3.12/site-packages/airflow/decorators/base.py", line 228, in __init__
    signature = signature.replace(parameters=parameters)
                ^^^^^^^^^^^^^^^^^^^^^^^^^^^^^^^^^^^^^^^^
  File "/usr/local/lib/python3.12/inspect.py", line 3105, in replace
    return type(self)(parameters,
           ^^^^^^^^^^^^^^^^^^^^^^
  File "/usr/local/lib/python3.12/inspect.py", line 3061, in __init__
    raise ValueError(msg)
ValueError: non-default argument follows default argument

The above exception was the direct cause of the following exception:

Traceback (most recent call last):
  File "/home/airflow/.local/lib/python3.12/site-packages/airflow/models/dagbag.py", line 382, in parse
    loader.exec_module(new_module)
  File "<frozen importlib._bootstrap_external>", line 995, in exec_module
  File "<frozen importlib._bootstrap>", line 488, in _call_with_frames_removed
  File "/opt/airflow/dags/dag_stock_etl.py", line 146, in <module>
    l = load(p, d)
        ^^^^^^^^^^
  File "/home/airflow/.local/lib/python3.12/site-packages/airflow/decorators/base.py", line 373, in __call__
    op = self.operator_class(
         ^^^^^^^^^^^^^^^^^^^^
  File "/home/airflow/.local/lib/python3.12/site-packages/airflow/models/baseoperator.py", line 490, in apply_defaults
    result = func(self, **kwargs, default_args=default_args)
             ^^^^^^^^^^^^^^^^^^^^^^^^^^^^^^^^^^^^^^^^^^^^^^^
  File "/home/airflow/.local/lib/python3.12/site-packages/airflow/decorators/python.py", line 52, in __init__
    super().__init__(
  File "/home/airflow/.local/lib/python3.12/site-packages/airflow/models/baseoperator.py", line 490, in apply_defaults
    result = func(self, **kwargs, default_args=default_args)
             ^^^^^^^^^^^^^^^^^^^^^^^^^^^^^^^^^^^^^^^^^^^^^^^
  File "/home/airflow/.local/lib/python3.12/site-packages/airflow/decorators/base.py", line 243, in __init__
    raise ValueError(message) from err
ValueError: 
The function signature broke while assigning defaults to context key parameters.

The decorator is replacing the signature
> load(params: 'dict', payload: 'dict')

with
> load(params: 'dict' = None, payload: 'dict')

which isn't valid: non-default argument follows default argument
[2025-11-22T23:25:30.343+0000] {processor.py:927} WARNING - No viable dags retrieved from /opt/airflow/dags/dag_stock_etl.py
[2025-11-22T23:25:30.528+0000] {processor.py:208} INFO - Processing /opt/airflow/dags/dag_stock_etl.py took 1.669 seconds
[2025-11-22T23:26:00.731+0000] {processor.py:186} INFO - Started process (PID=414) to work on /opt/airflow/dags/dag_stock_etl.py
[2025-11-22T23:26:00.733+0000] {processor.py:914} INFO - Processing file /opt/airflow/dags/dag_stock_etl.py for tasks to queue
[2025-11-22T23:26:00.737+0000] {logging_mixin.py:190} INFO - [2025-11-22T23:26:00.737+0000] {dagbag.py:587} INFO - Filling up the DagBag from /opt/airflow/dags/dag_stock_etl.py
[2025-11-22T23:26:00.974+0000] {logging_mixin.py:190} INFO - [2025-11-22T23:26:00.966+0000] {dagbag.py:386} ERROR - Failed to import: /opt/airflow/dags/dag_stock_etl.py
Traceback (most recent call last):
  File "/home/airflow/.local/lib/python3.12/site-packages/airflow/decorators/base.py", line 228, in __init__
    signature = signature.replace(parameters=parameters)
                ^^^^^^^^^^^^^^^^^^^^^^^^^^^^^^^^^^^^^^^^
  File "/usr/local/lib/python3.12/inspect.py", line 3105, in replace
    return type(self)(parameters,
           ^^^^^^^^^^^^^^^^^^^^^^
  File "/usr/local/lib/python3.12/inspect.py", line 3061, in __init__
    raise ValueError(msg)
ValueError: non-default argument follows default argument

The above exception was the direct cause of the following exception:

Traceback (most recent call last):
  File "/home/airflow/.local/lib/python3.12/site-packages/airflow/models/dagbag.py", line 382, in parse
    loader.exec_module(new_module)
  File "<frozen importlib._bootstrap_external>", line 995, in exec_module
  File "<frozen importlib._bootstrap>", line 488, in _call_with_frames_removed
  File "/opt/airflow/dags/dag_stock_etl.py", line 146, in <module>
    l = load(p, d)
        ^^^^^^^^^^
  File "/home/airflow/.local/lib/python3.12/site-packages/airflow/decorators/base.py", line 373, in __call__
    op = self.operator_class(
         ^^^^^^^^^^^^^^^^^^^^
  File "/home/airflow/.local/lib/python3.12/site-packages/airflow/models/baseoperator.py", line 490, in apply_defaults
    result = func(self, **kwargs, default_args=default_args)
             ^^^^^^^^^^^^^^^^^^^^^^^^^^^^^^^^^^^^^^^^^^^^^^^
  File "/home/airflow/.local/lib/python3.12/site-packages/airflow/decorators/python.py", line 52, in __init__
    super().__init__(
  File "/home/airflow/.local/lib/python3.12/site-packages/airflow/models/baseoperator.py", line 490, in apply_defaults
    result = func(self, **kwargs, default_args=default_args)
             ^^^^^^^^^^^^^^^^^^^^^^^^^^^^^^^^^^^^^^^^^^^^^^^
  File "/home/airflow/.local/lib/python3.12/site-packages/airflow/decorators/base.py", line 243, in __init__
    raise ValueError(message) from err
ValueError: 
The function signature broke while assigning defaults to context key parameters.

The decorator is replacing the signature
> load(params: 'dict', payload: 'dict')

with
> load(params: 'dict' = None, payload: 'dict')

which isn't valid: non-default argument follows default argument
[2025-11-22T23:26:00.977+0000] {processor.py:927} WARNING - No viable dags retrieved from /opt/airflow/dags/dag_stock_etl.py
[2025-11-22T23:26:01.015+0000] {processor.py:208} INFO - Processing /opt/airflow/dags/dag_stock_etl.py took 0.294 seconds
[2025-11-22T23:26:31.230+0000] {processor.py:186} INFO - Started process (PID=455) to work on /opt/airflow/dags/dag_stock_etl.py
[2025-11-22T23:26:31.234+0000] {processor.py:914} INFO - Processing file /opt/airflow/dags/dag_stock_etl.py for tasks to queue
[2025-11-22T23:26:31.246+0000] {logging_mixin.py:190} INFO - [2025-11-22T23:26:31.245+0000] {dagbag.py:587} INFO - Filling up the DagBag from /opt/airflow/dags/dag_stock_etl.py
[2025-11-22T23:26:31.636+0000] {logging_mixin.py:190} INFO - [2025-11-22T23:26:31.631+0000] {dagbag.py:386} ERROR - Failed to import: /opt/airflow/dags/dag_stock_etl.py
Traceback (most recent call last):
  File "/home/airflow/.local/lib/python3.12/site-packages/airflow/decorators/base.py", line 228, in __init__
    signature = signature.replace(parameters=parameters)
                ^^^^^^^^^^^^^^^^^^^^^^^^^^^^^^^^^^^^^^^^
  File "/usr/local/lib/python3.12/inspect.py", line 3105, in replace
    return type(self)(parameters,
           ^^^^^^^^^^^^^^^^^^^^^^
  File "/usr/local/lib/python3.12/inspect.py", line 3061, in __init__
    raise ValueError(msg)
ValueError: non-default argument follows default argument

The above exception was the direct cause of the following exception:

Traceback (most recent call last):
  File "/home/airflow/.local/lib/python3.12/site-packages/airflow/models/dagbag.py", line 382, in parse
    loader.exec_module(new_module)
  File "<frozen importlib._bootstrap_external>", line 995, in exec_module
  File "<frozen importlib._bootstrap>", line 488, in _call_with_frames_removed
  File "/opt/airflow/dags/dag_stock_etl.py", line 146, in <module>
    l = load(p, d)
        ^^^^^^^^^^
  File "/home/airflow/.local/lib/python3.12/site-packages/airflow/decorators/base.py", line 373, in __call__
    op = self.operator_class(
         ^^^^^^^^^^^^^^^^^^^^
  File "/home/airflow/.local/lib/python3.12/site-packages/airflow/models/baseoperator.py", line 490, in apply_defaults
    result = func(self, **kwargs, default_args=default_args)
             ^^^^^^^^^^^^^^^^^^^^^^^^^^^^^^^^^^^^^^^^^^^^^^^
  File "/home/airflow/.local/lib/python3.12/site-packages/airflow/decorators/python.py", line 52, in __init__
    super().__init__(
  File "/home/airflow/.local/lib/python3.12/site-packages/airflow/models/baseoperator.py", line 490, in apply_defaults
    result = func(self, **kwargs, default_args=default_args)
             ^^^^^^^^^^^^^^^^^^^^^^^^^^^^^^^^^^^^^^^^^^^^^^^
  File "/home/airflow/.local/lib/python3.12/site-packages/airflow/decorators/base.py", line 243, in __init__
    raise ValueError(message) from err
ValueError: 
The function signature broke while assigning defaults to context key parameters.

The decorator is replacing the signature
> load(params: 'dict', payload: 'dict')

with
> load(params: 'dict' = None, payload: 'dict')

which isn't valid: non-default argument follows default argument
[2025-11-22T23:26:31.637+0000] {processor.py:927} WARNING - No viable dags retrieved from /opt/airflow/dags/dag_stock_etl.py
[2025-11-22T23:26:31.668+0000] {processor.py:208} INFO - Processing /opt/airflow/dags/dag_stock_etl.py took 0.474 seconds
[2025-11-22T23:27:01.880+0000] {processor.py:186} INFO - Started process (PID=502) to work on /opt/airflow/dags/dag_stock_etl.py
[2025-11-22T23:27:01.882+0000] {processor.py:914} INFO - Processing file /opt/airflow/dags/dag_stock_etl.py for tasks to queue
[2025-11-22T23:27:01.888+0000] {logging_mixin.py:190} INFO - [2025-11-22T23:27:01.888+0000] {dagbag.py:587} INFO - Filling up the DagBag from /opt/airflow/dags/dag_stock_etl.py
[2025-11-22T23:27:02.242+0000] {logging_mixin.py:190} INFO - [2025-11-22T23:27:02.233+0000] {dagbag.py:386} ERROR - Failed to import: /opt/airflow/dags/dag_stock_etl.py
Traceback (most recent call last):
  File "/home/airflow/.local/lib/python3.12/site-packages/airflow/decorators/base.py", line 228, in __init__
    signature = signature.replace(parameters=parameters)
                ^^^^^^^^^^^^^^^^^^^^^^^^^^^^^^^^^^^^^^^^
  File "/usr/local/lib/python3.12/inspect.py", line 3105, in replace
    return type(self)(parameters,
           ^^^^^^^^^^^^^^^^^^^^^^
  File "/usr/local/lib/python3.12/inspect.py", line 3061, in __init__
    raise ValueError(msg)
ValueError: non-default argument follows default argument

The above exception was the direct cause of the following exception:

Traceback (most recent call last):
  File "/home/airflow/.local/lib/python3.12/site-packages/airflow/models/dagbag.py", line 382, in parse
    loader.exec_module(new_module)
  File "<frozen importlib._bootstrap_external>", line 995, in exec_module
  File "<frozen importlib._bootstrap>", line 488, in _call_with_frames_removed
  File "/opt/airflow/dags/dag_stock_etl.py", line 146, in <module>
    l = load(p, d)
        ^^^^^^^^^^
  File "/home/airflow/.local/lib/python3.12/site-packages/airflow/decorators/base.py", line 373, in __call__
    op = self.operator_class(
         ^^^^^^^^^^^^^^^^^^^^
  File "/home/airflow/.local/lib/python3.12/site-packages/airflow/models/baseoperator.py", line 490, in apply_defaults
    result = func(self, **kwargs, default_args=default_args)
             ^^^^^^^^^^^^^^^^^^^^^^^^^^^^^^^^^^^^^^^^^^^^^^^
  File "/home/airflow/.local/lib/python3.12/site-packages/airflow/decorators/python.py", line 52, in __init__
    super().__init__(
  File "/home/airflow/.local/lib/python3.12/site-packages/airflow/models/baseoperator.py", line 490, in apply_defaults
    result = func(self, **kwargs, default_args=default_args)
             ^^^^^^^^^^^^^^^^^^^^^^^^^^^^^^^^^^^^^^^^^^^^^^^
  File "/home/airflow/.local/lib/python3.12/site-packages/airflow/decorators/base.py", line 243, in __init__
    raise ValueError(message) from err
ValueError: 
The function signature broke while assigning defaults to context key parameters.

The decorator is replacing the signature
> load(params: 'dict', payload: 'dict')

with
> load(params: 'dict' = None, payload: 'dict')

which isn't valid: non-default argument follows default argument
[2025-11-22T23:27:02.247+0000] {processor.py:927} WARNING - No viable dags retrieved from /opt/airflow/dags/dag_stock_etl.py
[2025-11-22T23:27:02.289+0000] {processor.py:208} INFO - Processing /opt/airflow/dags/dag_stock_etl.py took 0.425 seconds
[2025-11-22T23:27:32.917+0000] {processor.py:186} INFO - Started process (PID=544) to work on /opt/airflow/dags/dag_stock_etl.py
[2025-11-22T23:27:32.919+0000] {processor.py:914} INFO - Processing file /opt/airflow/dags/dag_stock_etl.py for tasks to queue
[2025-11-22T23:27:32.923+0000] {logging_mixin.py:190} INFO - [2025-11-22T23:27:32.922+0000] {dagbag.py:587} INFO - Filling up the DagBag from /opt/airflow/dags/dag_stock_etl.py
[2025-11-22T23:27:33.136+0000] {logging_mixin.py:190} INFO - [2025-11-22T23:27:33.130+0000] {dagbag.py:386} ERROR - Failed to import: /opt/airflow/dags/dag_stock_etl.py
Traceback (most recent call last):
  File "/home/airflow/.local/lib/python3.12/site-packages/airflow/decorators/base.py", line 228, in __init__
    signature = signature.replace(parameters=parameters)
                ^^^^^^^^^^^^^^^^^^^^^^^^^^^^^^^^^^^^^^^^
  File "/usr/local/lib/python3.12/inspect.py", line 3105, in replace
    return type(self)(parameters,
           ^^^^^^^^^^^^^^^^^^^^^^
  File "/usr/local/lib/python3.12/inspect.py", line 3061, in __init__
    raise ValueError(msg)
ValueError: non-default argument follows default argument

The above exception was the direct cause of the following exception:

Traceback (most recent call last):
  File "/home/airflow/.local/lib/python3.12/site-packages/airflow/models/dagbag.py", line 382, in parse
    loader.exec_module(new_module)
  File "<frozen importlib._bootstrap_external>", line 995, in exec_module
  File "<frozen importlib._bootstrap>", line 488, in _call_with_frames_removed
  File "/opt/airflow/dags/dag_stock_etl.py", line 146, in <module>
    l = load(p, d)
        ^^^^^^^^^^
  File "/home/airflow/.local/lib/python3.12/site-packages/airflow/decorators/base.py", line 373, in __call__
    op = self.operator_class(
         ^^^^^^^^^^^^^^^^^^^^
  File "/home/airflow/.local/lib/python3.12/site-packages/airflow/models/baseoperator.py", line 490, in apply_defaults
    result = func(self, **kwargs, default_args=default_args)
             ^^^^^^^^^^^^^^^^^^^^^^^^^^^^^^^^^^^^^^^^^^^^^^^
  File "/home/airflow/.local/lib/python3.12/site-packages/airflow/decorators/python.py", line 52, in __init__
    super().__init__(
  File "/home/airflow/.local/lib/python3.12/site-packages/airflow/models/baseoperator.py", line 490, in apply_defaults
    result = func(self, **kwargs, default_args=default_args)
             ^^^^^^^^^^^^^^^^^^^^^^^^^^^^^^^^^^^^^^^^^^^^^^^
  File "/home/airflow/.local/lib/python3.12/site-packages/airflow/decorators/base.py", line 243, in __init__
    raise ValueError(message) from err
ValueError: 
The function signature broke while assigning defaults to context key parameters.

The decorator is replacing the signature
> load(params: 'dict', payload: 'dict')

with
> load(params: 'dict' = None, payload: 'dict')

which isn't valid: non-default argument follows default argument
[2025-11-22T23:27:33.138+0000] {processor.py:927} WARNING - No viable dags retrieved from /opt/airflow/dags/dag_stock_etl.py
[2025-11-22T23:27:33.169+0000] {processor.py:208} INFO - Processing /opt/airflow/dags/dag_stock_etl.py took 0.263 seconds
[2025-11-22T23:28:04.477+0000] {processor.py:186} INFO - Started process (PID=583) to work on /opt/airflow/dags/dag_stock_etl.py
[2025-11-22T23:28:04.486+0000] {processor.py:914} INFO - Processing file /opt/airflow/dags/dag_stock_etl.py for tasks to queue
[2025-11-22T23:28:04.502+0000] {logging_mixin.py:190} INFO - [2025-11-22T23:28:04.501+0000] {dagbag.py:587} INFO - Filling up the DagBag from /opt/airflow/dags/dag_stock_etl.py
[2025-11-22T23:28:05.408+0000] {logging_mixin.py:190} INFO - [2025-11-22T23:28:05.389+0000] {dagbag.py:386} ERROR - Failed to import: /opt/airflow/dags/dag_stock_etl.py
Traceback (most recent call last):
  File "/home/airflow/.local/lib/python3.12/site-packages/airflow/decorators/base.py", line 228, in __init__
    signature = signature.replace(parameters=parameters)
                ^^^^^^^^^^^^^^^^^^^^^^^^^^^^^^^^^^^^^^^^
  File "/usr/local/lib/python3.12/inspect.py", line 3105, in replace
    return type(self)(parameters,
           ^^^^^^^^^^^^^^^^^^^^^^
  File "/usr/local/lib/python3.12/inspect.py", line 3061, in __init__
    raise ValueError(msg)
ValueError: non-default argument follows default argument

The above exception was the direct cause of the following exception:

Traceback (most recent call last):
  File "/home/airflow/.local/lib/python3.12/site-packages/airflow/models/dagbag.py", line 382, in parse
    loader.exec_module(new_module)
  File "<frozen importlib._bootstrap_external>", line 995, in exec_module
  File "<frozen importlib._bootstrap>", line 488, in _call_with_frames_removed
  File "/opt/airflow/dags/dag_stock_etl.py", line 146, in <module>
    l = load(p, d)
        ^^^^^^^^^^
  File "/home/airflow/.local/lib/python3.12/site-packages/airflow/decorators/base.py", line 373, in __call__
    op = self.operator_class(
         ^^^^^^^^^^^^^^^^^^^^
  File "/home/airflow/.local/lib/python3.12/site-packages/airflow/models/baseoperator.py", line 490, in apply_defaults
    result = func(self, **kwargs, default_args=default_args)
             ^^^^^^^^^^^^^^^^^^^^^^^^^^^^^^^^^^^^^^^^^^^^^^^
  File "/home/airflow/.local/lib/python3.12/site-packages/airflow/decorators/python.py", line 52, in __init__
    super().__init__(
  File "/home/airflow/.local/lib/python3.12/site-packages/airflow/models/baseoperator.py", line 490, in apply_defaults
    result = func(self, **kwargs, default_args=default_args)
             ^^^^^^^^^^^^^^^^^^^^^^^^^^^^^^^^^^^^^^^^^^^^^^^
  File "/home/airflow/.local/lib/python3.12/site-packages/airflow/decorators/base.py", line 243, in __init__
    raise ValueError(message) from err
ValueError: 
The function signature broke while assigning defaults to context key parameters.

The decorator is replacing the signature
> load(params: 'dict', payload: 'dict')

with
> load(params: 'dict' = None, payload: 'dict')

which isn't valid: non-default argument follows default argument
[2025-11-22T23:28:05.440+0000] {processor.py:927} WARNING - No viable dags retrieved from /opt/airflow/dags/dag_stock_etl.py
[2025-11-22T23:28:05.568+0000] {processor.py:208} INFO - Processing /opt/airflow/dags/dag_stock_etl.py took 1.459 seconds
[2025-11-22T23:28:36.240+0000] {processor.py:186} INFO - Started process (PID=626) to work on /opt/airflow/dags/dag_stock_etl.py
[2025-11-22T23:28:36.244+0000] {processor.py:914} INFO - Processing file /opt/airflow/dags/dag_stock_etl.py for tasks to queue
[2025-11-22T23:28:36.250+0000] {logging_mixin.py:190} INFO - [2025-11-22T23:28:36.250+0000] {dagbag.py:587} INFO - Filling up the DagBag from /opt/airflow/dags/dag_stock_etl.py
[2025-11-22T23:28:36.871+0000] {logging_mixin.py:190} INFO - [2025-11-22T23:28:36.830+0000] {dagbag.py:386} ERROR - Failed to import: /opt/airflow/dags/dag_stock_etl.py
Traceback (most recent call last):
  File "/home/airflow/.local/lib/python3.12/site-packages/airflow/decorators/base.py", line 228, in __init__
    signature = signature.replace(parameters=parameters)
                ^^^^^^^^^^^^^^^^^^^^^^^^^^^^^^^^^^^^^^^^
  File "/usr/local/lib/python3.12/inspect.py", line 3105, in replace
    return type(self)(parameters,
           ^^^^^^^^^^^^^^^^^^^^^^
  File "/usr/local/lib/python3.12/inspect.py", line 3061, in __init__
    raise ValueError(msg)
ValueError: non-default argument follows default argument

The above exception was the direct cause of the following exception:

Traceback (most recent call last):
  File "/home/airflow/.local/lib/python3.12/site-packages/airflow/models/dagbag.py", line 382, in parse
    loader.exec_module(new_module)
  File "<frozen importlib._bootstrap_external>", line 995, in exec_module
  File "<frozen importlib._bootstrap>", line 488, in _call_with_frames_removed
  File "/opt/airflow/dags/dag_stock_etl.py", line 146, in <module>
    l = load(p, d)
        ^^^^^^^^^^
  File "/home/airflow/.local/lib/python3.12/site-packages/airflow/decorators/base.py", line 373, in __call__
    op = self.operator_class(
         ^^^^^^^^^^^^^^^^^^^^
  File "/home/airflow/.local/lib/python3.12/site-packages/airflow/models/baseoperator.py", line 490, in apply_defaults
    result = func(self, **kwargs, default_args=default_args)
             ^^^^^^^^^^^^^^^^^^^^^^^^^^^^^^^^^^^^^^^^^^^^^^^
  File "/home/airflow/.local/lib/python3.12/site-packages/airflow/decorators/python.py", line 52, in __init__
    super().__init__(
  File "/home/airflow/.local/lib/python3.12/site-packages/airflow/models/baseoperator.py", line 490, in apply_defaults
    result = func(self, **kwargs, default_args=default_args)
             ^^^^^^^^^^^^^^^^^^^^^^^^^^^^^^^^^^^^^^^^^^^^^^^
  File "/home/airflow/.local/lib/python3.12/site-packages/airflow/decorators/base.py", line 243, in __init__
    raise ValueError(message) from err
ValueError: 
The function signature broke while assigning defaults to context key parameters.

The decorator is replacing the signature
> load(params: 'dict', payload: 'dict')

with
> load(params: 'dict' = None, payload: 'dict')

which isn't valid: non-default argument follows default argument
[2025-11-22T23:28:36.876+0000] {processor.py:927} WARNING - No viable dags retrieved from /opt/airflow/dags/dag_stock_etl.py
[2025-11-22T23:28:37.129+0000] {processor.py:208} INFO - Processing /opt/airflow/dags/dag_stock_etl.py took 0.905 seconds
[2025-11-22T23:29:07.367+0000] {processor.py:186} INFO - Started process (PID=672) to work on /opt/airflow/dags/dag_stock_etl.py
[2025-11-22T23:29:07.370+0000] {processor.py:914} INFO - Processing file /opt/airflow/dags/dag_stock_etl.py for tasks to queue
[2025-11-22T23:29:07.383+0000] {logging_mixin.py:190} INFO - [2025-11-22T23:29:07.381+0000] {dagbag.py:587} INFO - Filling up the DagBag from /opt/airflow/dags/dag_stock_etl.py
[2025-11-22T23:29:08.147+0000] {logging_mixin.py:190} INFO - [2025-11-22T23:29:08.134+0000] {dagbag.py:386} ERROR - Failed to import: /opt/airflow/dags/dag_stock_etl.py
Traceback (most recent call last):
  File "/home/airflow/.local/lib/python3.12/site-packages/airflow/decorators/base.py", line 228, in __init__
    signature = signature.replace(parameters=parameters)
                ^^^^^^^^^^^^^^^^^^^^^^^^^^^^^^^^^^^^^^^^
  File "/usr/local/lib/python3.12/inspect.py", line 3105, in replace
    return type(self)(parameters,
           ^^^^^^^^^^^^^^^^^^^^^^
  File "/usr/local/lib/python3.12/inspect.py", line 3061, in __init__
    raise ValueError(msg)
ValueError: non-default argument follows default argument

The above exception was the direct cause of the following exception:

Traceback (most recent call last):
  File "/home/airflow/.local/lib/python3.12/site-packages/airflow/models/dagbag.py", line 382, in parse
    loader.exec_module(new_module)
  File "<frozen importlib._bootstrap_external>", line 995, in exec_module
  File "<frozen importlib._bootstrap>", line 488, in _call_with_frames_removed
  File "/opt/airflow/dags/dag_stock_etl.py", line 146, in <module>
    l = load(p, d)
        ^^^^^^^^^^
  File "/home/airflow/.local/lib/python3.12/site-packages/airflow/decorators/base.py", line 373, in __call__
    op = self.operator_class(
         ^^^^^^^^^^^^^^^^^^^^
  File "/home/airflow/.local/lib/python3.12/site-packages/airflow/models/baseoperator.py", line 490, in apply_defaults
    result = func(self, **kwargs, default_args=default_args)
             ^^^^^^^^^^^^^^^^^^^^^^^^^^^^^^^^^^^^^^^^^^^^^^^
  File "/home/airflow/.local/lib/python3.12/site-packages/airflow/decorators/python.py", line 52, in __init__
    super().__init__(
  File "/home/airflow/.local/lib/python3.12/site-packages/airflow/models/baseoperator.py", line 490, in apply_defaults
    result = func(self, **kwargs, default_args=default_args)
             ^^^^^^^^^^^^^^^^^^^^^^^^^^^^^^^^^^^^^^^^^^^^^^^
  File "/home/airflow/.local/lib/python3.12/site-packages/airflow/decorators/base.py", line 243, in __init__
    raise ValueError(message) from err
ValueError: 
The function signature broke while assigning defaults to context key parameters.

The decorator is replacing the signature
> load(params: 'dict', payload: 'dict')

with
> load(params: 'dict' = None, payload: 'dict')

which isn't valid: non-default argument follows default argument
[2025-11-22T23:29:08.152+0000] {processor.py:927} WARNING - No viable dags retrieved from /opt/airflow/dags/dag_stock_etl.py
[2025-11-22T23:29:08.208+0000] {processor.py:208} INFO - Processing /opt/airflow/dags/dag_stock_etl.py took 0.860 seconds
[2025-11-22T23:29:39.030+0000] {processor.py:186} INFO - Started process (PID=720) to work on /opt/airflow/dags/dag_stock_etl.py
[2025-11-22T23:29:39.035+0000] {processor.py:914} INFO - Processing file /opt/airflow/dags/dag_stock_etl.py for tasks to queue
[2025-11-22T23:29:39.043+0000] {logging_mixin.py:190} INFO - [2025-11-22T23:29:39.042+0000] {dagbag.py:587} INFO - Filling up the DagBag from /opt/airflow/dags/dag_stock_etl.py
[2025-11-22T23:29:39.669+0000] {logging_mixin.py:190} INFO - [2025-11-22T23:29:39.662+0000] {dagbag.py:386} ERROR - Failed to import: /opt/airflow/dags/dag_stock_etl.py
Traceback (most recent call last):
  File "/home/airflow/.local/lib/python3.12/site-packages/airflow/decorators/base.py", line 228, in __init__
    signature = signature.replace(parameters=parameters)
                ^^^^^^^^^^^^^^^^^^^^^^^^^^^^^^^^^^^^^^^^
  File "/usr/local/lib/python3.12/inspect.py", line 3105, in replace
    return type(self)(parameters,
           ^^^^^^^^^^^^^^^^^^^^^^
  File "/usr/local/lib/python3.12/inspect.py", line 3061, in __init__
    raise ValueError(msg)
ValueError: non-default argument follows default argument

The above exception was the direct cause of the following exception:

Traceback (most recent call last):
  File "/home/airflow/.local/lib/python3.12/site-packages/airflow/models/dagbag.py", line 382, in parse
    loader.exec_module(new_module)
  File "<frozen importlib._bootstrap_external>", line 995, in exec_module
  File "<frozen importlib._bootstrap>", line 488, in _call_with_frames_removed
  File "/opt/airflow/dags/dag_stock_etl.py", line 146, in <module>
    l = load(p, d)
        ^^^^^^^^^^
  File "/home/airflow/.local/lib/python3.12/site-packages/airflow/decorators/base.py", line 373, in __call__
    op = self.operator_class(
         ^^^^^^^^^^^^^^^^^^^^
  File "/home/airflow/.local/lib/python3.12/site-packages/airflow/models/baseoperator.py", line 490, in apply_defaults
    result = func(self, **kwargs, default_args=default_args)
             ^^^^^^^^^^^^^^^^^^^^^^^^^^^^^^^^^^^^^^^^^^^^^^^
  File "/home/airflow/.local/lib/python3.12/site-packages/airflow/decorators/python.py", line 52, in __init__
    super().__init__(
  File "/home/airflow/.local/lib/python3.12/site-packages/airflow/models/baseoperator.py", line 490, in apply_defaults
    result = func(self, **kwargs, default_args=default_args)
             ^^^^^^^^^^^^^^^^^^^^^^^^^^^^^^^^^^^^^^^^^^^^^^^
  File "/home/airflow/.local/lib/python3.12/site-packages/airflow/decorators/base.py", line 243, in __init__
    raise ValueError(message) from err
ValueError: 
The function signature broke while assigning defaults to context key parameters.

The decorator is replacing the signature
> load(params: 'dict', payload: 'dict')

with
> load(params: 'dict' = None, payload: 'dict')

which isn't valid: non-default argument follows default argument
[2025-11-22T23:29:39.673+0000] {processor.py:927} WARNING - No viable dags retrieved from /opt/airflow/dags/dag_stock_etl.py
[2025-11-22T23:29:39.712+0000] {processor.py:208} INFO - Processing /opt/airflow/dags/dag_stock_etl.py took 0.723 seconds
[2025-11-22T23:30:10.016+0000] {processor.py:186} INFO - Started process (PID=769) to work on /opt/airflow/dags/dag_stock_etl.py
[2025-11-22T23:30:10.018+0000] {processor.py:914} INFO - Processing file /opt/airflow/dags/dag_stock_etl.py for tasks to queue
[2025-11-22T23:30:10.025+0000] {logging_mixin.py:190} INFO - [2025-11-22T23:30:10.023+0000] {dagbag.py:587} INFO - Filling up the DagBag from /opt/airflow/dags/dag_stock_etl.py
[2025-11-22T23:30:10.551+0000] {logging_mixin.py:190} INFO - [2025-11-22T23:30:10.541+0000] {dagbag.py:386} ERROR - Failed to import: /opt/airflow/dags/dag_stock_etl.py
Traceback (most recent call last):
  File "/home/airflow/.local/lib/python3.12/site-packages/airflow/decorators/base.py", line 228, in __init__
    signature = signature.replace(parameters=parameters)
                ^^^^^^^^^^^^^^^^^^^^^^^^^^^^^^^^^^^^^^^^
  File "/usr/local/lib/python3.12/inspect.py", line 3105, in replace
    return type(self)(parameters,
           ^^^^^^^^^^^^^^^^^^^^^^
  File "/usr/local/lib/python3.12/inspect.py", line 3061, in __init__
    raise ValueError(msg)
ValueError: non-default argument follows default argument

The above exception was the direct cause of the following exception:

Traceback (most recent call last):
  File "/home/airflow/.local/lib/python3.12/site-packages/airflow/models/dagbag.py", line 382, in parse
    loader.exec_module(new_module)
  File "<frozen importlib._bootstrap_external>", line 995, in exec_module
  File "<frozen importlib._bootstrap>", line 488, in _call_with_frames_removed
  File "/opt/airflow/dags/dag_stock_etl.py", line 146, in <module>
    l = load(p, d)
        ^^^^^^^^^^
  File "/home/airflow/.local/lib/python3.12/site-packages/airflow/decorators/base.py", line 373, in __call__
    op = self.operator_class(
         ^^^^^^^^^^^^^^^^^^^^
  File "/home/airflow/.local/lib/python3.12/site-packages/airflow/models/baseoperator.py", line 490, in apply_defaults
    result = func(self, **kwargs, default_args=default_args)
             ^^^^^^^^^^^^^^^^^^^^^^^^^^^^^^^^^^^^^^^^^^^^^^^
  File "/home/airflow/.local/lib/python3.12/site-packages/airflow/decorators/python.py", line 52, in __init__
    super().__init__(
  File "/home/airflow/.local/lib/python3.12/site-packages/airflow/models/baseoperator.py", line 490, in apply_defaults
    result = func(self, **kwargs, default_args=default_args)
             ^^^^^^^^^^^^^^^^^^^^^^^^^^^^^^^^^^^^^^^^^^^^^^^
  File "/home/airflow/.local/lib/python3.12/site-packages/airflow/decorators/base.py", line 243, in __init__
    raise ValueError(message) from err
ValueError: 
The function signature broke while assigning defaults to context key parameters.

The decorator is replacing the signature
> load(params: 'dict', payload: 'dict')

with
> load(params: 'dict' = None, payload: 'dict')

which isn't valid: non-default argument follows default argument
[2025-11-22T23:30:10.556+0000] {processor.py:927} WARNING - No viable dags retrieved from /opt/airflow/dags/dag_stock_etl.py
[2025-11-22T23:30:10.605+0000] {processor.py:208} INFO - Processing /opt/airflow/dags/dag_stock_etl.py took 0.607 seconds
[2025-11-22T23:30:41.500+0000] {processor.py:186} INFO - Started process (PID=811) to work on /opt/airflow/dags/dag_stock_etl.py
[2025-11-22T23:30:41.502+0000] {processor.py:914} INFO - Processing file /opt/airflow/dags/dag_stock_etl.py for tasks to queue
[2025-11-22T23:30:41.506+0000] {logging_mixin.py:190} INFO - [2025-11-22T23:30:41.506+0000] {dagbag.py:587} INFO - Filling up the DagBag from /opt/airflow/dags/dag_stock_etl.py
[2025-11-22T23:30:42.010+0000] {logging_mixin.py:190} INFO - [2025-11-22T23:30:42.001+0000] {dagbag.py:386} ERROR - Failed to import: /opt/airflow/dags/dag_stock_etl.py
Traceback (most recent call last):
  File "/home/airflow/.local/lib/python3.12/site-packages/airflow/decorators/base.py", line 228, in __init__
    signature = signature.replace(parameters=parameters)
                ^^^^^^^^^^^^^^^^^^^^^^^^^^^^^^^^^^^^^^^^
  File "/usr/local/lib/python3.12/inspect.py", line 3105, in replace
    return type(self)(parameters,
           ^^^^^^^^^^^^^^^^^^^^^^
  File "/usr/local/lib/python3.12/inspect.py", line 3061, in __init__
    raise ValueError(msg)
ValueError: non-default argument follows default argument

The above exception was the direct cause of the following exception:

Traceback (most recent call last):
  File "/home/airflow/.local/lib/python3.12/site-packages/airflow/models/dagbag.py", line 382, in parse
    loader.exec_module(new_module)
  File "<frozen importlib._bootstrap_external>", line 995, in exec_module
  File "<frozen importlib._bootstrap>", line 488, in _call_with_frames_removed
  File "/opt/airflow/dags/dag_stock_etl.py", line 146, in <module>
    l = load(p, d)
        ^^^^^^^^^^
  File "/home/airflow/.local/lib/python3.12/site-packages/airflow/decorators/base.py", line 373, in __call__
    op = self.operator_class(
         ^^^^^^^^^^^^^^^^^^^^
  File "/home/airflow/.local/lib/python3.12/site-packages/airflow/models/baseoperator.py", line 490, in apply_defaults
    result = func(self, **kwargs, default_args=default_args)
             ^^^^^^^^^^^^^^^^^^^^^^^^^^^^^^^^^^^^^^^^^^^^^^^
  File "/home/airflow/.local/lib/python3.12/site-packages/airflow/decorators/python.py", line 52, in __init__
    super().__init__(
  File "/home/airflow/.local/lib/python3.12/site-packages/airflow/models/baseoperator.py", line 490, in apply_defaults
    result = func(self, **kwargs, default_args=default_args)
             ^^^^^^^^^^^^^^^^^^^^^^^^^^^^^^^^^^^^^^^^^^^^^^^
  File "/home/airflow/.local/lib/python3.12/site-packages/airflow/decorators/base.py", line 243, in __init__
    raise ValueError(message) from err
ValueError: 
The function signature broke while assigning defaults to context key parameters.

The decorator is replacing the signature
> load(params: 'dict', payload: 'dict')

with
> load(params: 'dict' = None, payload: 'dict')

which isn't valid: non-default argument follows default argument
[2025-11-22T23:30:42.012+0000] {processor.py:927} WARNING - No viable dags retrieved from /opt/airflow/dags/dag_stock_etl.py
[2025-11-22T23:30:42.065+0000] {processor.py:208} INFO - Processing /opt/airflow/dags/dag_stock_etl.py took 0.581 seconds
[2025-11-22T23:31:12.343+0000] {processor.py:186} INFO - Started process (PID=850) to work on /opt/airflow/dags/dag_stock_etl.py
[2025-11-22T23:31:12.345+0000] {processor.py:914} INFO - Processing file /opt/airflow/dags/dag_stock_etl.py for tasks to queue
[2025-11-22T23:31:12.352+0000] {logging_mixin.py:190} INFO - [2025-11-22T23:31:12.351+0000] {dagbag.py:587} INFO - Filling up the DagBag from /opt/airflow/dags/dag_stock_etl.py
[2025-11-22T23:31:12.627+0000] {logging_mixin.py:190} INFO - [2025-11-22T23:31:12.620+0000] {dagbag.py:386} ERROR - Failed to import: /opt/airflow/dags/dag_stock_etl.py
Traceback (most recent call last):
  File "/home/airflow/.local/lib/python3.12/site-packages/airflow/decorators/base.py", line 228, in __init__
    signature = signature.replace(parameters=parameters)
                ^^^^^^^^^^^^^^^^^^^^^^^^^^^^^^^^^^^^^^^^
  File "/usr/local/lib/python3.12/inspect.py", line 3105, in replace
    return type(self)(parameters,
           ^^^^^^^^^^^^^^^^^^^^^^
  File "/usr/local/lib/python3.12/inspect.py", line 3061, in __init__
    raise ValueError(msg)
ValueError: non-default argument follows default argument

The above exception was the direct cause of the following exception:

Traceback (most recent call last):
  File "/home/airflow/.local/lib/python3.12/site-packages/airflow/models/dagbag.py", line 382, in parse
    loader.exec_module(new_module)
  File "<frozen importlib._bootstrap_external>", line 995, in exec_module
  File "<frozen importlib._bootstrap>", line 488, in _call_with_frames_removed
  File "/opt/airflow/dags/dag_stock_etl.py", line 146, in <module>
    l = load(p, d)
        ^^^^^^^^^^
  File "/home/airflow/.local/lib/python3.12/site-packages/airflow/decorators/base.py", line 373, in __call__
    op = self.operator_class(
         ^^^^^^^^^^^^^^^^^^^^
  File "/home/airflow/.local/lib/python3.12/site-packages/airflow/models/baseoperator.py", line 490, in apply_defaults
    result = func(self, **kwargs, default_args=default_args)
             ^^^^^^^^^^^^^^^^^^^^^^^^^^^^^^^^^^^^^^^^^^^^^^^
  File "/home/airflow/.local/lib/python3.12/site-packages/airflow/decorators/python.py", line 52, in __init__
    super().__init__(
  File "/home/airflow/.local/lib/python3.12/site-packages/airflow/models/baseoperator.py", line 490, in apply_defaults
    result = func(self, **kwargs, default_args=default_args)
             ^^^^^^^^^^^^^^^^^^^^^^^^^^^^^^^^^^^^^^^^^^^^^^^
  File "/home/airflow/.local/lib/python3.12/site-packages/airflow/decorators/base.py", line 243, in __init__
    raise ValueError(message) from err
ValueError: 
The function signature broke while assigning defaults to context key parameters.

The decorator is replacing the signature
> load(params: 'dict', payload: 'dict')

with
> load(params: 'dict' = None, payload: 'dict')

which isn't valid: non-default argument follows default argument
[2025-11-22T23:31:12.630+0000] {processor.py:927} WARNING - No viable dags retrieved from /opt/airflow/dags/dag_stock_etl.py
[2025-11-22T23:31:12.668+0000] {processor.py:208} INFO - Processing /opt/airflow/dags/dag_stock_etl.py took 0.336 seconds
[2025-11-22T23:31:42.961+0000] {processor.py:186} INFO - Started process (PID=891) to work on /opt/airflow/dags/dag_stock_etl.py
[2025-11-22T23:31:42.965+0000] {processor.py:914} INFO - Processing file /opt/airflow/dags/dag_stock_etl.py for tasks to queue
[2025-11-22T23:31:42.971+0000] {logging_mixin.py:190} INFO - [2025-11-22T23:31:42.970+0000] {dagbag.py:587} INFO - Filling up the DagBag from /opt/airflow/dags/dag_stock_etl.py
[2025-11-22T23:31:43.227+0000] {logging_mixin.py:190} INFO - [2025-11-22T23:31:43.221+0000] {dagbag.py:386} ERROR - Failed to import: /opt/airflow/dags/dag_stock_etl.py
Traceback (most recent call last):
  File "/home/airflow/.local/lib/python3.12/site-packages/airflow/decorators/base.py", line 228, in __init__
    signature = signature.replace(parameters=parameters)
                ^^^^^^^^^^^^^^^^^^^^^^^^^^^^^^^^^^^^^^^^
  File "/usr/local/lib/python3.12/inspect.py", line 3105, in replace
    return type(self)(parameters,
           ^^^^^^^^^^^^^^^^^^^^^^
  File "/usr/local/lib/python3.12/inspect.py", line 3061, in __init__
    raise ValueError(msg)
ValueError: non-default argument follows default argument

The above exception was the direct cause of the following exception:

Traceback (most recent call last):
  File "/home/airflow/.local/lib/python3.12/site-packages/airflow/models/dagbag.py", line 382, in parse
    loader.exec_module(new_module)
  File "<frozen importlib._bootstrap_external>", line 995, in exec_module
  File "<frozen importlib._bootstrap>", line 488, in _call_with_frames_removed
  File "/opt/airflow/dags/dag_stock_etl.py", line 146, in <module>
    l = load(p, d)
        ^^^^^^^^^^
  File "/home/airflow/.local/lib/python3.12/site-packages/airflow/decorators/base.py", line 373, in __call__
    op = self.operator_class(
         ^^^^^^^^^^^^^^^^^^^^
  File "/home/airflow/.local/lib/python3.12/site-packages/airflow/models/baseoperator.py", line 490, in apply_defaults
    result = func(self, **kwargs, default_args=default_args)
             ^^^^^^^^^^^^^^^^^^^^^^^^^^^^^^^^^^^^^^^^^^^^^^^
  File "/home/airflow/.local/lib/python3.12/site-packages/airflow/decorators/python.py", line 52, in __init__
    super().__init__(
  File "/home/airflow/.local/lib/python3.12/site-packages/airflow/models/baseoperator.py", line 490, in apply_defaults
    result = func(self, **kwargs, default_args=default_args)
             ^^^^^^^^^^^^^^^^^^^^^^^^^^^^^^^^^^^^^^^^^^^^^^^
  File "/home/airflow/.local/lib/python3.12/site-packages/airflow/decorators/base.py", line 243, in __init__
    raise ValueError(message) from err
ValueError: 
The function signature broke while assigning defaults to context key parameters.

The decorator is replacing the signature
> load(params: 'dict', payload: 'dict')

with
> load(params: 'dict' = None, payload: 'dict')

which isn't valid: non-default argument follows default argument
[2025-11-22T23:31:43.229+0000] {processor.py:927} WARNING - No viable dags retrieved from /opt/airflow/dags/dag_stock_etl.py
[2025-11-22T23:31:43.259+0000] {processor.py:208} INFO - Processing /opt/airflow/dags/dag_stock_etl.py took 0.366 seconds
[2025-11-22T23:32:13.333+0000] {processor.py:186} INFO - Started process (PID=932) to work on /opt/airflow/dags/dag_stock_etl.py
[2025-11-22T23:32:13.335+0000] {processor.py:914} INFO - Processing file /opt/airflow/dags/dag_stock_etl.py for tasks to queue
[2025-11-22T23:32:13.339+0000] {logging_mixin.py:190} INFO - [2025-11-22T23:32:13.338+0000] {dagbag.py:587} INFO - Filling up the DagBag from /opt/airflow/dags/dag_stock_etl.py
[2025-11-22T23:32:13.657+0000] {logging_mixin.py:190} INFO - [2025-11-22T23:32:13.651+0000] {dagbag.py:386} ERROR - Failed to import: /opt/airflow/dags/dag_stock_etl.py
Traceback (most recent call last):
  File "/home/airflow/.local/lib/python3.12/site-packages/airflow/decorators/base.py", line 228, in __init__
    signature = signature.replace(parameters=parameters)
                ^^^^^^^^^^^^^^^^^^^^^^^^^^^^^^^^^^^^^^^^
  File "/usr/local/lib/python3.12/inspect.py", line 3105, in replace
    return type(self)(parameters,
           ^^^^^^^^^^^^^^^^^^^^^^
  File "/usr/local/lib/python3.12/inspect.py", line 3061, in __init__
    raise ValueError(msg)
ValueError: non-default argument follows default argument

The above exception was the direct cause of the following exception:

Traceback (most recent call last):
  File "/home/airflow/.local/lib/python3.12/site-packages/airflow/models/dagbag.py", line 382, in parse
    loader.exec_module(new_module)
  File "<frozen importlib._bootstrap_external>", line 995, in exec_module
  File "<frozen importlib._bootstrap>", line 488, in _call_with_frames_removed
  File "/opt/airflow/dags/dag_stock_etl.py", line 146, in <module>
    l = load(p, d)
        ^^^^^^^^^^
  File "/home/airflow/.local/lib/python3.12/site-packages/airflow/decorators/base.py", line 373, in __call__
    op = self.operator_class(
         ^^^^^^^^^^^^^^^^^^^^
  File "/home/airflow/.local/lib/python3.12/site-packages/airflow/models/baseoperator.py", line 490, in apply_defaults
    result = func(self, **kwargs, default_args=default_args)
             ^^^^^^^^^^^^^^^^^^^^^^^^^^^^^^^^^^^^^^^^^^^^^^^
  File "/home/airflow/.local/lib/python3.12/site-packages/airflow/decorators/python.py", line 52, in __init__
    super().__init__(
  File "/home/airflow/.local/lib/python3.12/site-packages/airflow/models/baseoperator.py", line 490, in apply_defaults
    result = func(self, **kwargs, default_args=default_args)
             ^^^^^^^^^^^^^^^^^^^^^^^^^^^^^^^^^^^^^^^^^^^^^^^
  File "/home/airflow/.local/lib/python3.12/site-packages/airflow/decorators/base.py", line 243, in __init__
    raise ValueError(message) from err
ValueError: 
The function signature broke while assigning defaults to context key parameters.

The decorator is replacing the signature
> load(params: 'dict', payload: 'dict')

with
> load(params: 'dict' = None, payload: 'dict')

which isn't valid: non-default argument follows default argument
[2025-11-22T23:32:13.659+0000] {processor.py:927} WARNING - No viable dags retrieved from /opt/airflow/dags/dag_stock_etl.py
[2025-11-22T23:32:13.690+0000] {processor.py:208} INFO - Processing /opt/airflow/dags/dag_stock_etl.py took 0.369 seconds
[2025-11-22T23:32:44.424+0000] {processor.py:186} INFO - Started process (PID=972) to work on /opt/airflow/dags/dag_stock_etl.py
[2025-11-22T23:32:44.426+0000] {processor.py:914} INFO - Processing file /opt/airflow/dags/dag_stock_etl.py for tasks to queue
[2025-11-22T23:32:44.433+0000] {logging_mixin.py:190} INFO - [2025-11-22T23:32:44.432+0000] {dagbag.py:587} INFO - Filling up the DagBag from /opt/airflow/dags/dag_stock_etl.py
[2025-11-22T23:32:45.173+0000] {logging_mixin.py:190} INFO - [2025-11-22T23:32:45.163+0000] {dagbag.py:386} ERROR - Failed to import: /opt/airflow/dags/dag_stock_etl.py
Traceback (most recent call last):
  File "/home/airflow/.local/lib/python3.12/site-packages/airflow/decorators/base.py", line 228, in __init__
    signature = signature.replace(parameters=parameters)
                ^^^^^^^^^^^^^^^^^^^^^^^^^^^^^^^^^^^^^^^^
  File "/usr/local/lib/python3.12/inspect.py", line 3105, in replace
    return type(self)(parameters,
           ^^^^^^^^^^^^^^^^^^^^^^
  File "/usr/local/lib/python3.12/inspect.py", line 3061, in __init__
    raise ValueError(msg)
ValueError: non-default argument follows default argument

The above exception was the direct cause of the following exception:

Traceback (most recent call last):
  File "/home/airflow/.local/lib/python3.12/site-packages/airflow/models/dagbag.py", line 382, in parse
    loader.exec_module(new_module)
  File "<frozen importlib._bootstrap_external>", line 995, in exec_module
  File "<frozen importlib._bootstrap>", line 488, in _call_with_frames_removed
  File "/opt/airflow/dags/dag_stock_etl.py", line 146, in <module>
    l = load(p, d)
        ^^^^^^^^^^
  File "/home/airflow/.local/lib/python3.12/site-packages/airflow/decorators/base.py", line 373, in __call__
    op = self.operator_class(
         ^^^^^^^^^^^^^^^^^^^^
  File "/home/airflow/.local/lib/python3.12/site-packages/airflow/models/baseoperator.py", line 490, in apply_defaults
    result = func(self, **kwargs, default_args=default_args)
             ^^^^^^^^^^^^^^^^^^^^^^^^^^^^^^^^^^^^^^^^^^^^^^^
  File "/home/airflow/.local/lib/python3.12/site-packages/airflow/decorators/python.py", line 52, in __init__
    super().__init__(
  File "/home/airflow/.local/lib/python3.12/site-packages/airflow/models/baseoperator.py", line 490, in apply_defaults
    result = func(self, **kwargs, default_args=default_args)
             ^^^^^^^^^^^^^^^^^^^^^^^^^^^^^^^^^^^^^^^^^^^^^^^
  File "/home/airflow/.local/lib/python3.12/site-packages/airflow/decorators/base.py", line 243, in __init__
    raise ValueError(message) from err
ValueError: 
The function signature broke while assigning defaults to context key parameters.

The decorator is replacing the signature
> load(params: 'dict', payload: 'dict')

with
> load(params: 'dict' = None, payload: 'dict')

which isn't valid: non-default argument follows default argument
[2025-11-22T23:32:45.176+0000] {processor.py:927} WARNING - No viable dags retrieved from /opt/airflow/dags/dag_stock_etl.py
[2025-11-22T23:32:45.216+0000] {processor.py:208} INFO - Processing /opt/airflow/dags/dag_stock_etl.py took 0.805 seconds
[2025-11-22T23:33:15.535+0000] {processor.py:186} INFO - Started process (PID=1013) to work on /opt/airflow/dags/dag_stock_etl.py
[2025-11-22T23:33:15.537+0000] {processor.py:914} INFO - Processing file /opt/airflow/dags/dag_stock_etl.py for tasks to queue
[2025-11-22T23:33:15.541+0000] {logging_mixin.py:190} INFO - [2025-11-22T23:33:15.540+0000] {dagbag.py:587} INFO - Filling up the DagBag from /opt/airflow/dags/dag_stock_etl.py
[2025-11-22T23:33:15.801+0000] {logging_mixin.py:190} INFO - [2025-11-22T23:33:15.796+0000] {dagbag.py:386} ERROR - Failed to import: /opt/airflow/dags/dag_stock_etl.py
Traceback (most recent call last):
  File "/home/airflow/.local/lib/python3.12/site-packages/airflow/decorators/base.py", line 228, in __init__
    signature = signature.replace(parameters=parameters)
                ^^^^^^^^^^^^^^^^^^^^^^^^^^^^^^^^^^^^^^^^
  File "/usr/local/lib/python3.12/inspect.py", line 3105, in replace
    return type(self)(parameters,
           ^^^^^^^^^^^^^^^^^^^^^^
  File "/usr/local/lib/python3.12/inspect.py", line 3061, in __init__
    raise ValueError(msg)
ValueError: non-default argument follows default argument

The above exception was the direct cause of the following exception:

Traceback (most recent call last):
  File "/home/airflow/.local/lib/python3.12/site-packages/airflow/models/dagbag.py", line 382, in parse
    loader.exec_module(new_module)
  File "<frozen importlib._bootstrap_external>", line 995, in exec_module
  File "<frozen importlib._bootstrap>", line 488, in _call_with_frames_removed
  File "/opt/airflow/dags/dag_stock_etl.py", line 146, in <module>
    l = load(p, d)
        ^^^^^^^^^^
  File "/home/airflow/.local/lib/python3.12/site-packages/airflow/decorators/base.py", line 373, in __call__
    op = self.operator_class(
         ^^^^^^^^^^^^^^^^^^^^
  File "/home/airflow/.local/lib/python3.12/site-packages/airflow/models/baseoperator.py", line 490, in apply_defaults
    result = func(self, **kwargs, default_args=default_args)
             ^^^^^^^^^^^^^^^^^^^^^^^^^^^^^^^^^^^^^^^^^^^^^^^
  File "/home/airflow/.local/lib/python3.12/site-packages/airflow/decorators/python.py", line 52, in __init__
    super().__init__(
  File "/home/airflow/.local/lib/python3.12/site-packages/airflow/models/baseoperator.py", line 490, in apply_defaults
    result = func(self, **kwargs, default_args=default_args)
             ^^^^^^^^^^^^^^^^^^^^^^^^^^^^^^^^^^^^^^^^^^^^^^^
  File "/home/airflow/.local/lib/python3.12/site-packages/airflow/decorators/base.py", line 243, in __init__
    raise ValueError(message) from err
ValueError: 
The function signature broke while assigning defaults to context key parameters.

The decorator is replacing the signature
> load(params: 'dict', payload: 'dict')

with
> load(params: 'dict' = None, payload: 'dict')

which isn't valid: non-default argument follows default argument
[2025-11-22T23:33:15.803+0000] {processor.py:927} WARNING - No viable dags retrieved from /opt/airflow/dags/dag_stock_etl.py
[2025-11-22T23:33:15.832+0000] {processor.py:208} INFO - Processing /opt/airflow/dags/dag_stock_etl.py took 0.306 seconds
[2025-11-22T23:33:45.990+0000] {processor.py:186} INFO - Started process (PID=1054) to work on /opt/airflow/dags/dag_stock_etl.py
[2025-11-22T23:33:45.992+0000] {processor.py:914} INFO - Processing file /opt/airflow/dags/dag_stock_etl.py for tasks to queue
[2025-11-22T23:33:45.997+0000] {logging_mixin.py:190} INFO - [2025-11-22T23:33:45.997+0000] {dagbag.py:587} INFO - Filling up the DagBag from /opt/airflow/dags/dag_stock_etl.py
[2025-11-22T23:33:46.261+0000] {logging_mixin.py:190} INFO - [2025-11-22T23:33:46.253+0000] {dagbag.py:386} ERROR - Failed to import: /opt/airflow/dags/dag_stock_etl.py
Traceback (most recent call last):
  File "/home/airflow/.local/lib/python3.12/site-packages/airflow/decorators/base.py", line 228, in __init__
    signature = signature.replace(parameters=parameters)
                ^^^^^^^^^^^^^^^^^^^^^^^^^^^^^^^^^^^^^^^^
  File "/usr/local/lib/python3.12/inspect.py", line 3105, in replace
    return type(self)(parameters,
           ^^^^^^^^^^^^^^^^^^^^^^
  File "/usr/local/lib/python3.12/inspect.py", line 3061, in __init__
    raise ValueError(msg)
ValueError: non-default argument follows default argument

The above exception was the direct cause of the following exception:

Traceback (most recent call last):
  File "/home/airflow/.local/lib/python3.12/site-packages/airflow/models/dagbag.py", line 382, in parse
    loader.exec_module(new_module)
  File "<frozen importlib._bootstrap_external>", line 995, in exec_module
  File "<frozen importlib._bootstrap>", line 488, in _call_with_frames_removed
  File "/opt/airflow/dags/dag_stock_etl.py", line 146, in <module>
    l = load(p, d)
        ^^^^^^^^^^
  File "/home/airflow/.local/lib/python3.12/site-packages/airflow/decorators/base.py", line 373, in __call__
    op = self.operator_class(
         ^^^^^^^^^^^^^^^^^^^^
  File "/home/airflow/.local/lib/python3.12/site-packages/airflow/models/baseoperator.py", line 490, in apply_defaults
    result = func(self, **kwargs, default_args=default_args)
             ^^^^^^^^^^^^^^^^^^^^^^^^^^^^^^^^^^^^^^^^^^^^^^^
  File "/home/airflow/.local/lib/python3.12/site-packages/airflow/decorators/python.py", line 52, in __init__
    super().__init__(
  File "/home/airflow/.local/lib/python3.12/site-packages/airflow/models/baseoperator.py", line 490, in apply_defaults
    result = func(self, **kwargs, default_args=default_args)
             ^^^^^^^^^^^^^^^^^^^^^^^^^^^^^^^^^^^^^^^^^^^^^^^
  File "/home/airflow/.local/lib/python3.12/site-packages/airflow/decorators/base.py", line 243, in __init__
    raise ValueError(message) from err
ValueError: 
The function signature broke while assigning defaults to context key parameters.

The decorator is replacing the signature
> load(params: 'dict', payload: 'dict')

with
> load(params: 'dict' = None, payload: 'dict')

which isn't valid: non-default argument follows default argument
[2025-11-22T23:33:46.263+0000] {processor.py:927} WARNING - No viable dags retrieved from /opt/airflow/dags/dag_stock_etl.py
[2025-11-22T23:33:46.303+0000] {processor.py:208} INFO - Processing /opt/airflow/dags/dag_stock_etl.py took 0.328 seconds
[2025-11-22T23:34:16.811+0000] {processor.py:186} INFO - Started process (PID=1095) to work on /opt/airflow/dags/dag_stock_etl.py
[2025-11-22T23:34:16.813+0000] {processor.py:914} INFO - Processing file /opt/airflow/dags/dag_stock_etl.py for tasks to queue
[2025-11-22T23:34:16.818+0000] {logging_mixin.py:190} INFO - [2025-11-22T23:34:16.817+0000] {dagbag.py:587} INFO - Filling up the DagBag from /opt/airflow/dags/dag_stock_etl.py
[2025-11-22T23:34:17.174+0000] {logging_mixin.py:190} INFO - [2025-11-22T23:34:17.152+0000] {dagbag.py:386} ERROR - Failed to import: /opt/airflow/dags/dag_stock_etl.py
Traceback (most recent call last):
  File "/home/airflow/.local/lib/python3.12/site-packages/airflow/decorators/base.py", line 228, in __init__
    signature = signature.replace(parameters=parameters)
                ^^^^^^^^^^^^^^^^^^^^^^^^^^^^^^^^^^^^^^^^
  File "/usr/local/lib/python3.12/inspect.py", line 3105, in replace
    return type(self)(parameters,
           ^^^^^^^^^^^^^^^^^^^^^^
  File "/usr/local/lib/python3.12/inspect.py", line 3061, in __init__
    raise ValueError(msg)
ValueError: non-default argument follows default argument

The above exception was the direct cause of the following exception:

Traceback (most recent call last):
  File "/home/airflow/.local/lib/python3.12/site-packages/airflow/models/dagbag.py", line 382, in parse
    loader.exec_module(new_module)
  File "<frozen importlib._bootstrap_external>", line 995, in exec_module
  File "<frozen importlib._bootstrap>", line 488, in _call_with_frames_removed
  File "/opt/airflow/dags/dag_stock_etl.py", line 146, in <module>
    l = load(p, d)
        ^^^^^^^^^^
  File "/home/airflow/.local/lib/python3.12/site-packages/airflow/decorators/base.py", line 373, in __call__
    op = self.operator_class(
         ^^^^^^^^^^^^^^^^^^^^
  File "/home/airflow/.local/lib/python3.12/site-packages/airflow/models/baseoperator.py", line 490, in apply_defaults
    result = func(self, **kwargs, default_args=default_args)
             ^^^^^^^^^^^^^^^^^^^^^^^^^^^^^^^^^^^^^^^^^^^^^^^
  File "/home/airflow/.local/lib/python3.12/site-packages/airflow/decorators/python.py", line 52, in __init__
    super().__init__(
  File "/home/airflow/.local/lib/python3.12/site-packages/airflow/models/baseoperator.py", line 490, in apply_defaults
    result = func(self, **kwargs, default_args=default_args)
             ^^^^^^^^^^^^^^^^^^^^^^^^^^^^^^^^^^^^^^^^^^^^^^^
  File "/home/airflow/.local/lib/python3.12/site-packages/airflow/decorators/base.py", line 243, in __init__
    raise ValueError(message) from err
ValueError: 
The function signature broke while assigning defaults to context key parameters.

The decorator is replacing the signature
> load(params: 'dict', payload: 'dict')

with
> load(params: 'dict' = None, payload: 'dict')

which isn't valid: non-default argument follows default argument
[2025-11-22T23:34:17.178+0000] {processor.py:927} WARNING - No viable dags retrieved from /opt/airflow/dags/dag_stock_etl.py
[2025-11-22T23:34:17.228+0000] {processor.py:208} INFO - Processing /opt/airflow/dags/dag_stock_etl.py took 0.439 seconds
[2025-11-22T23:34:48.073+0000] {processor.py:186} INFO - Started process (PID=1136) to work on /opt/airflow/dags/dag_stock_etl.py
[2025-11-22T23:34:48.076+0000] {processor.py:914} INFO - Processing file /opt/airflow/dags/dag_stock_etl.py for tasks to queue
[2025-11-22T23:34:48.082+0000] {logging_mixin.py:190} INFO - [2025-11-22T23:34:48.082+0000] {dagbag.py:587} INFO - Filling up the DagBag from /opt/airflow/dags/dag_stock_etl.py
[2025-11-22T23:34:48.486+0000] {logging_mixin.py:190} INFO - [2025-11-22T23:34:48.480+0000] {dagbag.py:386} ERROR - Failed to import: /opt/airflow/dags/dag_stock_etl.py
Traceback (most recent call last):
  File "/home/airflow/.local/lib/python3.12/site-packages/airflow/decorators/base.py", line 228, in __init__
    signature = signature.replace(parameters=parameters)
                ^^^^^^^^^^^^^^^^^^^^^^^^^^^^^^^^^^^^^^^^
  File "/usr/local/lib/python3.12/inspect.py", line 3105, in replace
    return type(self)(parameters,
           ^^^^^^^^^^^^^^^^^^^^^^
  File "/usr/local/lib/python3.12/inspect.py", line 3061, in __init__
    raise ValueError(msg)
ValueError: non-default argument follows default argument

The above exception was the direct cause of the following exception:

Traceback (most recent call last):
  File "/home/airflow/.local/lib/python3.12/site-packages/airflow/models/dagbag.py", line 382, in parse
    loader.exec_module(new_module)
  File "<frozen importlib._bootstrap_external>", line 995, in exec_module
  File "<frozen importlib._bootstrap>", line 488, in _call_with_frames_removed
  File "/opt/airflow/dags/dag_stock_etl.py", line 146, in <module>
    l = load(p, d)
        ^^^^^^^^^^
  File "/home/airflow/.local/lib/python3.12/site-packages/airflow/decorators/base.py", line 373, in __call__
    op = self.operator_class(
         ^^^^^^^^^^^^^^^^^^^^
  File "/home/airflow/.local/lib/python3.12/site-packages/airflow/models/baseoperator.py", line 490, in apply_defaults
    result = func(self, **kwargs, default_args=default_args)
             ^^^^^^^^^^^^^^^^^^^^^^^^^^^^^^^^^^^^^^^^^^^^^^^
  File "/home/airflow/.local/lib/python3.12/site-packages/airflow/decorators/python.py", line 52, in __init__
    super().__init__(
  File "/home/airflow/.local/lib/python3.12/site-packages/airflow/models/baseoperator.py", line 490, in apply_defaults
    result = func(self, **kwargs, default_args=default_args)
             ^^^^^^^^^^^^^^^^^^^^^^^^^^^^^^^^^^^^^^^^^^^^^^^
  File "/home/airflow/.local/lib/python3.12/site-packages/airflow/decorators/base.py", line 243, in __init__
    raise ValueError(message) from err
ValueError: 
The function signature broke while assigning defaults to context key parameters.

The decorator is replacing the signature
> load(params: 'dict', payload: 'dict')

with
> load(params: 'dict' = None, payload: 'dict')

which isn't valid: non-default argument follows default argument
[2025-11-22T23:34:48.488+0000] {processor.py:927} WARNING - No viable dags retrieved from /opt/airflow/dags/dag_stock_etl.py
[2025-11-22T23:34:48.518+0000] {processor.py:208} INFO - Processing /opt/airflow/dags/dag_stock_etl.py took 0.471 seconds
[2025-11-22T23:35:18.652+0000] {processor.py:186} INFO - Started process (PID=1177) to work on /opt/airflow/dags/dag_stock_etl.py
[2025-11-22T23:35:18.655+0000] {processor.py:914} INFO - Processing file /opt/airflow/dags/dag_stock_etl.py for tasks to queue
[2025-11-22T23:35:18.661+0000] {logging_mixin.py:190} INFO - [2025-11-22T23:35:18.660+0000] {dagbag.py:587} INFO - Filling up the DagBag from /opt/airflow/dags/dag_stock_etl.py
[2025-11-22T23:35:19.003+0000] {logging_mixin.py:190} INFO - [2025-11-22T23:35:18.995+0000] {dagbag.py:386} ERROR - Failed to import: /opt/airflow/dags/dag_stock_etl.py
Traceback (most recent call last):
  File "/home/airflow/.local/lib/python3.12/site-packages/airflow/decorators/base.py", line 228, in __init__
    signature = signature.replace(parameters=parameters)
                ^^^^^^^^^^^^^^^^^^^^^^^^^^^^^^^^^^^^^^^^
  File "/usr/local/lib/python3.12/inspect.py", line 3105, in replace
    return type(self)(parameters,
           ^^^^^^^^^^^^^^^^^^^^^^
  File "/usr/local/lib/python3.12/inspect.py", line 3061, in __init__
    raise ValueError(msg)
ValueError: non-default argument follows default argument

The above exception was the direct cause of the following exception:

Traceback (most recent call last):
  File "/home/airflow/.local/lib/python3.12/site-packages/airflow/models/dagbag.py", line 382, in parse
    loader.exec_module(new_module)
  File "<frozen importlib._bootstrap_external>", line 995, in exec_module
  File "<frozen importlib._bootstrap>", line 488, in _call_with_frames_removed
  File "/opt/airflow/dags/dag_stock_etl.py", line 146, in <module>
    l = load(p, d)
        ^^^^^^^^^^
  File "/home/airflow/.local/lib/python3.12/site-packages/airflow/decorators/base.py", line 373, in __call__
    op = self.operator_class(
         ^^^^^^^^^^^^^^^^^^^^
  File "/home/airflow/.local/lib/python3.12/site-packages/airflow/models/baseoperator.py", line 490, in apply_defaults
    result = func(self, **kwargs, default_args=default_args)
             ^^^^^^^^^^^^^^^^^^^^^^^^^^^^^^^^^^^^^^^^^^^^^^^
  File "/home/airflow/.local/lib/python3.12/site-packages/airflow/decorators/python.py", line 52, in __init__
    super().__init__(
  File "/home/airflow/.local/lib/python3.12/site-packages/airflow/models/baseoperator.py", line 490, in apply_defaults
    result = func(self, **kwargs, default_args=default_args)
             ^^^^^^^^^^^^^^^^^^^^^^^^^^^^^^^^^^^^^^^^^^^^^^^
  File "/home/airflow/.local/lib/python3.12/site-packages/airflow/decorators/base.py", line 243, in __init__
    raise ValueError(message) from err
ValueError: 
The function signature broke while assigning defaults to context key parameters.

The decorator is replacing the signature
> load(params: 'dict', payload: 'dict')

with
> load(params: 'dict' = None, payload: 'dict')

which isn't valid: non-default argument follows default argument
[2025-11-22T23:35:19.006+0000] {processor.py:927} WARNING - No viable dags retrieved from /opt/airflow/dags/dag_stock_etl.py
[2025-11-22T23:35:19.041+0000] {processor.py:208} INFO - Processing /opt/airflow/dags/dag_stock_etl.py took 0.403 seconds
[2025-11-22T23:35:49.395+0000] {processor.py:186} INFO - Started process (PID=1218) to work on /opt/airflow/dags/dag_stock_etl.py
[2025-11-22T23:35:49.397+0000] {processor.py:914} INFO - Processing file /opt/airflow/dags/dag_stock_etl.py for tasks to queue
[2025-11-22T23:35:49.405+0000] {logging_mixin.py:190} INFO - [2025-11-22T23:35:49.404+0000] {dagbag.py:587} INFO - Filling up the DagBag from /opt/airflow/dags/dag_stock_etl.py
[2025-11-22T23:35:49.811+0000] {logging_mixin.py:190} INFO - [2025-11-22T23:35:49.803+0000] {dagbag.py:386} ERROR - Failed to import: /opt/airflow/dags/dag_stock_etl.py
Traceback (most recent call last):
  File "/home/airflow/.local/lib/python3.12/site-packages/airflow/decorators/base.py", line 228, in __init__
    signature = signature.replace(parameters=parameters)
                ^^^^^^^^^^^^^^^^^^^^^^^^^^^^^^^^^^^^^^^^
  File "/usr/local/lib/python3.12/inspect.py", line 3105, in replace
    return type(self)(parameters,
           ^^^^^^^^^^^^^^^^^^^^^^
  File "/usr/local/lib/python3.12/inspect.py", line 3061, in __init__
    raise ValueError(msg)
ValueError: non-default argument follows default argument

The above exception was the direct cause of the following exception:

Traceback (most recent call last):
  File "/home/airflow/.local/lib/python3.12/site-packages/airflow/models/dagbag.py", line 382, in parse
    loader.exec_module(new_module)
  File "<frozen importlib._bootstrap_external>", line 995, in exec_module
  File "<frozen importlib._bootstrap>", line 488, in _call_with_frames_removed
  File "/opt/airflow/dags/dag_stock_etl.py", line 146, in <module>
    l = load(p, d)
        ^^^^^^^^^^
  File "/home/airflow/.local/lib/python3.12/site-packages/airflow/decorators/base.py", line 373, in __call__
    op = self.operator_class(
         ^^^^^^^^^^^^^^^^^^^^
  File "/home/airflow/.local/lib/python3.12/site-packages/airflow/models/baseoperator.py", line 490, in apply_defaults
    result = func(self, **kwargs, default_args=default_args)
             ^^^^^^^^^^^^^^^^^^^^^^^^^^^^^^^^^^^^^^^^^^^^^^^
  File "/home/airflow/.local/lib/python3.12/site-packages/airflow/decorators/python.py", line 52, in __init__
    super().__init__(
  File "/home/airflow/.local/lib/python3.12/site-packages/airflow/models/baseoperator.py", line 490, in apply_defaults
    result = func(self, **kwargs, default_args=default_args)
             ^^^^^^^^^^^^^^^^^^^^^^^^^^^^^^^^^^^^^^^^^^^^^^^
  File "/home/airflow/.local/lib/python3.12/site-packages/airflow/decorators/base.py", line 243, in __init__
    raise ValueError(message) from err
ValueError: 
The function signature broke while assigning defaults to context key parameters.

The decorator is replacing the signature
> load(params: 'dict', payload: 'dict')

with
> load(params: 'dict' = None, payload: 'dict')

which isn't valid: non-default argument follows default argument
[2025-11-22T23:35:49.814+0000] {processor.py:927} WARNING - No viable dags retrieved from /opt/airflow/dags/dag_stock_etl.py
[2025-11-22T23:35:49.849+0000] {processor.py:208} INFO - Processing /opt/airflow/dags/dag_stock_etl.py took 0.468 seconds
[2025-11-22T23:36:20.163+0000] {processor.py:186} INFO - Started process (PID=1259) to work on /opt/airflow/dags/dag_stock_etl.py
[2025-11-22T23:36:20.165+0000] {processor.py:914} INFO - Processing file /opt/airflow/dags/dag_stock_etl.py for tasks to queue
[2025-11-22T23:36:20.173+0000] {logging_mixin.py:190} INFO - [2025-11-22T23:36:20.172+0000] {dagbag.py:587} INFO - Filling up the DagBag from /opt/airflow/dags/dag_stock_etl.py
[2025-11-22T23:36:20.990+0000] {logging_mixin.py:190} INFO - [2025-11-22T23:36:20.979+0000] {dagbag.py:386} ERROR - Failed to import: /opt/airflow/dags/dag_stock_etl.py
Traceback (most recent call last):
  File "/home/airflow/.local/lib/python3.12/site-packages/airflow/decorators/base.py", line 228, in __init__
    signature = signature.replace(parameters=parameters)
                ^^^^^^^^^^^^^^^^^^^^^^^^^^^^^^^^^^^^^^^^
  File "/usr/local/lib/python3.12/inspect.py", line 3105, in replace
    return type(self)(parameters,
           ^^^^^^^^^^^^^^^^^^^^^^
  File "/usr/local/lib/python3.12/inspect.py", line 3061, in __init__
    raise ValueError(msg)
ValueError: non-default argument follows default argument

The above exception was the direct cause of the following exception:

Traceback (most recent call last):
  File "/home/airflow/.local/lib/python3.12/site-packages/airflow/models/dagbag.py", line 382, in parse
    loader.exec_module(new_module)
  File "<frozen importlib._bootstrap_external>", line 995, in exec_module
  File "<frozen importlib._bootstrap>", line 488, in _call_with_frames_removed
  File "/opt/airflow/dags/dag_stock_etl.py", line 146, in <module>
    l = load(p, d)
        ^^^^^^^^^^
  File "/home/airflow/.local/lib/python3.12/site-packages/airflow/decorators/base.py", line 373, in __call__
    op = self.operator_class(
         ^^^^^^^^^^^^^^^^^^^^
  File "/home/airflow/.local/lib/python3.12/site-packages/airflow/models/baseoperator.py", line 490, in apply_defaults
    result = func(self, **kwargs, default_args=default_args)
             ^^^^^^^^^^^^^^^^^^^^^^^^^^^^^^^^^^^^^^^^^^^^^^^
  File "/home/airflow/.local/lib/python3.12/site-packages/airflow/decorators/python.py", line 52, in __init__
    super().__init__(
  File "/home/airflow/.local/lib/python3.12/site-packages/airflow/models/baseoperator.py", line 490, in apply_defaults
    result = func(self, **kwargs, default_args=default_args)
             ^^^^^^^^^^^^^^^^^^^^^^^^^^^^^^^^^^^^^^^^^^^^^^^
  File "/home/airflow/.local/lib/python3.12/site-packages/airflow/decorators/base.py", line 243, in __init__
    raise ValueError(message) from err
ValueError: 
The function signature broke while assigning defaults to context key parameters.

The decorator is replacing the signature
> load(params: 'dict', payload: 'dict')

with
> load(params: 'dict' = None, payload: 'dict')

which isn't valid: non-default argument follows default argument
[2025-11-22T23:36:20.994+0000] {processor.py:927} WARNING - No viable dags retrieved from /opt/airflow/dags/dag_stock_etl.py
[2025-11-22T23:36:21.041+0000] {processor.py:208} INFO - Processing /opt/airflow/dags/dag_stock_etl.py took 0.898 seconds
[2025-11-22T23:36:51.274+0000] {processor.py:186} INFO - Started process (PID=1300) to work on /opt/airflow/dags/dag_stock_etl.py
[2025-11-22T23:36:51.275+0000] {processor.py:914} INFO - Processing file /opt/airflow/dags/dag_stock_etl.py for tasks to queue
[2025-11-22T23:36:51.280+0000] {logging_mixin.py:190} INFO - [2025-11-22T23:36:51.279+0000] {dagbag.py:587} INFO - Filling up the DagBag from /opt/airflow/dags/dag_stock_etl.py
[2025-11-22T23:36:51.527+0000] {logging_mixin.py:190} INFO - [2025-11-22T23:36:51.519+0000] {dagbag.py:386} ERROR - Failed to import: /opt/airflow/dags/dag_stock_etl.py
Traceback (most recent call last):
  File "/home/airflow/.local/lib/python3.12/site-packages/airflow/decorators/base.py", line 228, in __init__
    signature = signature.replace(parameters=parameters)
                ^^^^^^^^^^^^^^^^^^^^^^^^^^^^^^^^^^^^^^^^
  File "/usr/local/lib/python3.12/inspect.py", line 3105, in replace
    return type(self)(parameters,
           ^^^^^^^^^^^^^^^^^^^^^^
  File "/usr/local/lib/python3.12/inspect.py", line 3061, in __init__
    raise ValueError(msg)
ValueError: non-default argument follows default argument

The above exception was the direct cause of the following exception:

Traceback (most recent call last):
  File "/home/airflow/.local/lib/python3.12/site-packages/airflow/models/dagbag.py", line 382, in parse
    loader.exec_module(new_module)
  File "<frozen importlib._bootstrap_external>", line 995, in exec_module
  File "<frozen importlib._bootstrap>", line 488, in _call_with_frames_removed
  File "/opt/airflow/dags/dag_stock_etl.py", line 146, in <module>
    l = load(p, d)
        ^^^^^^^^^^
  File "/home/airflow/.local/lib/python3.12/site-packages/airflow/decorators/base.py", line 373, in __call__
    op = self.operator_class(
         ^^^^^^^^^^^^^^^^^^^^
  File "/home/airflow/.local/lib/python3.12/site-packages/airflow/models/baseoperator.py", line 490, in apply_defaults
    result = func(self, **kwargs, default_args=default_args)
             ^^^^^^^^^^^^^^^^^^^^^^^^^^^^^^^^^^^^^^^^^^^^^^^
  File "/home/airflow/.local/lib/python3.12/site-packages/airflow/decorators/python.py", line 52, in __init__
    super().__init__(
  File "/home/airflow/.local/lib/python3.12/site-packages/airflow/models/baseoperator.py", line 490, in apply_defaults
    result = func(self, **kwargs, default_args=default_args)
             ^^^^^^^^^^^^^^^^^^^^^^^^^^^^^^^^^^^^^^^^^^^^^^^
  File "/home/airflow/.local/lib/python3.12/site-packages/airflow/decorators/base.py", line 243, in __init__
    raise ValueError(message) from err
ValueError: 
The function signature broke while assigning defaults to context key parameters.

The decorator is replacing the signature
> load(params: 'dict', payload: 'dict')

with
> load(params: 'dict' = None, payload: 'dict')

which isn't valid: non-default argument follows default argument
[2025-11-22T23:36:51.530+0000] {processor.py:927} WARNING - No viable dags retrieved from /opt/airflow/dags/dag_stock_etl.py
[2025-11-22T23:36:51.573+0000] {processor.py:208} INFO - Processing /opt/airflow/dags/dag_stock_etl.py took 0.311 seconds
[2025-11-22T23:37:22.211+0000] {processor.py:186} INFO - Started process (PID=1341) to work on /opt/airflow/dags/dag_stock_etl.py
[2025-11-22T23:37:22.214+0000] {processor.py:914} INFO - Processing file /opt/airflow/dags/dag_stock_etl.py for tasks to queue
[2025-11-22T23:37:22.222+0000] {logging_mixin.py:190} INFO - [2025-11-22T23:37:22.221+0000] {dagbag.py:587} INFO - Filling up the DagBag from /opt/airflow/dags/dag_stock_etl.py
[2025-11-22T23:37:22.914+0000] {logging_mixin.py:190} INFO - [2025-11-22T23:37:22.905+0000] {dagbag.py:386} ERROR - Failed to import: /opt/airflow/dags/dag_stock_etl.py
Traceback (most recent call last):
  File "/home/airflow/.local/lib/python3.12/site-packages/airflow/decorators/base.py", line 228, in __init__
    signature = signature.replace(parameters=parameters)
                ^^^^^^^^^^^^^^^^^^^^^^^^^^^^^^^^^^^^^^^^
  File "/usr/local/lib/python3.12/inspect.py", line 3105, in replace
    return type(self)(parameters,
           ^^^^^^^^^^^^^^^^^^^^^^
  File "/usr/local/lib/python3.12/inspect.py", line 3061, in __init__
    raise ValueError(msg)
ValueError: non-default argument follows default argument

The above exception was the direct cause of the following exception:

Traceback (most recent call last):
  File "/home/airflow/.local/lib/python3.12/site-packages/airflow/models/dagbag.py", line 382, in parse
    loader.exec_module(new_module)
  File "<frozen importlib._bootstrap_external>", line 995, in exec_module
  File "<frozen importlib._bootstrap>", line 488, in _call_with_frames_removed
  File "/opt/airflow/dags/dag_stock_etl.py", line 146, in <module>
    l = load(p, d)
        ^^^^^^^^^^
  File "/home/airflow/.local/lib/python3.12/site-packages/airflow/decorators/base.py", line 373, in __call__
    op = self.operator_class(
         ^^^^^^^^^^^^^^^^^^^^
  File "/home/airflow/.local/lib/python3.12/site-packages/airflow/models/baseoperator.py", line 490, in apply_defaults
    result = func(self, **kwargs, default_args=default_args)
             ^^^^^^^^^^^^^^^^^^^^^^^^^^^^^^^^^^^^^^^^^^^^^^^
  File "/home/airflow/.local/lib/python3.12/site-packages/airflow/decorators/python.py", line 52, in __init__
    super().__init__(
  File "/home/airflow/.local/lib/python3.12/site-packages/airflow/models/baseoperator.py", line 490, in apply_defaults
    result = func(self, **kwargs, default_args=default_args)
             ^^^^^^^^^^^^^^^^^^^^^^^^^^^^^^^^^^^^^^^^^^^^^^^
  File "/home/airflow/.local/lib/python3.12/site-packages/airflow/decorators/base.py", line 243, in __init__
    raise ValueError(message) from err
ValueError: 
The function signature broke while assigning defaults to context key parameters.

The decorator is replacing the signature
> load(params: 'dict', payload: 'dict')

with
> load(params: 'dict' = None, payload: 'dict')

which isn't valid: non-default argument follows default argument
[2025-11-22T23:37:22.917+0000] {processor.py:927} WARNING - No viable dags retrieved from /opt/airflow/dags/dag_stock_etl.py
[2025-11-22T23:37:22.973+0000] {processor.py:208} INFO - Processing /opt/airflow/dags/dag_stock_etl.py took 0.784 seconds
[2025-11-22T23:37:53.559+0000] {processor.py:186} INFO - Started process (PID=1382) to work on /opt/airflow/dags/dag_stock_etl.py
[2025-11-22T23:37:53.561+0000] {processor.py:914} INFO - Processing file /opt/airflow/dags/dag_stock_etl.py for tasks to queue
[2025-11-22T23:37:53.565+0000] {logging_mixin.py:190} INFO - [2025-11-22T23:37:53.564+0000] {dagbag.py:587} INFO - Filling up the DagBag from /opt/airflow/dags/dag_stock_etl.py
[2025-11-22T23:37:53.855+0000] {logging_mixin.py:190} INFO - [2025-11-22T23:37:53.847+0000] {dagbag.py:386} ERROR - Failed to import: /opt/airflow/dags/dag_stock_etl.py
Traceback (most recent call last):
  File "/home/airflow/.local/lib/python3.12/site-packages/airflow/decorators/base.py", line 228, in __init__
    signature = signature.replace(parameters=parameters)
                ^^^^^^^^^^^^^^^^^^^^^^^^^^^^^^^^^^^^^^^^
  File "/usr/local/lib/python3.12/inspect.py", line 3105, in replace
    return type(self)(parameters,
           ^^^^^^^^^^^^^^^^^^^^^^
  File "/usr/local/lib/python3.12/inspect.py", line 3061, in __init__
    raise ValueError(msg)
ValueError: non-default argument follows default argument

The above exception was the direct cause of the following exception:

Traceback (most recent call last):
  File "/home/airflow/.local/lib/python3.12/site-packages/airflow/models/dagbag.py", line 382, in parse
    loader.exec_module(new_module)
  File "<frozen importlib._bootstrap_external>", line 995, in exec_module
  File "<frozen importlib._bootstrap>", line 488, in _call_with_frames_removed
  File "/opt/airflow/dags/dag_stock_etl.py", line 146, in <module>
    l = load(p, d)
        ^^^^^^^^^^
  File "/home/airflow/.local/lib/python3.12/site-packages/airflow/decorators/base.py", line 373, in __call__
    op = self.operator_class(
         ^^^^^^^^^^^^^^^^^^^^
  File "/home/airflow/.local/lib/python3.12/site-packages/airflow/models/baseoperator.py", line 490, in apply_defaults
    result = func(self, **kwargs, default_args=default_args)
             ^^^^^^^^^^^^^^^^^^^^^^^^^^^^^^^^^^^^^^^^^^^^^^^
  File "/home/airflow/.local/lib/python3.12/site-packages/airflow/decorators/python.py", line 52, in __init__
    super().__init__(
  File "/home/airflow/.local/lib/python3.12/site-packages/airflow/models/baseoperator.py", line 490, in apply_defaults
    result = func(self, **kwargs, default_args=default_args)
             ^^^^^^^^^^^^^^^^^^^^^^^^^^^^^^^^^^^^^^^^^^^^^^^
  File "/home/airflow/.local/lib/python3.12/site-packages/airflow/decorators/base.py", line 243, in __init__
    raise ValueError(message) from err
ValueError: 
The function signature broke while assigning defaults to context key parameters.

The decorator is replacing the signature
> load(params: 'dict', payload: 'dict')

with
> load(params: 'dict' = None, payload: 'dict')

which isn't valid: non-default argument follows default argument
[2025-11-22T23:37:53.857+0000] {processor.py:927} WARNING - No viable dags retrieved from /opt/airflow/dags/dag_stock_etl.py
[2025-11-22T23:37:53.897+0000] {processor.py:208} INFO - Processing /opt/airflow/dags/dag_stock_etl.py took 0.348 seconds
[2025-11-22T23:38:23.989+0000] {processor.py:186} INFO - Started process (PID=1424) to work on /opt/airflow/dags/dag_stock_etl.py
[2025-11-22T23:38:23.991+0000] {processor.py:914} INFO - Processing file /opt/airflow/dags/dag_stock_etl.py for tasks to queue
[2025-11-22T23:38:23.996+0000] {logging_mixin.py:190} INFO - [2025-11-22T23:38:23.996+0000] {dagbag.py:587} INFO - Filling up the DagBag from /opt/airflow/dags/dag_stock_etl.py
[2025-11-22T23:38:24.392+0000] {logging_mixin.py:190} INFO - [2025-11-22T23:38:24.380+0000] {dagbag.py:386} ERROR - Failed to import: /opt/airflow/dags/dag_stock_etl.py
Traceback (most recent call last):
  File "/home/airflow/.local/lib/python3.12/site-packages/airflow/decorators/base.py", line 228, in __init__
    signature = signature.replace(parameters=parameters)
                ^^^^^^^^^^^^^^^^^^^^^^^^^^^^^^^^^^^^^^^^
  File "/usr/local/lib/python3.12/inspect.py", line 3105, in replace
    return type(self)(parameters,
           ^^^^^^^^^^^^^^^^^^^^^^
  File "/usr/local/lib/python3.12/inspect.py", line 3061, in __init__
    raise ValueError(msg)
ValueError: non-default argument follows default argument

The above exception was the direct cause of the following exception:

Traceback (most recent call last):
  File "/home/airflow/.local/lib/python3.12/site-packages/airflow/models/dagbag.py", line 382, in parse
    loader.exec_module(new_module)
  File "<frozen importlib._bootstrap_external>", line 995, in exec_module
  File "<frozen importlib._bootstrap>", line 488, in _call_with_frames_removed
  File "/opt/airflow/dags/dag_stock_etl.py", line 146, in <module>
    l = load(p, d)
        ^^^^^^^^^^
  File "/home/airflow/.local/lib/python3.12/site-packages/airflow/decorators/base.py", line 373, in __call__
    op = self.operator_class(
         ^^^^^^^^^^^^^^^^^^^^
  File "/home/airflow/.local/lib/python3.12/site-packages/airflow/models/baseoperator.py", line 490, in apply_defaults
    result = func(self, **kwargs, default_args=default_args)
             ^^^^^^^^^^^^^^^^^^^^^^^^^^^^^^^^^^^^^^^^^^^^^^^
  File "/home/airflow/.local/lib/python3.12/site-packages/airflow/decorators/python.py", line 52, in __init__
    super().__init__(
  File "/home/airflow/.local/lib/python3.12/site-packages/airflow/models/baseoperator.py", line 490, in apply_defaults
    result = func(self, **kwargs, default_args=default_args)
             ^^^^^^^^^^^^^^^^^^^^^^^^^^^^^^^^^^^^^^^^^^^^^^^
  File "/home/airflow/.local/lib/python3.12/site-packages/airflow/decorators/base.py", line 243, in __init__
    raise ValueError(message) from err
ValueError: 
The function signature broke while assigning defaults to context key parameters.

The decorator is replacing the signature
> load(params: 'dict', payload: 'dict')

with
> load(params: 'dict' = None, payload: 'dict')

which isn't valid: non-default argument follows default argument
[2025-11-22T23:38:24.396+0000] {processor.py:927} WARNING - No viable dags retrieved from /opt/airflow/dags/dag_stock_etl.py
[2025-11-22T23:38:24.468+0000] {processor.py:208} INFO - Processing /opt/airflow/dags/dag_stock_etl.py took 0.493 seconds
[2025-11-22T23:38:55.002+0000] {processor.py:186} INFO - Started process (PID=1465) to work on /opt/airflow/dags/dag_stock_etl.py
[2025-11-22T23:38:55.005+0000] {processor.py:914} INFO - Processing file /opt/airflow/dags/dag_stock_etl.py for tasks to queue
[2025-11-22T23:38:55.010+0000] {logging_mixin.py:190} INFO - [2025-11-22T23:38:55.009+0000] {dagbag.py:587} INFO - Filling up the DagBag from /opt/airflow/dags/dag_stock_etl.py
[2025-11-22T23:38:55.336+0000] {logging_mixin.py:190} INFO - [2025-11-22T23:38:55.328+0000] {dagbag.py:386} ERROR - Failed to import: /opt/airflow/dags/dag_stock_etl.py
Traceback (most recent call last):
  File "/home/airflow/.local/lib/python3.12/site-packages/airflow/decorators/base.py", line 228, in __init__
    signature = signature.replace(parameters=parameters)
                ^^^^^^^^^^^^^^^^^^^^^^^^^^^^^^^^^^^^^^^^
  File "/usr/local/lib/python3.12/inspect.py", line 3105, in replace
    return type(self)(parameters,
           ^^^^^^^^^^^^^^^^^^^^^^
  File "/usr/local/lib/python3.12/inspect.py", line 3061, in __init__
    raise ValueError(msg)
ValueError: non-default argument follows default argument

The above exception was the direct cause of the following exception:

Traceback (most recent call last):
  File "/home/airflow/.local/lib/python3.12/site-packages/airflow/models/dagbag.py", line 382, in parse
    loader.exec_module(new_module)
  File "<frozen importlib._bootstrap_external>", line 995, in exec_module
  File "<frozen importlib._bootstrap>", line 488, in _call_with_frames_removed
  File "/opt/airflow/dags/dag_stock_etl.py", line 146, in <module>
    l = load(p, d)
        ^^^^^^^^^^
  File "/home/airflow/.local/lib/python3.12/site-packages/airflow/decorators/base.py", line 373, in __call__
    op = self.operator_class(
         ^^^^^^^^^^^^^^^^^^^^
  File "/home/airflow/.local/lib/python3.12/site-packages/airflow/models/baseoperator.py", line 490, in apply_defaults
    result = func(self, **kwargs, default_args=default_args)
             ^^^^^^^^^^^^^^^^^^^^^^^^^^^^^^^^^^^^^^^^^^^^^^^
  File "/home/airflow/.local/lib/python3.12/site-packages/airflow/decorators/python.py", line 52, in __init__
    super().__init__(
  File "/home/airflow/.local/lib/python3.12/site-packages/airflow/models/baseoperator.py", line 490, in apply_defaults
    result = func(self, **kwargs, default_args=default_args)
             ^^^^^^^^^^^^^^^^^^^^^^^^^^^^^^^^^^^^^^^^^^^^^^^
  File "/home/airflow/.local/lib/python3.12/site-packages/airflow/decorators/base.py", line 243, in __init__
    raise ValueError(message) from err
ValueError: 
The function signature broke while assigning defaults to context key parameters.

The decorator is replacing the signature
> load(params: 'dict', payload: 'dict')

with
> load(params: 'dict' = None, payload: 'dict')

which isn't valid: non-default argument follows default argument
[2025-11-22T23:38:55.338+0000] {processor.py:927} WARNING - No viable dags retrieved from /opt/airflow/dags/dag_stock_etl.py
[2025-11-22T23:38:55.393+0000] {processor.py:208} INFO - Processing /opt/airflow/dags/dag_stock_etl.py took 0.403 seconds
[2025-11-22T23:39:25.515+0000] {processor.py:186} INFO - Started process (PID=1504) to work on /opt/airflow/dags/dag_stock_etl.py
[2025-11-22T23:39:25.518+0000] {processor.py:914} INFO - Processing file /opt/airflow/dags/dag_stock_etl.py for tasks to queue
[2025-11-22T23:39:25.524+0000] {logging_mixin.py:190} INFO - [2025-11-22T23:39:25.523+0000] {dagbag.py:587} INFO - Filling up the DagBag from /opt/airflow/dags/dag_stock_etl.py
[2025-11-22T23:39:25.869+0000] {logging_mixin.py:190} INFO - [2025-11-22T23:39:25.861+0000] {dagbag.py:386} ERROR - Failed to import: /opt/airflow/dags/dag_stock_etl.py
Traceback (most recent call last):
  File "/home/airflow/.local/lib/python3.12/site-packages/airflow/decorators/base.py", line 228, in __init__
    signature = signature.replace(parameters=parameters)
                ^^^^^^^^^^^^^^^^^^^^^^^^^^^^^^^^^^^^^^^^
  File "/usr/local/lib/python3.12/inspect.py", line 3105, in replace
    return type(self)(parameters,
           ^^^^^^^^^^^^^^^^^^^^^^
  File "/usr/local/lib/python3.12/inspect.py", line 3061, in __init__
    raise ValueError(msg)
ValueError: non-default argument follows default argument

The above exception was the direct cause of the following exception:

Traceback (most recent call last):
  File "/home/airflow/.local/lib/python3.12/site-packages/airflow/models/dagbag.py", line 382, in parse
    loader.exec_module(new_module)
  File "<frozen importlib._bootstrap_external>", line 995, in exec_module
  File "<frozen importlib._bootstrap>", line 488, in _call_with_frames_removed
  File "/opt/airflow/dags/dag_stock_etl.py", line 146, in <module>
    l = load(p, d)
        ^^^^^^^^^^
  File "/home/airflow/.local/lib/python3.12/site-packages/airflow/decorators/base.py", line 373, in __call__
    op = self.operator_class(
         ^^^^^^^^^^^^^^^^^^^^
  File "/home/airflow/.local/lib/python3.12/site-packages/airflow/models/baseoperator.py", line 490, in apply_defaults
    result = func(self, **kwargs, default_args=default_args)
             ^^^^^^^^^^^^^^^^^^^^^^^^^^^^^^^^^^^^^^^^^^^^^^^
  File "/home/airflow/.local/lib/python3.12/site-packages/airflow/decorators/python.py", line 52, in __init__
    super().__init__(
  File "/home/airflow/.local/lib/python3.12/site-packages/airflow/models/baseoperator.py", line 490, in apply_defaults
    result = func(self, **kwargs, default_args=default_args)
             ^^^^^^^^^^^^^^^^^^^^^^^^^^^^^^^^^^^^^^^^^^^^^^^
  File "/home/airflow/.local/lib/python3.12/site-packages/airflow/decorators/base.py", line 243, in __init__
    raise ValueError(message) from err
ValueError: 
The function signature broke while assigning defaults to context key parameters.

The decorator is replacing the signature
> load(params: 'dict', payload: 'dict')

with
> load(params: 'dict' = None, payload: 'dict')

which isn't valid: non-default argument follows default argument
[2025-11-22T23:39:25.872+0000] {processor.py:927} WARNING - No viable dags retrieved from /opt/airflow/dags/dag_stock_etl.py
[2025-11-22T23:39:25.918+0000] {processor.py:208} INFO - Processing /opt/airflow/dags/dag_stock_etl.py took 0.433 seconds
[2025-11-22T23:39:56.614+0000] {processor.py:186} INFO - Started process (PID=1542) to work on /opt/airflow/dags/dag_stock_etl.py
[2025-11-22T23:39:56.619+0000] {processor.py:914} INFO - Processing file /opt/airflow/dags/dag_stock_etl.py for tasks to queue
[2025-11-22T23:39:56.634+0000] {logging_mixin.py:190} INFO - [2025-11-22T23:39:56.633+0000] {dagbag.py:587} INFO - Filling up the DagBag from /opt/airflow/dags/dag_stock_etl.py
[2025-11-22T23:39:57.427+0000] {logging_mixin.py:190} INFO - [2025-11-22T23:39:57.404+0000] {dagbag.py:386} ERROR - Failed to import: /opt/airflow/dags/dag_stock_etl.py
Traceback (most recent call last):
  File "/home/airflow/.local/lib/python3.12/site-packages/airflow/decorators/base.py", line 228, in __init__
    signature = signature.replace(parameters=parameters)
                ^^^^^^^^^^^^^^^^^^^^^^^^^^^^^^^^^^^^^^^^
  File "/usr/local/lib/python3.12/inspect.py", line 3105, in replace
    return type(self)(parameters,
           ^^^^^^^^^^^^^^^^^^^^^^
  File "/usr/local/lib/python3.12/inspect.py", line 3061, in __init__
    raise ValueError(msg)
ValueError: non-default argument follows default argument

The above exception was the direct cause of the following exception:

Traceback (most recent call last):
  File "/home/airflow/.local/lib/python3.12/site-packages/airflow/models/dagbag.py", line 382, in parse
    loader.exec_module(new_module)
  File "<frozen importlib._bootstrap_external>", line 995, in exec_module
  File "<frozen importlib._bootstrap>", line 488, in _call_with_frames_removed
  File "/opt/airflow/dags/dag_stock_etl.py", line 146, in <module>
    l = load(p, d)
        ^^^^^^^^^^
  File "/home/airflow/.local/lib/python3.12/site-packages/airflow/decorators/base.py", line 373, in __call__
    op = self.operator_class(
         ^^^^^^^^^^^^^^^^^^^^
  File "/home/airflow/.local/lib/python3.12/site-packages/airflow/models/baseoperator.py", line 490, in apply_defaults
    result = func(self, **kwargs, default_args=default_args)
             ^^^^^^^^^^^^^^^^^^^^^^^^^^^^^^^^^^^^^^^^^^^^^^^
  File "/home/airflow/.local/lib/python3.12/site-packages/airflow/decorators/python.py", line 52, in __init__
    super().__init__(
  File "/home/airflow/.local/lib/python3.12/site-packages/airflow/models/baseoperator.py", line 490, in apply_defaults
    result = func(self, **kwargs, default_args=default_args)
             ^^^^^^^^^^^^^^^^^^^^^^^^^^^^^^^^^^^^^^^^^^^^^^^
  File "/home/airflow/.local/lib/python3.12/site-packages/airflow/decorators/base.py", line 243, in __init__
    raise ValueError(message) from err
ValueError: 
The function signature broke while assigning defaults to context key parameters.

The decorator is replacing the signature
> load(params: 'dict', payload: 'dict')

with
> load(params: 'dict' = None, payload: 'dict')

which isn't valid: non-default argument follows default argument
[2025-11-22T23:39:57.434+0000] {processor.py:927} WARNING - No viable dags retrieved from /opt/airflow/dags/dag_stock_etl.py
[2025-11-22T23:39:57.545+0000] {processor.py:208} INFO - Processing /opt/airflow/dags/dag_stock_etl.py took 0.951 seconds
[2025-11-22T23:40:27.658+0000] {processor.py:186} INFO - Started process (PID=1583) to work on /opt/airflow/dags/dag_stock_etl.py
[2025-11-22T23:40:27.659+0000] {processor.py:914} INFO - Processing file /opt/airflow/dags/dag_stock_etl.py for tasks to queue
[2025-11-22T23:40:27.664+0000] {logging_mixin.py:190} INFO - [2025-11-22T23:40:27.663+0000] {dagbag.py:587} INFO - Filling up the DagBag from /opt/airflow/dags/dag_stock_etl.py
[2025-11-22T23:40:28.003+0000] {logging_mixin.py:190} INFO - [2025-11-22T23:40:27.997+0000] {dagbag.py:386} ERROR - Failed to import: /opt/airflow/dags/dag_stock_etl.py
Traceback (most recent call last):
  File "/home/airflow/.local/lib/python3.12/site-packages/airflow/decorators/base.py", line 228, in __init__
    signature = signature.replace(parameters=parameters)
                ^^^^^^^^^^^^^^^^^^^^^^^^^^^^^^^^^^^^^^^^
  File "/usr/local/lib/python3.12/inspect.py", line 3105, in replace
    return type(self)(parameters,
           ^^^^^^^^^^^^^^^^^^^^^^
  File "/usr/local/lib/python3.12/inspect.py", line 3061, in __init__
    raise ValueError(msg)
ValueError: non-default argument follows default argument

The above exception was the direct cause of the following exception:

Traceback (most recent call last):
  File "/home/airflow/.local/lib/python3.12/site-packages/airflow/models/dagbag.py", line 382, in parse
    loader.exec_module(new_module)
  File "<frozen importlib._bootstrap_external>", line 995, in exec_module
  File "<frozen importlib._bootstrap>", line 488, in _call_with_frames_removed
  File "/opt/airflow/dags/dag_stock_etl.py", line 146, in <module>
    l = load(p, d)
        ^^^^^^^^^^
  File "/home/airflow/.local/lib/python3.12/site-packages/airflow/decorators/base.py", line 373, in __call__
    op = self.operator_class(
         ^^^^^^^^^^^^^^^^^^^^
  File "/home/airflow/.local/lib/python3.12/site-packages/airflow/models/baseoperator.py", line 490, in apply_defaults
    result = func(self, **kwargs, default_args=default_args)
             ^^^^^^^^^^^^^^^^^^^^^^^^^^^^^^^^^^^^^^^^^^^^^^^
  File "/home/airflow/.local/lib/python3.12/site-packages/airflow/decorators/python.py", line 52, in __init__
    super().__init__(
  File "/home/airflow/.local/lib/python3.12/site-packages/airflow/models/baseoperator.py", line 490, in apply_defaults
    result = func(self, **kwargs, default_args=default_args)
             ^^^^^^^^^^^^^^^^^^^^^^^^^^^^^^^^^^^^^^^^^^^^^^^
  File "/home/airflow/.local/lib/python3.12/site-packages/airflow/decorators/base.py", line 243, in __init__
    raise ValueError(message) from err
ValueError: 
The function signature broke while assigning defaults to context key parameters.

The decorator is replacing the signature
> load(params: 'dict', payload: 'dict')

with
> load(params: 'dict' = None, payload: 'dict')

which isn't valid: non-default argument follows default argument
[2025-11-22T23:40:28.005+0000] {processor.py:927} WARNING - No viable dags retrieved from /opt/airflow/dags/dag_stock_etl.py
[2025-11-22T23:40:28.075+0000] {processor.py:208} INFO - Processing /opt/airflow/dags/dag_stock_etl.py took 0.421 seconds
[2025-11-22T23:40:58.418+0000] {processor.py:186} INFO - Started process (PID=1624) to work on /opt/airflow/dags/dag_stock_etl.py
[2025-11-22T23:40:58.424+0000] {processor.py:914} INFO - Processing file /opt/airflow/dags/dag_stock_etl.py for tasks to queue
[2025-11-22T23:40:58.438+0000] {logging_mixin.py:190} INFO - [2025-11-22T23:40:58.436+0000] {dagbag.py:587} INFO - Filling up the DagBag from /opt/airflow/dags/dag_stock_etl.py
[2025-11-22T23:40:58.965+0000] {logging_mixin.py:190} INFO - [2025-11-22T23:40:58.956+0000] {dagbag.py:386} ERROR - Failed to import: /opt/airflow/dags/dag_stock_etl.py
Traceback (most recent call last):
  File "/home/airflow/.local/lib/python3.12/site-packages/airflow/decorators/base.py", line 228, in __init__
    signature = signature.replace(parameters=parameters)
                ^^^^^^^^^^^^^^^^^^^^^^^^^^^^^^^^^^^^^^^^
  File "/usr/local/lib/python3.12/inspect.py", line 3105, in replace
    return type(self)(parameters,
           ^^^^^^^^^^^^^^^^^^^^^^
  File "/usr/local/lib/python3.12/inspect.py", line 3061, in __init__
    raise ValueError(msg)
ValueError: non-default argument follows default argument

The above exception was the direct cause of the following exception:

Traceback (most recent call last):
  File "/home/airflow/.local/lib/python3.12/site-packages/airflow/models/dagbag.py", line 382, in parse
    loader.exec_module(new_module)
  File "<frozen importlib._bootstrap_external>", line 995, in exec_module
  File "<frozen importlib._bootstrap>", line 488, in _call_with_frames_removed
  File "/opt/airflow/dags/dag_stock_etl.py", line 146, in <module>
    l = load(p, d)
        ^^^^^^^^^^
  File "/home/airflow/.local/lib/python3.12/site-packages/airflow/decorators/base.py", line 373, in __call__
    op = self.operator_class(
         ^^^^^^^^^^^^^^^^^^^^
  File "/home/airflow/.local/lib/python3.12/site-packages/airflow/models/baseoperator.py", line 490, in apply_defaults
    result = func(self, **kwargs, default_args=default_args)
             ^^^^^^^^^^^^^^^^^^^^^^^^^^^^^^^^^^^^^^^^^^^^^^^
  File "/home/airflow/.local/lib/python3.12/site-packages/airflow/decorators/python.py", line 52, in __init__
    super().__init__(
  File "/home/airflow/.local/lib/python3.12/site-packages/airflow/models/baseoperator.py", line 490, in apply_defaults
    result = func(self, **kwargs, default_args=default_args)
             ^^^^^^^^^^^^^^^^^^^^^^^^^^^^^^^^^^^^^^^^^^^^^^^
  File "/home/airflow/.local/lib/python3.12/site-packages/airflow/decorators/base.py", line 243, in __init__
    raise ValueError(message) from err
ValueError: 
The function signature broke while assigning defaults to context key parameters.

The decorator is replacing the signature
> load(params: 'dict', payload: 'dict')

with
> load(params: 'dict' = None, payload: 'dict')

which isn't valid: non-default argument follows default argument
[2025-11-22T23:40:58.967+0000] {processor.py:927} WARNING - No viable dags retrieved from /opt/airflow/dags/dag_stock_etl.py
[2025-11-22T23:40:59.005+0000] {processor.py:208} INFO - Processing /opt/airflow/dags/dag_stock_etl.py took 0.619 seconds
[2025-11-22T23:41:29.690+0000] {processor.py:186} INFO - Started process (PID=1665) to work on /opt/airflow/dags/dag_stock_etl.py
[2025-11-22T23:41:29.693+0000] {processor.py:914} INFO - Processing file /opt/airflow/dags/dag_stock_etl.py for tasks to queue
[2025-11-22T23:41:29.700+0000] {logging_mixin.py:190} INFO - [2025-11-22T23:41:29.699+0000] {dagbag.py:587} INFO - Filling up the DagBag from /opt/airflow/dags/dag_stock_etl.py
[2025-11-22T23:41:30.033+0000] {logging_mixin.py:190} INFO - [2025-11-22T23:41:30.027+0000] {dagbag.py:386} ERROR - Failed to import: /opt/airflow/dags/dag_stock_etl.py
Traceback (most recent call last):
  File "/home/airflow/.local/lib/python3.12/site-packages/airflow/decorators/base.py", line 228, in __init__
    signature = signature.replace(parameters=parameters)
                ^^^^^^^^^^^^^^^^^^^^^^^^^^^^^^^^^^^^^^^^
  File "/usr/local/lib/python3.12/inspect.py", line 3105, in replace
    return type(self)(parameters,
           ^^^^^^^^^^^^^^^^^^^^^^
  File "/usr/local/lib/python3.12/inspect.py", line 3061, in __init__
    raise ValueError(msg)
ValueError: non-default argument follows default argument

The above exception was the direct cause of the following exception:

Traceback (most recent call last):
  File "/home/airflow/.local/lib/python3.12/site-packages/airflow/models/dagbag.py", line 382, in parse
    loader.exec_module(new_module)
  File "<frozen importlib._bootstrap_external>", line 995, in exec_module
  File "<frozen importlib._bootstrap>", line 488, in _call_with_frames_removed
  File "/opt/airflow/dags/dag_stock_etl.py", line 146, in <module>
    l = load(p, d)
        ^^^^^^^^^^
  File "/home/airflow/.local/lib/python3.12/site-packages/airflow/decorators/base.py", line 373, in __call__
    op = self.operator_class(
         ^^^^^^^^^^^^^^^^^^^^
  File "/home/airflow/.local/lib/python3.12/site-packages/airflow/models/baseoperator.py", line 490, in apply_defaults
    result = func(self, **kwargs, default_args=default_args)
             ^^^^^^^^^^^^^^^^^^^^^^^^^^^^^^^^^^^^^^^^^^^^^^^
  File "/home/airflow/.local/lib/python3.12/site-packages/airflow/decorators/python.py", line 52, in __init__
    super().__init__(
  File "/home/airflow/.local/lib/python3.12/site-packages/airflow/models/baseoperator.py", line 490, in apply_defaults
    result = func(self, **kwargs, default_args=default_args)
             ^^^^^^^^^^^^^^^^^^^^^^^^^^^^^^^^^^^^^^^^^^^^^^^
  File "/home/airflow/.local/lib/python3.12/site-packages/airflow/decorators/base.py", line 243, in __init__
    raise ValueError(message) from err
ValueError: 
The function signature broke while assigning defaults to context key parameters.

The decorator is replacing the signature
> load(params: 'dict', payload: 'dict')

with
> load(params: 'dict' = None, payload: 'dict')

which isn't valid: non-default argument follows default argument
[2025-11-22T23:41:30.036+0000] {processor.py:927} WARNING - No viable dags retrieved from /opt/airflow/dags/dag_stock_etl.py
[2025-11-22T23:41:30.071+0000] {processor.py:208} INFO - Processing /opt/airflow/dags/dag_stock_etl.py took 0.397 seconds
[2025-11-22T23:42:00.352+0000] {processor.py:186} INFO - Started process (PID=1706) to work on /opt/airflow/dags/dag_stock_etl.py
[2025-11-22T23:42:00.355+0000] {processor.py:914} INFO - Processing file /opt/airflow/dags/dag_stock_etl.py for tasks to queue
[2025-11-22T23:42:00.362+0000] {logging_mixin.py:190} INFO - [2025-11-22T23:42:00.361+0000] {dagbag.py:587} INFO - Filling up the DagBag from /opt/airflow/dags/dag_stock_etl.py
[2025-11-22T23:42:00.967+0000] {logging_mixin.py:190} INFO - [2025-11-22T23:42:00.958+0000] {dagbag.py:386} ERROR - Failed to import: /opt/airflow/dags/dag_stock_etl.py
Traceback (most recent call last):
  File "/home/airflow/.local/lib/python3.12/site-packages/airflow/decorators/base.py", line 228, in __init__
    signature = signature.replace(parameters=parameters)
                ^^^^^^^^^^^^^^^^^^^^^^^^^^^^^^^^^^^^^^^^
  File "/usr/local/lib/python3.12/inspect.py", line 3105, in replace
    return type(self)(parameters,
           ^^^^^^^^^^^^^^^^^^^^^^
  File "/usr/local/lib/python3.12/inspect.py", line 3061, in __init__
    raise ValueError(msg)
ValueError: non-default argument follows default argument

The above exception was the direct cause of the following exception:

Traceback (most recent call last):
  File "/home/airflow/.local/lib/python3.12/site-packages/airflow/models/dagbag.py", line 382, in parse
    loader.exec_module(new_module)
  File "<frozen importlib._bootstrap_external>", line 995, in exec_module
  File "<frozen importlib._bootstrap>", line 488, in _call_with_frames_removed
  File "/opt/airflow/dags/dag_stock_etl.py", line 146, in <module>
    l = load(p, d)
        ^^^^^^^^^^
  File "/home/airflow/.local/lib/python3.12/site-packages/airflow/decorators/base.py", line 373, in __call__
    op = self.operator_class(
         ^^^^^^^^^^^^^^^^^^^^
  File "/home/airflow/.local/lib/python3.12/site-packages/airflow/models/baseoperator.py", line 490, in apply_defaults
    result = func(self, **kwargs, default_args=default_args)
             ^^^^^^^^^^^^^^^^^^^^^^^^^^^^^^^^^^^^^^^^^^^^^^^
  File "/home/airflow/.local/lib/python3.12/site-packages/airflow/decorators/python.py", line 52, in __init__
    super().__init__(
  File "/home/airflow/.local/lib/python3.12/site-packages/airflow/models/baseoperator.py", line 490, in apply_defaults
    result = func(self, **kwargs, default_args=default_args)
             ^^^^^^^^^^^^^^^^^^^^^^^^^^^^^^^^^^^^^^^^^^^^^^^
  File "/home/airflow/.local/lib/python3.12/site-packages/airflow/decorators/base.py", line 243, in __init__
    raise ValueError(message) from err
ValueError: 
The function signature broke while assigning defaults to context key parameters.

The decorator is replacing the signature
> load(params: 'dict', payload: 'dict')

with
> load(params: 'dict' = None, payload: 'dict')

which isn't valid: non-default argument follows default argument
[2025-11-22T23:42:00.969+0000] {processor.py:927} WARNING - No viable dags retrieved from /opt/airflow/dags/dag_stock_etl.py
[2025-11-22T23:42:01.031+0000] {processor.py:208} INFO - Processing /opt/airflow/dags/dag_stock_etl.py took 0.693 seconds
[2025-11-22T23:42:31.315+0000] {processor.py:186} INFO - Started process (PID=1747) to work on /opt/airflow/dags/dag_stock_etl.py
[2025-11-22T23:42:31.318+0000] {processor.py:914} INFO - Processing file /opt/airflow/dags/dag_stock_etl.py for tasks to queue
[2025-11-22T23:42:31.324+0000] {logging_mixin.py:190} INFO - [2025-11-22T23:42:31.324+0000] {dagbag.py:587} INFO - Filling up the DagBag from /opt/airflow/dags/dag_stock_etl.py
[2025-11-22T23:42:31.614+0000] {logging_mixin.py:190} INFO - [2025-11-22T23:42:31.607+0000] {dagbag.py:386} ERROR - Failed to import: /opt/airflow/dags/dag_stock_etl.py
Traceback (most recent call last):
  File "/home/airflow/.local/lib/python3.12/site-packages/airflow/decorators/base.py", line 228, in __init__
    signature = signature.replace(parameters=parameters)
                ^^^^^^^^^^^^^^^^^^^^^^^^^^^^^^^^^^^^^^^^
  File "/usr/local/lib/python3.12/inspect.py", line 3105, in replace
    return type(self)(parameters,
           ^^^^^^^^^^^^^^^^^^^^^^
  File "/usr/local/lib/python3.12/inspect.py", line 3061, in __init__
    raise ValueError(msg)
ValueError: non-default argument follows default argument

The above exception was the direct cause of the following exception:

Traceback (most recent call last):
  File "/home/airflow/.local/lib/python3.12/site-packages/airflow/models/dagbag.py", line 382, in parse
    loader.exec_module(new_module)
  File "<frozen importlib._bootstrap_external>", line 995, in exec_module
  File "<frozen importlib._bootstrap>", line 488, in _call_with_frames_removed
  File "/opt/airflow/dags/dag_stock_etl.py", line 146, in <module>
    l = load(p, d)
        ^^^^^^^^^^
  File "/home/airflow/.local/lib/python3.12/site-packages/airflow/decorators/base.py", line 373, in __call__
    op = self.operator_class(
         ^^^^^^^^^^^^^^^^^^^^
  File "/home/airflow/.local/lib/python3.12/site-packages/airflow/models/baseoperator.py", line 490, in apply_defaults
    result = func(self, **kwargs, default_args=default_args)
             ^^^^^^^^^^^^^^^^^^^^^^^^^^^^^^^^^^^^^^^^^^^^^^^
  File "/home/airflow/.local/lib/python3.12/site-packages/airflow/decorators/python.py", line 52, in __init__
    super().__init__(
  File "/home/airflow/.local/lib/python3.12/site-packages/airflow/models/baseoperator.py", line 490, in apply_defaults
    result = func(self, **kwargs, default_args=default_args)
             ^^^^^^^^^^^^^^^^^^^^^^^^^^^^^^^^^^^^^^^^^^^^^^^
  File "/home/airflow/.local/lib/python3.12/site-packages/airflow/decorators/base.py", line 243, in __init__
    raise ValueError(message) from err
ValueError: 
The function signature broke while assigning defaults to context key parameters.

The decorator is replacing the signature
> load(params: 'dict', payload: 'dict')

with
> load(params: 'dict' = None, payload: 'dict')

which isn't valid: non-default argument follows default argument
[2025-11-22T23:42:31.616+0000] {processor.py:927} WARNING - No viable dags retrieved from /opt/airflow/dags/dag_stock_etl.py
[2025-11-22T23:42:31.653+0000] {processor.py:208} INFO - Processing /opt/airflow/dags/dag_stock_etl.py took 0.354 seconds
[2025-11-22T23:43:02.000+0000] {processor.py:186} INFO - Started process (PID=1788) to work on /opt/airflow/dags/dag_stock_etl.py
[2025-11-22T23:43:02.002+0000] {processor.py:914} INFO - Processing file /opt/airflow/dags/dag_stock_etl.py for tasks to queue
[2025-11-22T23:43:02.006+0000] {logging_mixin.py:190} INFO - [2025-11-22T23:43:02.006+0000] {dagbag.py:587} INFO - Filling up the DagBag from /opt/airflow/dags/dag_stock_etl.py
[2025-11-22T23:43:02.228+0000] {logging_mixin.py:190} INFO - [2025-11-22T23:43:02.223+0000] {dagbag.py:386} ERROR - Failed to import: /opt/airflow/dags/dag_stock_etl.py
Traceback (most recent call last):
  File "/home/airflow/.local/lib/python3.12/site-packages/airflow/decorators/base.py", line 228, in __init__
    signature = signature.replace(parameters=parameters)
                ^^^^^^^^^^^^^^^^^^^^^^^^^^^^^^^^^^^^^^^^
  File "/usr/local/lib/python3.12/inspect.py", line 3105, in replace
    return type(self)(parameters,
           ^^^^^^^^^^^^^^^^^^^^^^
  File "/usr/local/lib/python3.12/inspect.py", line 3061, in __init__
    raise ValueError(msg)
ValueError: non-default argument follows default argument

The above exception was the direct cause of the following exception:

Traceback (most recent call last):
  File "/home/airflow/.local/lib/python3.12/site-packages/airflow/models/dagbag.py", line 382, in parse
    loader.exec_module(new_module)
  File "<frozen importlib._bootstrap_external>", line 995, in exec_module
  File "<frozen importlib._bootstrap>", line 488, in _call_with_frames_removed
  File "/opt/airflow/dags/dag_stock_etl.py", line 146, in <module>
    l = load(p, d)
        ^^^^^^^^^^
  File "/home/airflow/.local/lib/python3.12/site-packages/airflow/decorators/base.py", line 373, in __call__
    op = self.operator_class(
         ^^^^^^^^^^^^^^^^^^^^
  File "/home/airflow/.local/lib/python3.12/site-packages/airflow/models/baseoperator.py", line 490, in apply_defaults
    result = func(self, **kwargs, default_args=default_args)
             ^^^^^^^^^^^^^^^^^^^^^^^^^^^^^^^^^^^^^^^^^^^^^^^
  File "/home/airflow/.local/lib/python3.12/site-packages/airflow/decorators/python.py", line 52, in __init__
    super().__init__(
  File "/home/airflow/.local/lib/python3.12/site-packages/airflow/models/baseoperator.py", line 490, in apply_defaults
    result = func(self, **kwargs, default_args=default_args)
             ^^^^^^^^^^^^^^^^^^^^^^^^^^^^^^^^^^^^^^^^^^^^^^^
  File "/home/airflow/.local/lib/python3.12/site-packages/airflow/decorators/base.py", line 243, in __init__
    raise ValueError(message) from err
ValueError: 
The function signature broke while assigning defaults to context key parameters.

The decorator is replacing the signature
> load(params: 'dict', payload: 'dict')

with
> load(params: 'dict' = None, payload: 'dict')

which isn't valid: non-default argument follows default argument
[2025-11-22T23:43:02.230+0000] {processor.py:927} WARNING - No viable dags retrieved from /opt/airflow/dags/dag_stock_etl.py
[2025-11-22T23:43:02.259+0000] {processor.py:208} INFO - Processing /opt/airflow/dags/dag_stock_etl.py took 0.270 seconds
[2025-11-22T23:43:32.443+0000] {processor.py:186} INFO - Started process (PID=1829) to work on /opt/airflow/dags/dag_stock_etl.py
[2025-11-22T23:43:32.444+0000] {processor.py:914} INFO - Processing file /opt/airflow/dags/dag_stock_etl.py for tasks to queue
[2025-11-22T23:43:32.448+0000] {logging_mixin.py:190} INFO - [2025-11-22T23:43:32.448+0000] {dagbag.py:587} INFO - Filling up the DagBag from /opt/airflow/dags/dag_stock_etl.py
[2025-11-22T23:43:32.666+0000] {logging_mixin.py:190} INFO - [2025-11-22T23:43:32.661+0000] {dagbag.py:386} ERROR - Failed to import: /opt/airflow/dags/dag_stock_etl.py
Traceback (most recent call last):
  File "/home/airflow/.local/lib/python3.12/site-packages/airflow/decorators/base.py", line 228, in __init__
    signature = signature.replace(parameters=parameters)
                ^^^^^^^^^^^^^^^^^^^^^^^^^^^^^^^^^^^^^^^^
  File "/usr/local/lib/python3.12/inspect.py", line 3105, in replace
    return type(self)(parameters,
           ^^^^^^^^^^^^^^^^^^^^^^
  File "/usr/local/lib/python3.12/inspect.py", line 3061, in __init__
    raise ValueError(msg)
ValueError: non-default argument follows default argument

The above exception was the direct cause of the following exception:

Traceback (most recent call last):
  File "/home/airflow/.local/lib/python3.12/site-packages/airflow/models/dagbag.py", line 382, in parse
    loader.exec_module(new_module)
  File "<frozen importlib._bootstrap_external>", line 995, in exec_module
  File "<frozen importlib._bootstrap>", line 488, in _call_with_frames_removed
  File "/opt/airflow/dags/dag_stock_etl.py", line 146, in <module>
    l = load(p, d)
        ^^^^^^^^^^
  File "/home/airflow/.local/lib/python3.12/site-packages/airflow/decorators/base.py", line 373, in __call__
    op = self.operator_class(
         ^^^^^^^^^^^^^^^^^^^^
  File "/home/airflow/.local/lib/python3.12/site-packages/airflow/models/baseoperator.py", line 490, in apply_defaults
    result = func(self, **kwargs, default_args=default_args)
             ^^^^^^^^^^^^^^^^^^^^^^^^^^^^^^^^^^^^^^^^^^^^^^^
  File "/home/airflow/.local/lib/python3.12/site-packages/airflow/decorators/python.py", line 52, in __init__
    super().__init__(
  File "/home/airflow/.local/lib/python3.12/site-packages/airflow/models/baseoperator.py", line 490, in apply_defaults
    result = func(self, **kwargs, default_args=default_args)
             ^^^^^^^^^^^^^^^^^^^^^^^^^^^^^^^^^^^^^^^^^^^^^^^
  File "/home/airflow/.local/lib/python3.12/site-packages/airflow/decorators/base.py", line 243, in __init__
    raise ValueError(message) from err
ValueError: 
The function signature broke while assigning defaults to context key parameters.

The decorator is replacing the signature
> load(params: 'dict', payload: 'dict')

with
> load(params: 'dict' = None, payload: 'dict')

which isn't valid: non-default argument follows default argument
[2025-11-22T23:43:32.668+0000] {processor.py:927} WARNING - No viable dags retrieved from /opt/airflow/dags/dag_stock_etl.py
[2025-11-22T23:43:32.698+0000] {processor.py:208} INFO - Processing /opt/airflow/dags/dag_stock_etl.py took 0.266 seconds
[2025-11-22T23:44:03.211+0000] {processor.py:186} INFO - Started process (PID=1871) to work on /opt/airflow/dags/dag_stock_etl.py
[2025-11-22T23:44:03.212+0000] {processor.py:914} INFO - Processing file /opt/airflow/dags/dag_stock_etl.py for tasks to queue
[2025-11-22T23:44:03.217+0000] {logging_mixin.py:190} INFO - [2025-11-22T23:44:03.217+0000] {dagbag.py:587} INFO - Filling up the DagBag from /opt/airflow/dags/dag_stock_etl.py
[2025-11-22T23:44:03.476+0000] {logging_mixin.py:190} INFO - [2025-11-22T23:44:03.467+0000] {dagbag.py:386} ERROR - Failed to import: /opt/airflow/dags/dag_stock_etl.py
Traceback (most recent call last):
  File "/home/airflow/.local/lib/python3.12/site-packages/airflow/decorators/base.py", line 228, in __init__
    signature = signature.replace(parameters=parameters)
                ^^^^^^^^^^^^^^^^^^^^^^^^^^^^^^^^^^^^^^^^
  File "/usr/local/lib/python3.12/inspect.py", line 3105, in replace
    return type(self)(parameters,
           ^^^^^^^^^^^^^^^^^^^^^^
  File "/usr/local/lib/python3.12/inspect.py", line 3061, in __init__
    raise ValueError(msg)
ValueError: non-default argument follows default argument

The above exception was the direct cause of the following exception:

Traceback (most recent call last):
  File "/home/airflow/.local/lib/python3.12/site-packages/airflow/models/dagbag.py", line 382, in parse
    loader.exec_module(new_module)
  File "<frozen importlib._bootstrap_external>", line 995, in exec_module
  File "<frozen importlib._bootstrap>", line 488, in _call_with_frames_removed
  File "/opt/airflow/dags/dag_stock_etl.py", line 146, in <module>
    l = load(p, d)
        ^^^^^^^^^^
  File "/home/airflow/.local/lib/python3.12/site-packages/airflow/decorators/base.py", line 373, in __call__
    op = self.operator_class(
         ^^^^^^^^^^^^^^^^^^^^
  File "/home/airflow/.local/lib/python3.12/site-packages/airflow/models/baseoperator.py", line 490, in apply_defaults
    result = func(self, **kwargs, default_args=default_args)
             ^^^^^^^^^^^^^^^^^^^^^^^^^^^^^^^^^^^^^^^^^^^^^^^
  File "/home/airflow/.local/lib/python3.12/site-packages/airflow/decorators/python.py", line 52, in __init__
    super().__init__(
  File "/home/airflow/.local/lib/python3.12/site-packages/airflow/models/baseoperator.py", line 490, in apply_defaults
    result = func(self, **kwargs, default_args=default_args)
             ^^^^^^^^^^^^^^^^^^^^^^^^^^^^^^^^^^^^^^^^^^^^^^^
  File "/home/airflow/.local/lib/python3.12/site-packages/airflow/decorators/base.py", line 243, in __init__
    raise ValueError(message) from err
ValueError: 
The function signature broke while assigning defaults to context key parameters.

The decorator is replacing the signature
> load(params: 'dict', payload: 'dict')

with
> load(params: 'dict' = None, payload: 'dict')

which isn't valid: non-default argument follows default argument
[2025-11-22T23:44:03.480+0000] {processor.py:927} WARNING - No viable dags retrieved from /opt/airflow/dags/dag_stock_etl.py
[2025-11-22T23:44:03.538+0000] {processor.py:208} INFO - Processing /opt/airflow/dags/dag_stock_etl.py took 0.339 seconds
[2025-11-22T23:44:34.427+0000] {processor.py:186} INFO - Started process (PID=1912) to work on /opt/airflow/dags/dag_stock_etl.py
[2025-11-22T23:44:34.429+0000] {processor.py:914} INFO - Processing file /opt/airflow/dags/dag_stock_etl.py for tasks to queue
[2025-11-22T23:44:34.436+0000] {logging_mixin.py:190} INFO - [2025-11-22T23:44:34.435+0000] {dagbag.py:587} INFO - Filling up the DagBag from /opt/airflow/dags/dag_stock_etl.py
[2025-11-22T23:44:34.715+0000] {logging_mixin.py:190} INFO - [2025-11-22T23:44:34.710+0000] {dagbag.py:386} ERROR - Failed to import: /opt/airflow/dags/dag_stock_etl.py
Traceback (most recent call last):
  File "/home/airflow/.local/lib/python3.12/site-packages/airflow/decorators/base.py", line 228, in __init__
    signature = signature.replace(parameters=parameters)
                ^^^^^^^^^^^^^^^^^^^^^^^^^^^^^^^^^^^^^^^^
  File "/usr/local/lib/python3.12/inspect.py", line 3105, in replace
    return type(self)(parameters,
           ^^^^^^^^^^^^^^^^^^^^^^
  File "/usr/local/lib/python3.12/inspect.py", line 3061, in __init__
    raise ValueError(msg)
ValueError: non-default argument follows default argument

The above exception was the direct cause of the following exception:

Traceback (most recent call last):
  File "/home/airflow/.local/lib/python3.12/site-packages/airflow/models/dagbag.py", line 382, in parse
    loader.exec_module(new_module)
  File "<frozen importlib._bootstrap_external>", line 995, in exec_module
  File "<frozen importlib._bootstrap>", line 488, in _call_with_frames_removed
  File "/opt/airflow/dags/dag_stock_etl.py", line 146, in <module>
    l = load(p, d)
        ^^^^^^^^^^
  File "/home/airflow/.local/lib/python3.12/site-packages/airflow/decorators/base.py", line 373, in __call__
    op = self.operator_class(
         ^^^^^^^^^^^^^^^^^^^^
  File "/home/airflow/.local/lib/python3.12/site-packages/airflow/models/baseoperator.py", line 490, in apply_defaults
    result = func(self, **kwargs, default_args=default_args)
             ^^^^^^^^^^^^^^^^^^^^^^^^^^^^^^^^^^^^^^^^^^^^^^^
  File "/home/airflow/.local/lib/python3.12/site-packages/airflow/decorators/python.py", line 52, in __init__
    super().__init__(
  File "/home/airflow/.local/lib/python3.12/site-packages/airflow/models/baseoperator.py", line 490, in apply_defaults
    result = func(self, **kwargs, default_args=default_args)
             ^^^^^^^^^^^^^^^^^^^^^^^^^^^^^^^^^^^^^^^^^^^^^^^
  File "/home/airflow/.local/lib/python3.12/site-packages/airflow/decorators/base.py", line 243, in __init__
    raise ValueError(message) from err
ValueError: 
The function signature broke while assigning defaults to context key parameters.

The decorator is replacing the signature
> load(params: 'dict', payload: 'dict')

with
> load(params: 'dict' = None, payload: 'dict')

which isn't valid: non-default argument follows default argument
[2025-11-22T23:44:34.717+0000] {processor.py:927} WARNING - No viable dags retrieved from /opt/airflow/dags/dag_stock_etl.py
[2025-11-22T23:44:34.746+0000] {processor.py:208} INFO - Processing /opt/airflow/dags/dag_stock_etl.py took 0.332 seconds
[2025-11-22T23:45:04.988+0000] {processor.py:186} INFO - Started process (PID=1953) to work on /opt/airflow/dags/dag_stock_etl.py
[2025-11-22T23:45:04.990+0000] {processor.py:914} INFO - Processing file /opt/airflow/dags/dag_stock_etl.py for tasks to queue
[2025-11-22T23:45:04.998+0000] {logging_mixin.py:190} INFO - [2025-11-22T23:45:04.997+0000] {dagbag.py:587} INFO - Filling up the DagBag from /opt/airflow/dags/dag_stock_etl.py
[2025-11-22T23:45:05.337+0000] {logging_mixin.py:190} INFO - [2025-11-22T23:45:05.331+0000] {dagbag.py:386} ERROR - Failed to import: /opt/airflow/dags/dag_stock_etl.py
Traceback (most recent call last):
  File "/home/airflow/.local/lib/python3.12/site-packages/airflow/decorators/base.py", line 228, in __init__
    signature = signature.replace(parameters=parameters)
                ^^^^^^^^^^^^^^^^^^^^^^^^^^^^^^^^^^^^^^^^
  File "/usr/local/lib/python3.12/inspect.py", line 3105, in replace
    return type(self)(parameters,
           ^^^^^^^^^^^^^^^^^^^^^^
  File "/usr/local/lib/python3.12/inspect.py", line 3061, in __init__
    raise ValueError(msg)
ValueError: non-default argument follows default argument

The above exception was the direct cause of the following exception:

Traceback (most recent call last):
  File "/home/airflow/.local/lib/python3.12/site-packages/airflow/models/dagbag.py", line 382, in parse
    loader.exec_module(new_module)
  File "<frozen importlib._bootstrap_external>", line 995, in exec_module
  File "<frozen importlib._bootstrap>", line 488, in _call_with_frames_removed
  File "/opt/airflow/dags/dag_stock_etl.py", line 146, in <module>
    l = load(p, d)
        ^^^^^^^^^^
  File "/home/airflow/.local/lib/python3.12/site-packages/airflow/decorators/base.py", line 373, in __call__
    op = self.operator_class(
         ^^^^^^^^^^^^^^^^^^^^
  File "/home/airflow/.local/lib/python3.12/site-packages/airflow/models/baseoperator.py", line 490, in apply_defaults
    result = func(self, **kwargs, default_args=default_args)
             ^^^^^^^^^^^^^^^^^^^^^^^^^^^^^^^^^^^^^^^^^^^^^^^
  File "/home/airflow/.local/lib/python3.12/site-packages/airflow/decorators/python.py", line 52, in __init__
    super().__init__(
  File "/home/airflow/.local/lib/python3.12/site-packages/airflow/models/baseoperator.py", line 490, in apply_defaults
    result = func(self, **kwargs, default_args=default_args)
             ^^^^^^^^^^^^^^^^^^^^^^^^^^^^^^^^^^^^^^^^^^^^^^^
  File "/home/airflow/.local/lib/python3.12/site-packages/airflow/decorators/base.py", line 243, in __init__
    raise ValueError(message) from err
ValueError: 
The function signature broke while assigning defaults to context key parameters.

The decorator is replacing the signature
> load(params: 'dict', payload: 'dict')

with
> load(params: 'dict' = None, payload: 'dict')

which isn't valid: non-default argument follows default argument
[2025-11-22T23:45:05.339+0000] {processor.py:927} WARNING - No viable dags retrieved from /opt/airflow/dags/dag_stock_etl.py
[2025-11-22T23:45:05.368+0000] {processor.py:208} INFO - Processing /opt/airflow/dags/dag_stock_etl.py took 0.392 seconds
[2025-11-22T23:45:35.581+0000] {processor.py:186} INFO - Started process (PID=1993) to work on /opt/airflow/dags/dag_stock_etl.py
[2025-11-22T23:45:35.582+0000] {processor.py:914} INFO - Processing file /opt/airflow/dags/dag_stock_etl.py for tasks to queue
[2025-11-22T23:45:35.587+0000] {logging_mixin.py:190} INFO - [2025-11-22T23:45:35.586+0000] {dagbag.py:587} INFO - Filling up the DagBag from /opt/airflow/dags/dag_stock_etl.py
[2025-11-22T23:45:35.815+0000] {logging_mixin.py:190} INFO - [2025-11-22T23:45:35.808+0000] {dagbag.py:386} ERROR - Failed to import: /opt/airflow/dags/dag_stock_etl.py
Traceback (most recent call last):
  File "/home/airflow/.local/lib/python3.12/site-packages/airflow/decorators/base.py", line 228, in __init__
    signature = signature.replace(parameters=parameters)
                ^^^^^^^^^^^^^^^^^^^^^^^^^^^^^^^^^^^^^^^^
  File "/usr/local/lib/python3.12/inspect.py", line 3105, in replace
    return type(self)(parameters,
           ^^^^^^^^^^^^^^^^^^^^^^
  File "/usr/local/lib/python3.12/inspect.py", line 3061, in __init__
    raise ValueError(msg)
ValueError: non-default argument follows default argument

The above exception was the direct cause of the following exception:

Traceback (most recent call last):
  File "/home/airflow/.local/lib/python3.12/site-packages/airflow/models/dagbag.py", line 382, in parse
    loader.exec_module(new_module)
  File "<frozen importlib._bootstrap_external>", line 995, in exec_module
  File "<frozen importlib._bootstrap>", line 488, in _call_with_frames_removed
  File "/opt/airflow/dags/dag_stock_etl.py", line 146, in <module>
    l = load(p, d)
        ^^^^^^^^^^
  File "/home/airflow/.local/lib/python3.12/site-packages/airflow/decorators/base.py", line 373, in __call__
    op = self.operator_class(
         ^^^^^^^^^^^^^^^^^^^^
  File "/home/airflow/.local/lib/python3.12/site-packages/airflow/models/baseoperator.py", line 490, in apply_defaults
    result = func(self, **kwargs, default_args=default_args)
             ^^^^^^^^^^^^^^^^^^^^^^^^^^^^^^^^^^^^^^^^^^^^^^^
  File "/home/airflow/.local/lib/python3.12/site-packages/airflow/decorators/python.py", line 52, in __init__
    super().__init__(
  File "/home/airflow/.local/lib/python3.12/site-packages/airflow/models/baseoperator.py", line 490, in apply_defaults
    result = func(self, **kwargs, default_args=default_args)
             ^^^^^^^^^^^^^^^^^^^^^^^^^^^^^^^^^^^^^^^^^^^^^^^
  File "/home/airflow/.local/lib/python3.12/site-packages/airflow/decorators/base.py", line 243, in __init__
    raise ValueError(message) from err
ValueError: 
The function signature broke while assigning defaults to context key parameters.

The decorator is replacing the signature
> load(params: 'dict', payload: 'dict')

with
> load(params: 'dict' = None, payload: 'dict')

which isn't valid: non-default argument follows default argument
[2025-11-22T23:45:35.817+0000] {processor.py:927} WARNING - No viable dags retrieved from /opt/airflow/dags/dag_stock_etl.py
[2025-11-22T23:45:35.847+0000] {processor.py:208} INFO - Processing /opt/airflow/dags/dag_stock_etl.py took 0.277 seconds
[2025-11-22T23:46:06.859+0000] {processor.py:186} INFO - Started process (PID=2035) to work on /opt/airflow/dags/dag_stock_etl.py
[2025-11-22T23:46:06.861+0000] {processor.py:914} INFO - Processing file /opt/airflow/dags/dag_stock_etl.py for tasks to queue
[2025-11-22T23:46:06.866+0000] {logging_mixin.py:190} INFO - [2025-11-22T23:46:06.865+0000] {dagbag.py:587} INFO - Filling up the DagBag from /opt/airflow/dags/dag_stock_etl.py
[2025-11-22T23:46:07.086+0000] {logging_mixin.py:190} INFO - [2025-11-22T23:46:07.081+0000] {dagbag.py:386} ERROR - Failed to import: /opt/airflow/dags/dag_stock_etl.py
Traceback (most recent call last):
  File "/home/airflow/.local/lib/python3.12/site-packages/airflow/decorators/base.py", line 228, in __init__
    signature = signature.replace(parameters=parameters)
                ^^^^^^^^^^^^^^^^^^^^^^^^^^^^^^^^^^^^^^^^
  File "/usr/local/lib/python3.12/inspect.py", line 3105, in replace
    return type(self)(parameters,
           ^^^^^^^^^^^^^^^^^^^^^^
  File "/usr/local/lib/python3.12/inspect.py", line 3061, in __init__
    raise ValueError(msg)
ValueError: non-default argument follows default argument

The above exception was the direct cause of the following exception:

Traceback (most recent call last):
  File "/home/airflow/.local/lib/python3.12/site-packages/airflow/models/dagbag.py", line 382, in parse
    loader.exec_module(new_module)
  File "<frozen importlib._bootstrap_external>", line 995, in exec_module
  File "<frozen importlib._bootstrap>", line 488, in _call_with_frames_removed
  File "/opt/airflow/dags/dag_stock_etl.py", line 146, in <module>
    l = load(p, d)
        ^^^^^^^^^^
  File "/home/airflow/.local/lib/python3.12/site-packages/airflow/decorators/base.py", line 373, in __call__
    op = self.operator_class(
         ^^^^^^^^^^^^^^^^^^^^
  File "/home/airflow/.local/lib/python3.12/site-packages/airflow/models/baseoperator.py", line 490, in apply_defaults
    result = func(self, **kwargs, default_args=default_args)
             ^^^^^^^^^^^^^^^^^^^^^^^^^^^^^^^^^^^^^^^^^^^^^^^
  File "/home/airflow/.local/lib/python3.12/site-packages/airflow/decorators/python.py", line 52, in __init__
    super().__init__(
  File "/home/airflow/.local/lib/python3.12/site-packages/airflow/models/baseoperator.py", line 490, in apply_defaults
    result = func(self, **kwargs, default_args=default_args)
             ^^^^^^^^^^^^^^^^^^^^^^^^^^^^^^^^^^^^^^^^^^^^^^^
  File "/home/airflow/.local/lib/python3.12/site-packages/airflow/decorators/base.py", line 243, in __init__
    raise ValueError(message) from err
ValueError: 
The function signature broke while assigning defaults to context key parameters.

The decorator is replacing the signature
> load(params: 'dict', payload: 'dict')

with
> load(params: 'dict' = None, payload: 'dict')

which isn't valid: non-default argument follows default argument
[2025-11-22T23:46:07.088+0000] {processor.py:927} WARNING - No viable dags retrieved from /opt/airflow/dags/dag_stock_etl.py
[2025-11-22T23:46:07.118+0000] {processor.py:208} INFO - Processing /opt/airflow/dags/dag_stock_etl.py took 0.269 seconds
[2025-11-22T23:46:37.349+0000] {processor.py:186} INFO - Started process (PID=2077) to work on /opt/airflow/dags/dag_stock_etl.py
[2025-11-22T23:46:37.351+0000] {processor.py:914} INFO - Processing file /opt/airflow/dags/dag_stock_etl.py for tasks to queue
[2025-11-22T23:46:37.357+0000] {logging_mixin.py:190} INFO - [2025-11-22T23:46:37.357+0000] {dagbag.py:587} INFO - Filling up the DagBag from /opt/airflow/dags/dag_stock_etl.py
[2025-11-22T23:46:37.605+0000] {logging_mixin.py:190} INFO - [2025-11-22T23:46:37.599+0000] {dagbag.py:386} ERROR - Failed to import: /opt/airflow/dags/dag_stock_etl.py
Traceback (most recent call last):
  File "/home/airflow/.local/lib/python3.12/site-packages/airflow/decorators/base.py", line 228, in __init__
    signature = signature.replace(parameters=parameters)
                ^^^^^^^^^^^^^^^^^^^^^^^^^^^^^^^^^^^^^^^^
  File "/usr/local/lib/python3.12/inspect.py", line 3105, in replace
    return type(self)(parameters,
           ^^^^^^^^^^^^^^^^^^^^^^
  File "/usr/local/lib/python3.12/inspect.py", line 3061, in __init__
    raise ValueError(msg)
ValueError: non-default argument follows default argument

The above exception was the direct cause of the following exception:

Traceback (most recent call last):
  File "/home/airflow/.local/lib/python3.12/site-packages/airflow/models/dagbag.py", line 382, in parse
    loader.exec_module(new_module)
  File "<frozen importlib._bootstrap_external>", line 995, in exec_module
  File "<frozen importlib._bootstrap>", line 488, in _call_with_frames_removed
  File "/opt/airflow/dags/dag_stock_etl.py", line 146, in <module>
    l = load(p, d)
        ^^^^^^^^^^
  File "/home/airflow/.local/lib/python3.12/site-packages/airflow/decorators/base.py", line 373, in __call__
    op = self.operator_class(
         ^^^^^^^^^^^^^^^^^^^^
  File "/home/airflow/.local/lib/python3.12/site-packages/airflow/models/baseoperator.py", line 490, in apply_defaults
    result = func(self, **kwargs, default_args=default_args)
             ^^^^^^^^^^^^^^^^^^^^^^^^^^^^^^^^^^^^^^^^^^^^^^^
  File "/home/airflow/.local/lib/python3.12/site-packages/airflow/decorators/python.py", line 52, in __init__
    super().__init__(
  File "/home/airflow/.local/lib/python3.12/site-packages/airflow/models/baseoperator.py", line 490, in apply_defaults
    result = func(self, **kwargs, default_args=default_args)
             ^^^^^^^^^^^^^^^^^^^^^^^^^^^^^^^^^^^^^^^^^^^^^^^
  File "/home/airflow/.local/lib/python3.12/site-packages/airflow/decorators/base.py", line 243, in __init__
    raise ValueError(message) from err
ValueError: 
The function signature broke while assigning defaults to context key parameters.

The decorator is replacing the signature
> load(params: 'dict', payload: 'dict')

with
> load(params: 'dict' = None, payload: 'dict')

which isn't valid: non-default argument follows default argument
[2025-11-22T23:46:37.607+0000] {processor.py:927} WARNING - No viable dags retrieved from /opt/airflow/dags/dag_stock_etl.py
[2025-11-22T23:46:37.637+0000] {processor.py:208} INFO - Processing /opt/airflow/dags/dag_stock_etl.py took 0.300 seconds
[2025-11-22T23:47:08.581+0000] {processor.py:186} INFO - Started process (PID=2118) to work on /opt/airflow/dags/dag_stock_etl.py
[2025-11-22T23:47:08.582+0000] {processor.py:914} INFO - Processing file /opt/airflow/dags/dag_stock_etl.py for tasks to queue
[2025-11-22T23:47:08.587+0000] {logging_mixin.py:190} INFO - [2025-11-22T23:47:08.586+0000] {dagbag.py:587} INFO - Filling up the DagBag from /opt/airflow/dags/dag_stock_etl.py
[2025-11-22T23:47:08.815+0000] {logging_mixin.py:190} INFO - [2025-11-22T23:47:08.809+0000] {dagbag.py:386} ERROR - Failed to import: /opt/airflow/dags/dag_stock_etl.py
Traceback (most recent call last):
  File "/home/airflow/.local/lib/python3.12/site-packages/airflow/decorators/base.py", line 228, in __init__
    signature = signature.replace(parameters=parameters)
                ^^^^^^^^^^^^^^^^^^^^^^^^^^^^^^^^^^^^^^^^
  File "/usr/local/lib/python3.12/inspect.py", line 3105, in replace
    return type(self)(parameters,
           ^^^^^^^^^^^^^^^^^^^^^^
  File "/usr/local/lib/python3.12/inspect.py", line 3061, in __init__
    raise ValueError(msg)
ValueError: non-default argument follows default argument

The above exception was the direct cause of the following exception:

Traceback (most recent call last):
  File "/home/airflow/.local/lib/python3.12/site-packages/airflow/models/dagbag.py", line 382, in parse
    loader.exec_module(new_module)
  File "<frozen importlib._bootstrap_external>", line 995, in exec_module
  File "<frozen importlib._bootstrap>", line 488, in _call_with_frames_removed
  File "/opt/airflow/dags/dag_stock_etl.py", line 146, in <module>
    l = load(p, d)
        ^^^^^^^^^^
  File "/home/airflow/.local/lib/python3.12/site-packages/airflow/decorators/base.py", line 373, in __call__
    op = self.operator_class(
         ^^^^^^^^^^^^^^^^^^^^
  File "/home/airflow/.local/lib/python3.12/site-packages/airflow/models/baseoperator.py", line 490, in apply_defaults
    result = func(self, **kwargs, default_args=default_args)
             ^^^^^^^^^^^^^^^^^^^^^^^^^^^^^^^^^^^^^^^^^^^^^^^
  File "/home/airflow/.local/lib/python3.12/site-packages/airflow/decorators/python.py", line 52, in __init__
    super().__init__(
  File "/home/airflow/.local/lib/python3.12/site-packages/airflow/models/baseoperator.py", line 490, in apply_defaults
    result = func(self, **kwargs, default_args=default_args)
             ^^^^^^^^^^^^^^^^^^^^^^^^^^^^^^^^^^^^^^^^^^^^^^^
  File "/home/airflow/.local/lib/python3.12/site-packages/airflow/decorators/base.py", line 243, in __init__
    raise ValueError(message) from err
ValueError: 
The function signature broke while assigning defaults to context key parameters.

The decorator is replacing the signature
> load(params: 'dict', payload: 'dict')

with
> load(params: 'dict' = None, payload: 'dict')

which isn't valid: non-default argument follows default argument
[2025-11-22T23:47:08.818+0000] {processor.py:927} WARNING - No viable dags retrieved from /opt/airflow/dags/dag_stock_etl.py
[2025-11-22T23:47:08.851+0000] {processor.py:208} INFO - Processing /opt/airflow/dags/dag_stock_etl.py took 0.281 seconds
