[2025-11-25T02:42:09.823+0000] {local_task_job_runner.py:123} INFO - ::group::Pre task execution logs
[2025-11-25T02:42:09.872+0000] {taskinstance.py:2612} INFO - Dependencies all met for dep_context=non-requeueable deps ti=<TaskInstance: stock_elt_dbt.dbt_deps scheduled__2025-11-23T03:15:00+00:00 [queued]>
[2025-11-25T02:42:09.902+0000] {taskinstance.py:2612} INFO - Dependencies all met for dep_context=requeueable deps ti=<TaskInstance: stock_elt_dbt.dbt_deps scheduled__2025-11-23T03:15:00+00:00 [queued]>
[2025-11-25T02:42:09.903+0000] {taskinstance.py:2865} INFO - Starting attempt 1 of 1
[2025-11-25T02:42:09.937+0000] {taskinstance.py:2888} INFO - Executing <Task(BashOperator): dbt_deps> on 2025-11-23 03:15:00+00:00
[2025-11-25T02:42:09.957+0000] {standard_task_runner.py:104} INFO - Running: ['***', 'tasks', 'run', 'stock_elt_dbt', 'dbt_deps', 'scheduled__2025-11-23T03:15:00+00:00', '--job-id', '136', '--raw', '--subdir', 'DAGS_FOLDER/stock_elt_dbt.py', '--cfg-path', '/tmp/tmp3zx9sl2l']
[2025-11-25T02:42:09.963+0000] {standard_task_runner.py:105} INFO - Job 136: Subtask dbt_deps
[2025-11-25T02:42:10.000+0000] {logging_mixin.py:190} WARNING - /home/***/.local/lib/python3.12/site-packages/***/task/task_runner/standard_task_runner.py:70 DeprecationWarning: This process (pid=18035) is multi-threaded, use of fork() may lead to deadlocks in the child.
[2025-11-25T02:42:10.002+0000] {standard_task_runner.py:72} INFO - Started process 18036 to run task
[2025-11-25T02:42:10.107+0000] {task_command.py:467} INFO - Running <TaskInstance: stock_elt_dbt.dbt_deps scheduled__2025-11-23T03:15:00+00:00 [running]> on host 638b31fa7dcc
[2025-11-25T02:42:10.530+0000] {taskinstance.py:3131} INFO - Exporting env vars: AIRFLOW_CTX_DAG_OWNER='***' AIRFLOW_CTX_DAG_ID='stock_elt_dbt' AIRFLOW_CTX_TASK_ID='dbt_deps' AIRFLOW_CTX_EXECUTION_DATE='2025-11-23T03:15:00+00:00' AIRFLOW_CTX_TRY_NUMBER='1' AIRFLOW_CTX_DAG_RUN_ID='scheduled__2025-11-23T03:15:00+00:00'
[2025-11-25T02:42:10.533+0000] {taskinstance.py:731} INFO - ::endgroup::
[2025-11-25T02:42:10.600+0000] {subprocess.py:63} INFO - Tmp dir root location: /tmp
[2025-11-25T02:42:10.604+0000] {subprocess.py:75} INFO - Running command: ['/usr/bin/bash', '-c', 'cd /opt/***/dbt/stock_analytics\n    export DBT_PROFILES_DIR=/opt/***/dbt\n\n    if [ -x /home/***/.local/bin/dbt ]; then\n      DBT_BIN=/home/***/.local/bin/dbt\n    elif command -v dbt >/dev/null 2>&1; then\n      DBT_BIN="$(command -v dbt)"\n    else\n      DBT_BIN="python -m dbt.cli.main"\n    fi\n\n    $DBT_BIN deps --profiles-dir "$DBT_PROFILES_DIR"']
[2025-11-25T02:42:10.637+0000] {subprocess.py:86} INFO - Output:
[2025-11-25T02:42:15.201+0000] {subprocess.py:93} INFO - Traceback (most recent call last):
[2025-11-25T02:42:15.203+0000] {subprocess.py:93} INFO -   File "/home/***/.local/bin/dbt", line 8, in <module>
[2025-11-25T02:42:15.204+0000] {subprocess.py:93} INFO -     sys.exit(cli())
[2025-11-25T02:42:15.208+0000] {subprocess.py:93} INFO -              ^^^^^
[2025-11-25T02:42:15.209+0000] {subprocess.py:93} INFO -   File "/home/***/.local/lib/python3.12/site-packages/click/core.py", line 1157, in __call__
[2025-11-25T02:42:15.210+0000] {subprocess.py:93} INFO -     return self.main(*args, **kwargs)
[2025-11-25T02:42:15.211+0000] {subprocess.py:93} INFO -            ^^^^^^^^^^^^^^^^^^^^^^^^^^
[2025-11-25T02:42:15.213+0000] {subprocess.py:93} INFO -   File "/home/***/.local/lib/python3.12/site-packages/click/core.py", line 1078, in main
[2025-11-25T02:42:15.215+0000] {subprocess.py:93} INFO -     rv = self.invoke(ctx)
[2025-11-25T02:42:15.217+0000] {subprocess.py:93} INFO -          ^^^^^^^^^^^^^^^^
[2025-11-25T02:42:15.218+0000] {subprocess.py:93} INFO -   File "/home/***/.local/lib/python3.12/site-packages/click/core.py", line 1686, in invoke
[2025-11-25T02:42:15.219+0000] {subprocess.py:93} INFO -     sub_ctx = cmd.make_context(cmd_name, args, parent=ctx)
[2025-11-25T02:42:15.220+0000] {subprocess.py:93} INFO -               ^^^^^^^^^^^^^^^^^^^^^^^^^^^^^^^^^^^^^^^^^^^^
[2025-11-25T02:42:15.226+0000] {subprocess.py:93} INFO -   File "/home/***/.local/lib/python3.12/site-packages/click/core.py", line 943, in make_context
[2025-11-25T02:42:15.228+0000] {subprocess.py:93} INFO -     self.parse_args(ctx, args)
[2025-11-25T02:42:15.229+0000] {subprocess.py:93} INFO -   File "/home/***/.local/lib/python3.12/site-packages/click/core.py", line 1408, in parse_args
[2025-11-25T02:42:15.233+0000] {subprocess.py:93} INFO -     value, args = param.handle_parse_result(ctx, opts, args)
[2025-11-25T02:42:15.235+0000] {subprocess.py:93} INFO -                   ^^^^^^^^^^^^^^^^^^^^^^^^^^^^^^^^^^^^^^^^^^
[2025-11-25T02:42:15.238+0000] {subprocess.py:93} INFO -   File "/home/***/.local/lib/python3.12/site-packages/click/core.py", line 2396, in handle_parse_result
[2025-11-25T02:42:15.241+0000] {subprocess.py:93} INFO -     value, source = self.consume_value(ctx, opts)
[2025-11-25T02:42:15.244+0000] {subprocess.py:93} INFO -                     ^^^^^^^^^^^^^^^^^^^^^^^^^^^^^
[2025-11-25T02:42:15.245+0000] {subprocess.py:93} INFO -   File "/home/***/.local/lib/python3.12/site-packages/click/core.py", line 2934, in consume_value
[2025-11-25T02:42:15.249+0000] {subprocess.py:93} INFO -     value, source = super().consume_value(ctx, opts)
[2025-11-25T02:42:15.253+0000] {subprocess.py:93} INFO -                     ^^^^^^^^^^^^^^^^^^^^^^^^^^^^^^^^
[2025-11-25T02:42:15.257+0000] {subprocess.py:93} INFO -   File "/home/***/.local/lib/python3.12/site-packages/click/core.py", line 2290, in consume_value
[2025-11-25T02:42:15.259+0000] {subprocess.py:93} INFO -     value = self.get_default(ctx)
[2025-11-25T02:42:15.260+0000] {subprocess.py:93} INFO -             ^^^^^^^^^^^^^^^^^^^^^
[2025-11-25T02:42:15.265+0000] {subprocess.py:93} INFO -   File "/home/***/.local/lib/python3.12/site-packages/click/core.py", line 2868, in get_default
[2025-11-25T02:42:15.266+0000] {subprocess.py:93} INFO -     return super().get_default(ctx, call=call)
[2025-11-25T02:42:15.268+0000] {subprocess.py:93} INFO -            ^^^^^^^^^^^^^^^^^^^^^^^^^^^^^^^^^^^
[2025-11-25T02:42:15.269+0000] {subprocess.py:93} INFO -   File "/home/***/.local/lib/python3.12/site-packages/click/core.py", line 2268, in get_default
[2025-11-25T02:42:15.273+0000] {subprocess.py:93} INFO -     value = value()
[2025-11-25T02:42:15.274+0000] {subprocess.py:93} INFO -             ^^^^^^^
[2025-11-25T02:42:15.275+0000] {subprocess.py:93} INFO -   File "/home/***/.local/lib/python3.12/site-packages/dbt/cli/resolvers.py", line 9, in default_project_dir
[2025-11-25T02:42:15.276+0000] {subprocess.py:93} INFO -     return next((x for x in paths if (x / "dbt_project.yml").exists()), Path.cwd())
[2025-11-25T02:42:15.278+0000] {subprocess.py:93} INFO -            ^^^^^^^^^^^^^^^^^^^^^^^^^^^^^^^^^^^^^^^^^^^^^^^^^^^^^^^^^^^^^^^^^^^^^^^^
[2025-11-25T02:42:15.281+0000] {subprocess.py:93} INFO -   File "/home/***/.local/lib/python3.12/site-packages/dbt/cli/resolvers.py", line 9, in <genexpr>
[2025-11-25T02:42:15.282+0000] {subprocess.py:93} INFO -     return next((x for x in paths if (x / "dbt_project.yml").exists()), Path.cwd())
[2025-11-25T02:42:15.283+0000] {subprocess.py:93} INFO -                                      ^^^^^^^^^^^^^^^^^^^^^^^^^^^^^^^^
[2025-11-25T02:42:15.284+0000] {subprocess.py:93} INFO -   File "/usr/local/lib/python3.12/pathlib.py", line 860, in exists
[2025-11-25T02:42:15.285+0000] {subprocess.py:93} INFO -     self.stat(follow_symlinks=follow_symlinks)
[2025-11-25T02:42:15.289+0000] {subprocess.py:93} INFO -   File "/usr/local/lib/python3.12/pathlib.py", line 840, in stat
[2025-11-25T02:42:15.292+0000] {subprocess.py:93} INFO -     return os.stat(self, follow_symlinks=follow_symlinks)
[2025-11-25T02:42:15.293+0000] {subprocess.py:93} INFO -            ^^^^^^^^^^^^^^^^^^^^^^^^^^^^^^^^^^^^^^^^^^^^^^
[2025-11-25T02:42:15.298+0000] {subprocess.py:93} INFO - PermissionError: [Errno 1] Operation not permitted: '/opt/***/dbt/stock_analytics/dbt_project.yml'
[2025-11-25T02:42:15.894+0000] {subprocess.py:97} INFO - Command exited with return code 1
[2025-11-25T02:42:15.959+0000] {taskinstance.py:3310} ERROR - Task failed with exception
Traceback (most recent call last):
  File "/home/airflow/.local/lib/python3.12/site-packages/airflow/models/taskinstance.py", line 767, in _execute_task
    result = _execute_callable(context=context, **execute_callable_kwargs)
             ^^^^^^^^^^^^^^^^^^^^^^^^^^^^^^^^^^^^^^^^^^^^^^^^^^^^^^^^^^^^^
  File "/home/airflow/.local/lib/python3.12/site-packages/airflow/models/taskinstance.py", line 733, in _execute_callable
    return ExecutionCallableRunner(
           ^^^^^^^^^^^^^^^^^^^^^^^^
  File "/home/airflow/.local/lib/python3.12/site-packages/airflow/utils/operator_helpers.py", line 252, in run
    return self.func(*args, **kwargs)
           ^^^^^^^^^^^^^^^^^^^^^^^^^^
  File "/home/airflow/.local/lib/python3.12/site-packages/airflow/models/baseoperator.py", line 406, in wrapper
    return func(self, *args, **kwargs)
           ^^^^^^^^^^^^^^^^^^^^^^^^^^^
  File "/home/airflow/.local/lib/python3.12/site-packages/airflow/operators/bash.py", line 249, in execute
    raise AirflowException(
airflow.exceptions.AirflowException: Bash command failed. The command returned a non-zero exit code 1.
[2025-11-25T02:42:15.974+0000] {taskinstance.py:1225} INFO - Marking task as FAILED. dag_id=stock_elt_dbt, task_id=dbt_deps, run_id=scheduled__2025-11-23T03:15:00+00:00, execution_date=20251123T031500, start_date=20251125T024209, end_date=20251125T024215
[2025-11-25T02:42:16.009+0000] {taskinstance.py:340} INFO - ::group::Post task execution logs
[2025-11-25T02:42:16.010+0000] {standard_task_runner.py:124} ERROR - Failed to execute job 136 for task dbt_deps (Bash command failed. The command returned a non-zero exit code 1.; 18036)
Traceback (most recent call last):
  File "/home/airflow/.local/lib/python3.12/site-packages/airflow/task/task_runner/standard_task_runner.py", line 117, in _start_by_fork
    ret = args.func(args, dag=self.dag)
          ^^^^^^^^^^^^^^^^^^^^^^^^^^^^^
  File "/home/airflow/.local/lib/python3.12/site-packages/airflow/cli/cli_config.py", line 49, in command
    return func(*args, **kwargs)
           ^^^^^^^^^^^^^^^^^^^^^
  File "/home/airflow/.local/lib/python3.12/site-packages/airflow/utils/cli.py", line 115, in wrapper
    return f(*args, **kwargs)
           ^^^^^^^^^^^^^^^^^^
  File "/home/airflow/.local/lib/python3.12/site-packages/airflow/cli/commands/task_command.py", line 483, in task_run
    task_return_code = _run_task_by_selected_method(args, _dag, ti)
                       ^^^^^^^^^^^^^^^^^^^^^^^^^^^^^^^^^^^^^^^^^^^^
  File "/home/airflow/.local/lib/python3.12/site-packages/airflow/cli/commands/task_command.py", line 256, in _run_task_by_selected_method
    return _run_raw_task(args, ti)
           ^^^^^^^^^^^^^^^^^^^^^^^
  File "/home/airflow/.local/lib/python3.12/site-packages/airflow/cli/commands/task_command.py", line 341, in _run_raw_task
    return ti._run_raw_task(
           ^^^^^^^^^^^^^^^^^
  File "/home/airflow/.local/lib/python3.12/site-packages/airflow/utils/session.py", line 97, in wrapper
    return func(*args, session=session, **kwargs)
           ^^^^^^^^^^^^^^^^^^^^^^^^^^^^^^^^^^^^^^
  File "/home/airflow/.local/lib/python3.12/site-packages/airflow/models/taskinstance.py", line 3004, in _run_raw_task
    return _run_raw_task(
           ^^^^^^^^^^^^^^
  File "/home/airflow/.local/lib/python3.12/site-packages/airflow/models/taskinstance.py", line 273, in _run_raw_task
    TaskInstance._execute_task_with_callbacks(
  File "/home/airflow/.local/lib/python3.12/site-packages/airflow/models/taskinstance.py", line 3158, in _execute_task_with_callbacks
    result = self._execute_task(context, task_orig)
             ^^^^^^^^^^^^^^^^^^^^^^^^^^^^^^^^^^^^^^
  File "/home/airflow/.local/lib/python3.12/site-packages/airflow/models/taskinstance.py", line 3182, in _execute_task
    return _execute_task(self, context, task_orig)
           ^^^^^^^^^^^^^^^^^^^^^^^^^^^^^^^^^^^^^^^
  File "/home/airflow/.local/lib/python3.12/site-packages/airflow/models/taskinstance.py", line 767, in _execute_task
    result = _execute_callable(context=context, **execute_callable_kwargs)
             ^^^^^^^^^^^^^^^^^^^^^^^^^^^^^^^^^^^^^^^^^^^^^^^^^^^^^^^^^^^^^
  File "/home/airflow/.local/lib/python3.12/site-packages/airflow/models/taskinstance.py", line 733, in _execute_callable
    return ExecutionCallableRunner(
           ^^^^^^^^^^^^^^^^^^^^^^^^
  File "/home/airflow/.local/lib/python3.12/site-packages/airflow/utils/operator_helpers.py", line 252, in run
    return self.func(*args, **kwargs)
           ^^^^^^^^^^^^^^^^^^^^^^^^^^
  File "/home/airflow/.local/lib/python3.12/site-packages/airflow/models/baseoperator.py", line 406, in wrapper
    return func(self, *args, **kwargs)
           ^^^^^^^^^^^^^^^^^^^^^^^^^^^
  File "/home/airflow/.local/lib/python3.12/site-packages/airflow/operators/bash.py", line 249, in execute
    raise AirflowException(
airflow.exceptions.AirflowException: Bash command failed. The command returned a non-zero exit code 1.
[2025-11-25T02:42:16.064+0000] {local_task_job_runner.py:266} INFO - Task exited with return code 1
[2025-11-25T02:42:16.107+0000] {taskinstance.py:3900} INFO - 0 downstream tasks scheduled from follow-on schedule check
[2025-11-25T02:42:16.115+0000] {local_task_job_runner.py:245} INFO - ::endgroup::
