[2025-11-24T21:35:21.946+0000] {local_task_job_runner.py:123} INFO - ::group::Pre task execution logs
[2025-11-24T21:35:21.988+0000] {taskinstance.py:2612} INFO - Dependencies all met for dep_context=non-requeueable deps ti=<TaskInstance: stock_elt_dbt.dbt_run manual__2025-11-24T21:35:10.492645+00:00 [queued]>
[2025-11-24T21:35:22.024+0000] {taskinstance.py:2612} INFO - Dependencies all met for dep_context=requeueable deps ti=<TaskInstance: stock_elt_dbt.dbt_run manual__2025-11-24T21:35:10.492645+00:00 [queued]>
[2025-11-24T21:35:22.026+0000] {taskinstance.py:2865} INFO - Starting attempt 1 of 1
[2025-11-24T21:35:22.066+0000] {taskinstance.py:2888} INFO - Executing <Task(BashOperator): dbt_run> on 2025-11-24 21:35:10.492645+00:00
[2025-11-24T21:35:22.081+0000] {standard_task_runner.py:104} INFO - Running: ['***', 'tasks', 'run', 'stock_elt_dbt', 'dbt_run', 'manual__2025-11-24T21:35:10.492645+00:00', '--job-id', '119', '--raw', '--subdir', 'DAGS_FOLDER/stock_elt_dbt.py', '--cfg-path', '/tmp/tmp94d313xm']
[2025-11-24T21:35:22.086+0000] {standard_task_runner.py:105} INFO - Job 119: Subtask dbt_run
[2025-11-24T21:35:22.105+0000] {logging_mixin.py:190} WARNING - /home/***/.local/lib/python3.12/site-packages/***/task/task_runner/standard_task_runner.py:70 DeprecationWarning: This process (pid=4971) is multi-threaded, use of fork() may lead to deadlocks in the child.
[2025-11-24T21:35:22.107+0000] {standard_task_runner.py:72} INFO - Started process 4972 to run task
[2025-11-24T21:35:22.180+0000] {task_command.py:467} INFO - Running <TaskInstance: stock_elt_dbt.dbt_run manual__2025-11-24T21:35:10.492645+00:00 [running]> on host 638b31fa7dcc
[2025-11-24T21:35:22.407+0000] {taskinstance.py:3131} INFO - Exporting env vars: AIRFLOW_CTX_DAG_OWNER='***' AIRFLOW_CTX_DAG_ID='stock_elt_dbt' AIRFLOW_CTX_TASK_ID='dbt_run' AIRFLOW_CTX_EXECUTION_DATE='2025-11-24T21:35:10.492645+00:00' AIRFLOW_CTX_TRY_NUMBER='1' AIRFLOW_CTX_DAG_RUN_ID='manual__2025-11-24T21:35:10.492645+00:00'
[2025-11-24T21:35:22.412+0000] {taskinstance.py:731} INFO - ::endgroup::
[2025-11-24T21:35:22.459+0000] {subprocess.py:63} INFO - Tmp dir root location: /tmp
[2025-11-24T21:35:22.463+0000] {subprocess.py:75} INFO - Running command: ['/usr/bin/bash', '-c', 'cd /opt/***/dbt/stock_analytics && if [ -x /home/***/.local/bin/dbt ]; then DBT_BIN=/home/***/.local/bin/dbt; elif command -v dbt >/dev/null 2>&1; then DBT_BIN="$(command -v dbt)"; else DBT_BIN="python -m dbt.cli.main"; fi; $DBT_BIN run --target prod --profiles-dir "$DBT_PROFILES_DIR"']
[2025-11-24T21:35:22.484+0000] {subprocess.py:86} INFO - Output:
[2025-11-24T21:35:26.949+0000] {subprocess.py:93} INFO - [0m21:35:26  Running with dbt=1.8.8
[2025-11-24T21:35:29.414+0000] {subprocess.py:93} INFO - [0m21:35:29  Registered adapter: snowflake=1.8.4
[2025-11-24T21:35:29.839+0000] {subprocess.py:93} INFO - [0m21:35:29  Unable to do partial parsing because profile has changed
[2025-11-24T21:35:34.066+0000] {subprocess.py:93} INFO - [0m21:35:34  [[33mWARNING[0m]: Deprecated functionality
[2025-11-24T21:35:34.068+0000] {subprocess.py:93} INFO - The `tests` config has been renamed to `data_tests`. Please see
[2025-11-24T21:35:34.069+0000] {subprocess.py:93} INFO - https://docs.getdbt.com/docs/build/data-tests#new-data_tests-syntax for more
[2025-11-24T21:35:34.070+0000] {subprocess.py:93} INFO - information.
[2025-11-24T21:35:35.043+0000] {subprocess.py:93} INFO - [0m21:35:35  Found 4 models, 1 snapshot, 8 data tests, 1 source, 455 macros
[2025-11-24T21:35:35.052+0000] {subprocess.py:93} INFO - [0m21:35:35
[2025-11-24T21:35:37.064+0000] {subprocess.py:93} INFO - [0m21:35:37  Concurrency: 4 threads (target='prod')
[2025-11-24T21:35:37.065+0000] {subprocess.py:93} INFO - [0m21:35:37
[2025-11-24T21:35:37.091+0000] {subprocess.py:93} INFO - [0m21:35:37  1 of 4 START sql table model analytics_ANALYTICS.dim_calendar .................. [RUN]
[2025-11-24T21:35:37.095+0000] {subprocess.py:93} INFO - [0m21:35:37  2 of 4 START sql view model analytics_ANALYTICS.stg_market_data ................ [RUN]
[2025-11-24T21:35:38.014+0000] {subprocess.py:93} INFO - [0m21:35:38  2 of 4 ERROR creating sql view model analytics_ANALYTICS.stg_market_data ....... [[31mERROR[0m in 0.91s]
[2025-11-24T21:35:38.023+0000] {subprocess.py:93} INFO - [0m21:35:38  3 of 4 SKIP relation analytics_ANALYTICS.fact_prices ........................... [[33mSKIP[0m]
[2025-11-24T21:35:38.025+0000] {subprocess.py:93} INFO - [0m21:35:38  4 of 4 SKIP relation analytics_ANALYTICS.indicators_ma_rsi ..................... [[33mSKIP[0m]
[2025-11-24T21:35:39.571+0000] {subprocess.py:93} INFO - [0m21:35:39  1 of 4 OK created sql table model analytics_ANALYTICS.dim_calendar ............. [[32mSUCCESS 1[0m in 2.47s]
[2025-11-24T21:35:39.586+0000] {subprocess.py:93} INFO - [0m21:35:39
[2025-11-24T21:35:39.590+0000] {subprocess.py:93} INFO - [0m21:35:39  Finished running 1 view model, 3 table models in 0 hours 0 minutes and 4.53 seconds (4.53s).
[2025-11-24T21:35:39.718+0000] {subprocess.py:93} INFO - [0m21:35:39
[2025-11-24T21:35:39.720+0000] {subprocess.py:93} INFO - [0m21:35:39  [31mCompleted with 1 error and 0 warnings:[0m
[2025-11-24T21:35:39.721+0000] {subprocess.py:93} INFO - [0m21:35:39
[2025-11-24T21:35:39.722+0000] {subprocess.py:93} INFO - [0m21:35:39    Database Error in model stg_market_data (models/staging/stg_market_data.sql)
[2025-11-24T21:35:39.723+0000] {subprocess.py:93} INFO -   001003 (42000): SQL compilation error:
[2025-11-24T21:35:39.724+0000] {subprocess.py:93} INFO -   syntax error line 20 at position 17 unexpected ';'.
[2025-11-24T21:35:39.725+0000] {subprocess.py:93} INFO -   compiled code at target/run/stock_analytics/models/staging/stg_market_data.sql
[2025-11-24T21:35:39.726+0000] {subprocess.py:93} INFO - [0m21:35:39
[2025-11-24T21:35:39.726+0000] {subprocess.py:93} INFO - [0m21:35:39  Done. PASS=1 WARN=0 ERROR=1 SKIP=2 TOTAL=4
[2025-11-24T21:35:40.781+0000] {subprocess.py:97} INFO - Command exited with return code 1
[2025-11-24T21:35:40.808+0000] {taskinstance.py:3310} ERROR - Task failed with exception
Traceback (most recent call last):
  File "/home/airflow/.local/lib/python3.12/site-packages/airflow/models/taskinstance.py", line 767, in _execute_task
    result = _execute_callable(context=context, **execute_callable_kwargs)
             ^^^^^^^^^^^^^^^^^^^^^^^^^^^^^^^^^^^^^^^^^^^^^^^^^^^^^^^^^^^^^
  File "/home/airflow/.local/lib/python3.12/site-packages/airflow/models/taskinstance.py", line 733, in _execute_callable
    return ExecutionCallableRunner(
           ^^^^^^^^^^^^^^^^^^^^^^^^
  File "/home/airflow/.local/lib/python3.12/site-packages/airflow/utils/operator_helpers.py", line 252, in run
    return self.func(*args, **kwargs)
           ^^^^^^^^^^^^^^^^^^^^^^^^^^
  File "/home/airflow/.local/lib/python3.12/site-packages/airflow/models/baseoperator.py", line 406, in wrapper
    return func(self, *args, **kwargs)
           ^^^^^^^^^^^^^^^^^^^^^^^^^^^
  File "/home/airflow/.local/lib/python3.12/site-packages/airflow/operators/bash.py", line 249, in execute
    raise AirflowException(
airflow.exceptions.AirflowException: Bash command failed. The command returned a non-zero exit code 1.
[2025-11-24T21:35:40.816+0000] {taskinstance.py:1225} INFO - Marking task as FAILED. dag_id=stock_elt_dbt, task_id=dbt_run, run_id=manual__2025-11-24T21:35:10.492645+00:00, execution_date=20251124T213510, start_date=20251124T213521, end_date=20251124T213540
[2025-11-24T21:35:40.843+0000] {taskinstance.py:340} INFO - ::group::Post task execution logs
[2025-11-24T21:35:40.845+0000] {standard_task_runner.py:124} ERROR - Failed to execute job 119 for task dbt_run (Bash command failed. The command returned a non-zero exit code 1.; 4972)
Traceback (most recent call last):
  File "/home/airflow/.local/lib/python3.12/site-packages/airflow/task/task_runner/standard_task_runner.py", line 117, in _start_by_fork
    ret = args.func(args, dag=self.dag)
          ^^^^^^^^^^^^^^^^^^^^^^^^^^^^^
  File "/home/airflow/.local/lib/python3.12/site-packages/airflow/cli/cli_config.py", line 49, in command
    return func(*args, **kwargs)
           ^^^^^^^^^^^^^^^^^^^^^
  File "/home/airflow/.local/lib/python3.12/site-packages/airflow/utils/cli.py", line 115, in wrapper
    return f(*args, **kwargs)
           ^^^^^^^^^^^^^^^^^^
  File "/home/airflow/.local/lib/python3.12/site-packages/airflow/cli/commands/task_command.py", line 483, in task_run
    task_return_code = _run_task_by_selected_method(args, _dag, ti)
                       ^^^^^^^^^^^^^^^^^^^^^^^^^^^^^^^^^^^^^^^^^^^^
  File "/home/airflow/.local/lib/python3.12/site-packages/airflow/cli/commands/task_command.py", line 256, in _run_task_by_selected_method
    return _run_raw_task(args, ti)
           ^^^^^^^^^^^^^^^^^^^^^^^
  File "/home/airflow/.local/lib/python3.12/site-packages/airflow/cli/commands/task_command.py", line 341, in _run_raw_task
    return ti._run_raw_task(
           ^^^^^^^^^^^^^^^^^
  File "/home/airflow/.local/lib/python3.12/site-packages/airflow/utils/session.py", line 97, in wrapper
    return func(*args, session=session, **kwargs)
           ^^^^^^^^^^^^^^^^^^^^^^^^^^^^^^^^^^^^^^
  File "/home/airflow/.local/lib/python3.12/site-packages/airflow/models/taskinstance.py", line 3004, in _run_raw_task
    return _run_raw_task(
           ^^^^^^^^^^^^^^
  File "/home/airflow/.local/lib/python3.12/site-packages/airflow/models/taskinstance.py", line 273, in _run_raw_task
    TaskInstance._execute_task_with_callbacks(
  File "/home/airflow/.local/lib/python3.12/site-packages/airflow/models/taskinstance.py", line 3158, in _execute_task_with_callbacks
    result = self._execute_task(context, task_orig)
             ^^^^^^^^^^^^^^^^^^^^^^^^^^^^^^^^^^^^^^
  File "/home/airflow/.local/lib/python3.12/site-packages/airflow/models/taskinstance.py", line 3182, in _execute_task
    return _execute_task(self, context, task_orig)
           ^^^^^^^^^^^^^^^^^^^^^^^^^^^^^^^^^^^^^^^
  File "/home/airflow/.local/lib/python3.12/site-packages/airflow/models/taskinstance.py", line 767, in _execute_task
    result = _execute_callable(context=context, **execute_callable_kwargs)
             ^^^^^^^^^^^^^^^^^^^^^^^^^^^^^^^^^^^^^^^^^^^^^^^^^^^^^^^^^^^^^
  File "/home/airflow/.local/lib/python3.12/site-packages/airflow/models/taskinstance.py", line 733, in _execute_callable
    return ExecutionCallableRunner(
           ^^^^^^^^^^^^^^^^^^^^^^^^
  File "/home/airflow/.local/lib/python3.12/site-packages/airflow/utils/operator_helpers.py", line 252, in run
    return self.func(*args, **kwargs)
           ^^^^^^^^^^^^^^^^^^^^^^^^^^
  File "/home/airflow/.local/lib/python3.12/site-packages/airflow/models/baseoperator.py", line 406, in wrapper
    return func(self, *args, **kwargs)
           ^^^^^^^^^^^^^^^^^^^^^^^^^^^
  File "/home/airflow/.local/lib/python3.12/site-packages/airflow/operators/bash.py", line 249, in execute
    raise AirflowException(
airflow.exceptions.AirflowException: Bash command failed. The command returned a non-zero exit code 1.
[2025-11-24T21:35:40.873+0000] {local_task_job_runner.py:266} INFO - Task exited with return code 1
[2025-11-24T21:35:40.923+0000] {taskinstance.py:3900} INFO - 0 downstream tasks scheduled from follow-on schedule check
[2025-11-24T21:35:40.930+0000] {local_task_job_runner.py:245} INFO - ::endgroup::
